{"/Users/yanivhadar/Desktop/White Noise Alarm/AlarmWhiteNoiseApp/src/components/ui/Button.tsx": {"path":"/Users/yanivhadar/Desktop/White Noise Alarm/AlarmWhiteNoiseApp/src/components/ui/Button.tsx","statementMap":{"0":{"start":{"line":9,"column":0},"end":{"line":9,"column":null}},"1":{"start":{"line":19,"column":0},"end":{"line":19,"column":46}},"2":{"start":{"line":38,"column":45},"end":{"line":231,"column":1}},"3":{"start":{"line":53,"column":21},"end":{"line":53,"column":40}},"4":{"start":{"line":55,"column":25},"end":{"line":99,"column":3}},"5":{"start":{"line":56,"column":33},"end":{"line":59,"column":6}},"6":{"start":{"line":61,"column":4},"end":{"line":63,"column":5}},"7":{"start":{"line":62,"column":6},"end":{"line":62,"column":31}},"8":{"start":{"line":65,"column":4},"end":{"line":98,"column":5}},"9":{"start":{"line":67,"column":8},"end":{"line":71,"column":10}},"10":{"start":{"line":73,"column":8},"end":{"line":77,"column":10}},"11":{"start":{"line":79,"column":8},"end":{"line":83,"column":10}},"12":{"start":{"line":85,"column":8},"end":{"line":89,"column":10}},"13":{"start":{"line":91,"column":8},"end":{"line":95,"column":10}},"14":{"start":{"line":97,"column":8},"end":{"line":97,"column":25}},"15":{"start":{"line":101,"column":23},"end":{"line":141,"column":3}},"16":{"start":{"line":102,"column":37},"end":{"line":105,"column":6}},"17":{"start":{"line":107,"column":4},"end":{"line":140,"column":5}},"18":{"start":{"line":109,"column":8},"end":{"line":113,"column":10}},"19":{"start":{"line":115,"column":8},"end":{"line":119,"column":10}},"20":{"start":{"line":121,"column":8},"end":{"line":125,"column":10}},"21":{"start":{"line":127,"column":8},"end":{"line":131,"column":10}},"22":{"start":{"line":133,"column":8},"end":{"line":137,"column":10}},"23":{"start":{"line":139,"column":8},"end":{"line":139,"column":29}},"24":{"start":{"line":143,"column":22},"end":{"line":154,"column":3}},"25":{"start":{"line":144,"column":4},"end":{"line":153,"column":5}},"26":{"start":{"line":146,"column":8},"end":{"line":146,"column":18}},"27":{"start":{"line":148,"column":8},"end":{"line":148,"column":18}},"28":{"start":{"line":150,"column":8},"end":{"line":150,"column":18}},"29":{"start":{"line":152,"column":8},"end":{"line":152,"column":18}},"30":{"start":{"line":156,"column":23},"end":{"line":173,"column":3}},"31":{"start":{"line":157,"column":4},"end":{"line":159,"column":5}},"32":{"start":{"line":158,"column":6},"end":{"line":158,"column":82}},"33":{"start":{"line":161,"column":4},"end":{"line":172,"column":5}},"34":{"start":{"line":164,"column":8},"end":{"line":164,"column":25}},"35":{"start":{"line":166,"column":8},"end":{"line":166,"column":25}},"36":{"start":{"line":169,"column":8},"end":{"line":169,"column":25}},"37":{"start":{"line":171,"column":8},"end":{"line":171,"column":25}},"38":{"start":{"line":175,"column":22},"end":{"line":178,"column":3}},"39":{"start":{"line":176,"column":4},"end":{"line":176,"column":39}},"40":{"start":{"line":176,"column":32},"end":{"line":176,"column":39}},"41":{"start":{"line":177,"column":4},"end":{"line":177,"column":19}},"42":{"start":{"line":180,"column":2},"end":{"line":230,"column":4}},"43":{"start":{"line":38,"column":13},"end":{"line":38,"column":45}},"44":{"start":{"line":233,"column":15},"end":{"line":376,"column":2}},"45":{"start":{"line":378,"column":0},"end":{"line":378,"column":22}}},"fnMap":{"0":{"name":"(anonymous_0)","decl":{"start":{"line":38,"column":45},"end":{"line":38,"column":46}},"loc":{"start":{"line":52,"column":5},"end":{"line":231,"column":1}}},"1":{"name":"(anonymous_1)","decl":{"start":{"line":55,"column":25},"end":{"line":55,"column":39}},"loc":{"start":{"line":55,"column":41},"end":{"line":99,"column":3}}},"2":{"name":"(anonymous_2)","decl":{"start":{"line":101,"column":23},"end":{"line":101,"column":37}},"loc":{"start":{"line":101,"column":39},"end":{"line":141,"column":3}}},"3":{"name":"(anonymous_3)","decl":{"start":{"line":143,"column":22},"end":{"line":143,"column":33}},"loc":{"start":{"line":143,"column":35},"end":{"line":154,"column":3}}},"4":{"name":"(anonymous_4)","decl":{"start":{"line":156,"column":23},"end":{"line":156,"column":34}},"loc":{"start":{"line":156,"column":36},"end":{"line":173,"column":3}}},"5":{"name":"(anonymous_5)","decl":{"start":{"line":175,"column":22},"end":{"line":175,"column":23}},"loc":{"start":{"line":175,"column":37},"end":{"line":178,"column":3}}}},"branchMap":{"0":{"loc":{"start":{"line":40,"column":2},"end":{"line":40,"column":21}},"type":"default-arg","locations":[{"start":{"line":40,"column":12},"end":{"line":40,"column":21}}]},"1":{"loc":{"start":{"line":41,"column":2},"end":{"line":41,"column":17}},"type":"default-arg","locations":[{"start":{"line":41,"column":9},"end":{"line":41,"column":17}}]},"2":{"loc":{"start":{"line":42,"column":2},"end":{"line":42,"column":17}},"type":"default-arg","locations":[{"start":{"line":42,"column":12},"end":{"line":42,"column":17}}]},"3":{"loc":{"start":{"line":43,"column":2},"end":{"line":43,"column":18}},"type":"default-arg","locations":[{"start":{"line":43,"column":13},"end":{"line":43,"column":18}}]},"4":{"loc":{"start":{"line":46,"column":2},"end":{"line":46,"column":19}},"type":"default-arg","locations":[{"start":{"line":46,"column":14},"end":{"line":46,"column":19}}]},"5":{"loc":{"start":{"line":53,"column":21},"end":{"line":53,"column":40}},"type":"binary-expr","locations":[{"start":{"line":53,"column":21},"end":{"line":53,"column":29}},{"start":{"line":53,"column":33},"end":{"line":53,"column":40}}]},"6":{"loc":{"start":{"line":61,"column":4},"end":{"line":63,"column":5}},"type":"if","locations":[{"start":{"line":61,"column":4},"end":{"line":63,"column":5}},{"start":{},"end":{}}]},"7":{"loc":{"start":{"line":65,"column":4},"end":{"line":98,"column":5}},"type":"switch","locations":[{"start":{"line":66,"column":6},"end":{"line":71,"column":10}},{"start":{"line":72,"column":6},"end":{"line":77,"column":10}},{"start":{"line":78,"column":6},"end":{"line":83,"column":10}},{"start":{"line":84,"column":6},"end":{"line":89,"column":10}},{"start":{"line":90,"column":6},"end":{"line":95,"column":10}},{"start":{"line":96,"column":6},"end":{"line":97,"column":25}}]},"8":{"loc":{"start":{"line":70,"column":14},"end":{"line":70,"column":50}},"type":"binary-expr","locations":[{"start":{"line":70,"column":14},"end":{"line":70,"column":24}},{"start":{"line":70,"column":28},"end":{"line":70,"column":50}}]},"9":{"loc":{"start":{"line":76,"column":14},"end":{"line":76,"column":52}},"type":"binary-expr","locations":[{"start":{"line":76,"column":14},"end":{"line":76,"column":24}},{"start":{"line":76,"column":28},"end":{"line":76,"column":52}}]},"10":{"loc":{"start":{"line":82,"column":14},"end":{"line":82,"column":50}},"type":"binary-expr","locations":[{"start":{"line":82,"column":14},"end":{"line":82,"column":24}},{"start":{"line":82,"column":28},"end":{"line":82,"column":50}}]},"11":{"loc":{"start":{"line":88,"column":14},"end":{"line":88,"column":48}},"type":"binary-expr","locations":[{"start":{"line":88,"column":14},"end":{"line":88,"column":24}},{"start":{"line":88,"column":28},"end":{"line":88,"column":48}}]},"12":{"loc":{"start":{"line":94,"column":14},"end":{"line":94,"column":49}},"type":"binary-expr","locations":[{"start":{"line":94,"column":14},"end":{"line":94,"column":24}},{"start":{"line":94,"column":28},"end":{"line":94,"column":49}}]},"13":{"loc":{"start":{"line":107,"column":4},"end":{"line":140,"column":5}},"type":"switch","locations":[{"start":{"line":108,"column":6},"end":{"line":113,"column":10}},{"start":{"line":114,"column":6},"end":{"line":119,"column":10}},{"start":{"line":120,"column":6},"end":{"line":125,"column":10}},{"start":{"line":126,"column":6},"end":{"line":131,"column":10}},{"start":{"line":132,"column":6},"end":{"line":137,"column":10}},{"start":{"line":138,"column":6},"end":{"line":139,"column":29}}]},"14":{"loc":{"start":{"line":112,"column":14},"end":{"line":112,"column":54}},"type":"binary-expr","locations":[{"start":{"line":112,"column":14},"end":{"line":112,"column":24}},{"start":{"line":112,"column":28},"end":{"line":112,"column":54}}]},"15":{"loc":{"start":{"line":118,"column":14},"end":{"line":118,"column":56}},"type":"binary-expr","locations":[{"start":{"line":118,"column":14},"end":{"line":118,"column":24}},{"start":{"line":118,"column":28},"end":{"line":118,"column":56}}]},"16":{"loc":{"start":{"line":124,"column":14},"end":{"line":124,"column":54}},"type":"binary-expr","locations":[{"start":{"line":124,"column":14},"end":{"line":124,"column":24}},{"start":{"line":124,"column":28},"end":{"line":124,"column":54}}]},"17":{"loc":{"start":{"line":130,"column":14},"end":{"line":130,"column":52}},"type":"binary-expr","locations":[{"start":{"line":130,"column":14},"end":{"line":130,"column":24}},{"start":{"line":130,"column":28},"end":{"line":130,"column":52}}]},"18":{"loc":{"start":{"line":136,"column":14},"end":{"line":136,"column":53}},"type":"binary-expr","locations":[{"start":{"line":136,"column":14},"end":{"line":136,"column":24}},{"start":{"line":136,"column":28},"end":{"line":136,"column":53}}]},"19":{"loc":{"start":{"line":144,"column":4},"end":{"line":153,"column":5}},"type":"switch","locations":[{"start":{"line":145,"column":6},"end":{"line":146,"column":18}},{"start":{"line":147,"column":6},"end":{"line":148,"column":18}},{"start":{"line":149,"column":6},"end":{"line":150,"column":18}},{"start":{"line":151,"column":6},"end":{"line":152,"column":18}}]},"20":{"loc":{"start":{"line":157,"column":4},"end":{"line":159,"column":5}},"type":"if","locations":[{"start":{"line":157,"column":4},"end":{"line":159,"column":5}},{"start":{},"end":{}}]},"21":{"loc":{"start":{"line":158,"column":13},"end":{"line":158,"column":81}},"type":"cond-expr","locations":[{"start":{"line":158,"column":60},"end":{"line":158,"column":69}},{"start":{"line":158,"column":72},"end":{"line":158,"column":81}}]},"22":{"loc":{"start":{"line":158,"column":13},"end":{"line":158,"column":57}},"type":"binary-expr","locations":[{"start":{"line":158,"column":13},"end":{"line":158,"column":34}},{"start":{"line":158,"column":38},"end":{"line":158,"column":57}}]},"23":{"loc":{"start":{"line":161,"column":4},"end":{"line":172,"column":5}},"type":"switch","locations":[{"start":{"line":162,"column":6},"end":{"line":162,"column":21}},{"start":{"line":163,"column":6},"end":{"line":164,"column":25}},{"start":{"line":165,"column":6},"end":{"line":166,"column":25}},{"start":{"line":167,"column":6},"end":{"line":167,"column":21}},{"start":{"line":168,"column":6},"end":{"line":169,"column":25}},{"start":{"line":170,"column":6},"end":{"line":171,"column":25}}]},"24":{"loc":{"start":{"line":176,"column":4},"end":{"line":176,"column":39}},"type":"if","locations":[{"start":{"line":176,"column":4},"end":{"line":176,"column":39}},{"start":{},"end":{}}]},"25":{"loc":{"start":{"line":176,"column":8},"end":{"line":176,"column":30}},"type":"binary-expr","locations":[{"start":{"line":176,"column":8},"end":{"line":176,"column":18}},{"start":{"line":176,"column":22},"end":{"line":176,"column":30}}]},"26":{"loc":{"start":{"line":186,"column":21},"end":{"line":186,"column":41}},"type":"cond-expr","locations":[{"start":{"line":186,"column":34},"end":{"line":186,"column":35}},{"start":{"line":186,"column":38},"end":{"line":186,"column":41}}]},"27":{"loc":{"start":{"line":196,"column":9},"end":{"line":201,"column":null}},"type":"binary-expr","locations":[{"start":{"line":196,"column":9},"end":{"line":196,"column":16}},{"start":{"line":197,"column":10},"end":{"line":200,"column":null}}]},"28":{"loc":{"start":{"line":205,"column":9},"end":{"line":211,"column":null}},"type":"binary-expr","locations":[{"start":{"line":205,"column":9},"end":{"line":205,"column":17}},{"start":{"line":205,"column":21},"end":{"line":205,"column":29}},{"start":{"line":206,"column":10},"end":{"line":210,"column":null}}]},"29":{"loc":{"start":{"line":216,"column":11},"end":{"line":216,"column":55}},"type":"cond-expr","locations":[{"start":{"line":216,"column":36},"end":{"line":216,"column":47}},{"start":{"line":216,"column":50},"end":{"line":216,"column":55}}]},"30":{"loc":{"start":{"line":216,"column":11},"end":{"line":216,"column":33}},"type":"binary-expr","locations":[{"start":{"line":216,"column":11},"end":{"line":216,"column":18}},{"start":{"line":216,"column":22},"end":{"line":216,"column":33}}]},"31":{"loc":{"start":{"line":220,"column":9},"end":{"line":226,"column":null}},"type":"binary-expr","locations":[{"start":{"line":220,"column":9},"end":{"line":220,"column":17}},{"start":{"line":220,"column":21},"end":{"line":220,"column":30}},{"start":{"line":221,"column":10},"end":{"line":225,"column":null}}]}},"s":{"0":0,"1":0,"2":0,"3":0,"4":0,"5":0,"6":0,"7":0,"8":0,"9":0,"10":0,"11":0,"12":0,"13":0,"14":0,"15":0,"16":0,"17":0,"18":0,"19":0,"20":0,"21":0,"22":0,"23":0,"24":0,"25":0,"26":0,"27":0,"28":0,"29":0,"30":0,"31":0,"32":0,"33":0,"34":0,"35":0,"36":0,"37":0,"38":0,"39":0,"40":0,"41":0,"42":0,"43":0,"44":0,"45":0},"f":{"0":0,"1":0,"2":0,"3":0,"4":0,"5":0},"b":{"0":[0],"1":[0],"2":[0],"3":[0],"4":[0],"5":[0,0],"6":[0,0],"7":[0,0,0,0,0,0],"8":[0,0],"9":[0,0],"10":[0,0],"11":[0,0],"12":[0,0],"13":[0,0,0,0,0,0],"14":[0,0],"15":[0,0],"16":[0,0],"17":[0,0],"18":[0,0],"19":[0,0,0,0],"20":[0,0],"21":[0,0],"22":[0,0],"23":[0,0,0,0,0,0],"24":[0,0],"25":[0,0],"26":[0,0],"27":[0,0],"28":[0,0,0],"29":[0,0],"30":[0,0],"31":[0,0,0]}}
,"/Users/yanivhadar/Desktop/White Noise Alarm/AlarmWhiteNoiseApp/src/lib/database/test-operations.ts": {"path":"/Users/yanivhadar/Desktop/White Noise Alarm/AlarmWhiteNoiseApp/src/lib/database/test-operations.ts","statementMap":{"0":{"start":{"line":64,"column":0},"end":{"line":64,"column":7}},"1":{"start":{"line":157,"column":0},"end":{"line":157,"column":7}},"2":{"start":{"line":286,"column":0},"end":{"line":286,"column":7}},"3":{"start":{"line":464,"column":0},"end":{"line":464,"column":7}},"4":{"start":{"line":560,"column":0},"end":{"line":560,"column":7}},"5":{"start":{"line":667,"column":0},"end":{"line":667,"column":7}},"6":{"start":{"line":738,"column":0},"end":{"line":738,"column":7}},"7":{"start":{"line":8,"column":0},"end":{"line":8,"column":null}},"8":{"start":{"line":15,"column":0},"end":{"line":15,"column":46}},"9":{"start":{"line":43,"column":30},"end":{"line":43,"column":31}},"10":{"start":{"line":46,"column":4},"end":{"line":46,"column":39}},"11":{"start":{"line":50,"column":4},"end":{"line":50,"column":46}},"12":{"start":{"line":54,"column":18},"end":{"line":54,"column":35}},"13":{"start":{"line":55,"column":19},"end":{"line":55,"column":36}},"14":{"start":{"line":56,"column":21},"end":{"line":56,"column":46}},"15":{"start":{"line":57,"column":4},"end":{"line":57,"column":32}},"16":{"start":{"line":65,"column":30},"end":{"line":65,"column":32}},"17":{"start":{"line":66,"column":21},"end":{"line":66,"column":38}},"18":{"start":{"line":69,"column":2},"end":{"line":90,"column":3}},"19":{"start":{"line":70,"column":22},"end":{"line":70,"column":48}},"20":{"start":{"line":71,"column":4},"end":{"line":71,"column":22}},"21":{"start":{"line":73,"column":19},"end":{"line":73,"column":60}},"22":{"start":{"line":74,"column":21},"end":{"line":74,"column":36}},"23":{"start":{"line":76,"column":4},"end":{"line":82,"column":7}},"24":{"start":{"line":84,"column":4},"end":{"line":89,"column":7}},"25":{"start":{"line":93,"column":2},"end":{"line":114,"column":3}},"26":{"start":{"line":94,"column":22},"end":{"line":94,"column":48}},"27":{"start":{"line":95,"column":4},"end":{"line":95,"column":22}},"28":{"start":{"line":97,"column":19},"end":{"line":97,"column":59}},"29":{"start":{"line":98,"column":21},"end":{"line":98,"column":36}},"30":{"start":{"line":100,"column":4},"end":{"line":106,"column":7}},"31":{"start":{"line":108,"column":4},"end":{"line":113,"column":7}},"32":{"start":{"line":117,"column":2},"end":{"line":137,"column":3}},"33":{"start":{"line":118,"column":22},"end":{"line":118,"column":48}},"34":{"start":{"line":119,"column":4},"end":{"line":119,"column":22}},"35":{"start":{"line":121,"column":20},"end":{"line":121,"column":52}},"36":{"start":{"line":122,"column":21},"end":{"line":122,"column":36}},"37":{"start":{"line":124,"column":4},"end":{"line":129,"column":7}},"38":{"start":{"line":131,"column":4},"end":{"line":136,"column":7}},"39":{"start":{"line":139,"column":24},"end":{"line":139,"column":54}},"40":{"start":{"line":140,"column":17},"end":{"line":140,"column":52}},"41":{"start":{"line":140,"column":35},"end":{"line":140,"column":44}},"42":{"start":{"line":142,"column":2},"end":{"line":151,"column":4}},"43":{"start":{"line":158,"column":30},"end":{"line":158,"column":32}},"44":{"start":{"line":159,"column":21},"end":{"line":159,"column":38}},"45":{"start":{"line":160,"column":30},"end":{"line":160,"column":34}},"46":{"start":{"line":163,"column":21},"end":{"line":163,"column":59}},"47":{"start":{"line":164,"column":23},"end":{"line":169,"column":4}},"48":{"start":{"line":172,"column":2},"end":{"line":195,"column":3}},"49":{"start":{"line":173,"column":33},"end":{"line":175,"column":6}},"50":{"start":{"line":174,"column":6},"end":{"line":174,"column":46}},"51":{"start":{"line":177,"column":4},"end":{"line":183,"column":7}},"52":{"start":{"line":185,"column":4},"end":{"line":187,"column":5}},"53":{"start":{"line":186,"column":6},"end":{"line":186,"column":29}},"54":{"start":{"line":189,"column":4},"end":{"line":194,"column":7}},"55":{"start":{"line":198,"column":2},"end":{"line":266,"column":3}},"56":{"start":{"line":199,"column":4},"end":{"line":218,"column":5}},"57":{"start":{"line":200,"column":35},"end":{"line":202,"column":8}},"58":{"start":{"line":201,"column":8},"end":{"line":201,"column":49}},"59":{"start":{"line":204,"column":6},"end":{"line":210,"column":9}},"60":{"start":{"line":212,"column":6},"end":{"line":217,"column":9}},"61":{"start":{"line":221,"column":4},"end":{"line":243,"column":5}},"62":{"start":{"line":222,"column":35},"end":{"line":227,"column":8}},"63":{"start":{"line":223,"column":8},"end":{"line":226,"column":11}},"64":{"start":{"line":229,"column":6},"end":{"line":235,"column":9}},"65":{"start":{"line":237,"column":6},"end":{"line":242,"column":9}},"66":{"start":{"line":246,"column":4},"end":{"line":265,"column":5}},"67":{"start":{"line":247,"column":35},"end":{"line":249,"column":8}},"68":{"start":{"line":248,"column":8},"end":{"line":248,"column":56}},"69":{"start":{"line":251,"column":6},"end":{"line":257,"column":9}},"70":{"start":{"line":259,"column":6},"end":{"line":264,"column":9}},"71":{"start":{"line":268,"column":24},"end":{"line":268,"column":54}},"72":{"start":{"line":269,"column":17},"end":{"line":269,"column":52}},"73":{"start":{"line":269,"column":35},"end":{"line":269,"column":44}},"74":{"start":{"line":271,"column":2},"end":{"line":280,"column":4}},"75":{"start":{"line":287,"column":30},"end":{"line":287,"column":32}},"76":{"start":{"line":288,"column":21},"end":{"line":288,"column":38}},"77":{"start":{"line":289,"column":32},"end":{"line":289,"column":36}},"78":{"start":{"line":291,"column":21},"end":{"line":291,"column":59}},"79":{"start":{"line":292,"column":24},"end":{"line":302,"column":4}},"80":{"start":{"line":305,"column":2},"end":{"line":328,"column":3}},"81":{"start":{"line":306,"column":33},"end":{"line":308,"column":6}},"82":{"start":{"line":307,"column":6},"end":{"line":307,"column":48}},"83":{"start":{"line":310,"column":4},"end":{"line":316,"column":7}},"84":{"start":{"line":318,"column":4},"end":{"line":320,"column":5}},"85":{"start":{"line":319,"column":6},"end":{"line":319,"column":30}},"86":{"start":{"line":322,"column":4},"end":{"line":327,"column":7}},"87":{"start":{"line":331,"column":2},"end":{"line":350,"column":3}},"88":{"start":{"line":332,"column":33},"end":{"line":334,"column":6}},"89":{"start":{"line":333,"column":6},"end":{"line":333,"column":48}},"90":{"start":{"line":336,"column":4},"end":{"line":342,"column":7}},"91":{"start":{"line":344,"column":4},"end":{"line":349,"column":7}},"92":{"start":{"line":353,"column":2},"end":{"line":372,"column":3}},"93":{"start":{"line":354,"column":33},"end":{"line":356,"column":6}},"94":{"start":{"line":355,"column":6},"end":{"line":355,"column":54}},"95":{"start":{"line":358,"column":4},"end":{"line":364,"column":7}},"96":{"start":{"line":366,"column":4},"end":{"line":371,"column":7}},"97":{"start":{"line":375,"column":2},"end":{"line":444,"column":3}},"98":{"start":{"line":376,"column":4},"end":{"line":399,"column":5}},"99":{"start":{"line":377,"column":35},"end":{"line":383,"column":8}},"100":{"start":{"line":378,"column":8},"end":{"line":382,"column":11}},"101":{"start":{"line":385,"column":6},"end":{"line":391,"column":9}},"102":{"start":{"line":393,"column":6},"end":{"line":398,"column":9}},"103":{"start":{"line":402,"column":4},"end":{"line":421,"column":5}},"104":{"start":{"line":403,"column":35},"end":{"line":405,"column":8}},"105":{"start":{"line":404,"column":8},"end":{"line":404,"column":56}},"106":{"start":{"line":407,"column":6},"end":{"line":413,"column":9}},"107":{"start":{"line":415,"column":6},"end":{"line":420,"column":9}},"108":{"start":{"line":424,"column":4},"end":{"line":443,"column":5}},"109":{"start":{"line":425,"column":35},"end":{"line":427,"column":8}},"110":{"start":{"line":426,"column":8},"end":{"line":426,"column":50}},"111":{"start":{"line":429,"column":6},"end":{"line":435,"column":9}},"112":{"start":{"line":437,"column":6},"end":{"line":442,"column":9}},"113":{"start":{"line":446,"column":24},"end":{"line":446,"column":54}},"114":{"start":{"line":447,"column":17},"end":{"line":447,"column":52}},"115":{"start":{"line":447,"column":35},"end":{"line":447,"column":44}},"116":{"start":{"line":449,"column":2},"end":{"line":458,"column":4}},"117":{"start":{"line":465,"column":30},"end":{"line":465,"column":32}},"118":{"start":{"line":466,"column":21},"end":{"line":466,"column":38}},"119":{"start":{"line":468,"column":21},"end":{"line":468,"column":59}},"120":{"start":{"line":471,"column":2},"end":{"line":507,"column":3}},"121":{"start":{"line":472,"column":22},"end":{"line":472,"column":48}},"122":{"start":{"line":473,"column":4},"end":{"line":473,"column":22}},"123":{"start":{"line":475,"column":28},"end":{"line":475,"column":33}},"124":{"start":{"line":476,"column":33},"end":{"line":476,"column":37}},"125":{"start":{"line":478,"column":20},"end":{"line":481,"column":6}},"126":{"start":{"line":479,"column":6},"end":{"line":479,"column":63}},"127":{"start":{"line":480,"column":6},"end":{"line":480,"column":31}},"128":{"start":{"line":484,"column":4},"end":{"line":484,"column":60}},"129":{"start":{"line":484,"column":33},"end":{"line":484,"column":58}},"130":{"start":{"line":486,"column":21},"end":{"line":486,"column":36}},"131":{"start":{"line":489,"column":25},"end":{"line":489,"column":51}},"132":{"start":{"line":491,"column":4},"end":{"line":491,"column":32}},"133":{"start":{"line":493,"column":4},"end":{"line":499,"column":7}},"134":{"start":{"line":501,"column":4},"end":{"line":506,"column":7}},"135":{"start":{"line":510,"column":2},"end":{"line":540,"column":3}},"136":{"start":{"line":511,"column":22},"end":{"line":511,"column":48}},"137":{"start":{"line":512,"column":4},"end":{"line":512,"column":22}},"138":{"start":{"line":514,"column":20},"end":{"line":516,"column":6}},"139":{"start":{"line":515,"column":6},"end":{"line":515,"column":65}},"140":{"start":{"line":519,"column":4},"end":{"line":519,"column":60}},"141":{"start":{"line":519,"column":33},"end":{"line":519,"column":58}},"142":{"start":{"line":521,"column":21},"end":{"line":521,"column":36}},"143":{"start":{"line":522,"column":25},"end":{"line":522,"column":51}},"144":{"start":{"line":524,"column":4},"end":{"line":524,"column":32}},"145":{"start":{"line":526,"column":4},"end":{"line":532,"column":7}},"146":{"start":{"line":534,"column":4},"end":{"line":539,"column":7}},"147":{"start":{"line":542,"column":24},"end":{"line":542,"column":54}},"148":{"start":{"line":543,"column":17},"end":{"line":543,"column":52}},"149":{"start":{"line":543,"column":35},"end":{"line":543,"column":44}},"150":{"start":{"line":545,"column":2},"end":{"line":554,"column":4}},"151":{"start":{"line":561,"column":30},"end":{"line":561,"column":32}},"152":{"start":{"line":562,"column":21},"end":{"line":562,"column":38}},"153":{"start":{"line":564,"column":21},"end":{"line":564,"column":59}},"154":{"start":{"line":567,"column":2},"end":{"line":607,"column":3}},"155":{"start":{"line":568,"column":23},"end":{"line":568,"column":25}},"156":{"start":{"line":569,"column":32},"end":{"line":569,"column":34}},"157":{"start":{"line":571,"column":4},"end":{"line":576,"column":5}},"158":{"start":{"line":571,"column":17},"end":{"line":571,"column":18}},"159":{"start":{"line":572,"column":27},"end":{"line":574,"column":8}},"160":{"start":{"line":573,"column":8},"end":{"line":573,"column":74}},"161":{"start":{"line":575,"column":6},"end":{"line":575,"column":31}},"162":{"start":{"line":578,"column":24},"end":{"line":578,"column":77}},"163":{"start":{"line":578,"column":53},"end":{"line":578,"column":60}},"164":{"start":{"line":579,"column":24},"end":{"line":579,"column":46}},"165":{"start":{"line":580,"column":24},"end":{"line":580,"column":46}},"166":{"start":{"line":582,"column":30},"end":{"line":582,"column":32}},"167":{"start":{"line":583,"column":20},"end":{"line":583,"column":51}},"168":{"start":{"line":585,"column":4},"end":{"line":599,"column":7}},"169":{"start":{"line":601,"column":4},"end":{"line":606,"column":7}},"170":{"start":{"line":610,"column":2},"end":{"line":647,"column":3}},"171":{"start":{"line":611,"column":22},"end":{"line":611,"column":48}},"172":{"start":{"line":612,"column":4},"end":{"line":612,"column":22}},"173":{"start":{"line":614,"column":21},"end":{"line":619,"column":6}},"174":{"start":{"line":621,"column":20},"end":{"line":621,"column":47}},"175":{"start":{"line":622,"column":21},"end":{"line":622,"column":36}},"176":{"start":{"line":624,"column":33},"end":{"line":624,"column":70}},"177":{"start":{"line":624,"column":53},"end":{"line":624,"column":62}},"178":{"start":{"line":625,"column":20},"end":{"line":625,"column":60}},"179":{"start":{"line":627,"column":4},"end":{"line":639,"column":7}},"180":{"start":{"line":637,"column":35},"end":{"line":637,"column":79}},"181":{"start":{"line":641,"column":4},"end":{"line":646,"column":7}},"182":{"start":{"line":649,"column":24},"end":{"line":649,"column":54}},"183":{"start":{"line":650,"column":17},"end":{"line":650,"column":52}},"184":{"start":{"line":650,"column":35},"end":{"line":650,"column":44}},"185":{"start":{"line":652,"column":2},"end":{"line":661,"column":4}},"186":{"start":{"line":676,"column":23},"end":{"line":676,"column":40}},"187":{"start":{"line":678,"column":2},"end":{"line":678,"column":63}},"188":{"start":{"line":680,"column":30},"end":{"line":680,"column":32}},"189":{"start":{"line":682,"column":2},"end":{"line":732,"column":3}},"190":{"start":{"line":684,"column":4},"end":{"line":684,"column":44}},"191":{"start":{"line":685,"column":4},"end":{"line":685,"column":44}},"192":{"start":{"line":686,"column":4},"end":{"line":686,"column":45}},"193":{"start":{"line":687,"column":4},"end":{"line":687,"column":51}},"194":{"start":{"line":688,"column":4},"end":{"line":688,"column":51}},"195":{"start":{"line":690,"column":28},"end":{"line":690,"column":60}},"196":{"start":{"line":693,"column":20},"end":{"line":698,"column":6}},"197":{"start":{"line":694,"column":43},"end":{"line":694,"column":68}},"198":{"start":{"line":695,"column":44},"end":{"line":695,"column":70}},"199":{"start":{"line":696,"column":44},"end":{"line":696,"column":70}},"200":{"start":{"line":701,"column":4},"end":{"line":701,"column":46}},"201":{"start":{"line":702,"column":4},"end":{"line":702,"column":33}},"202":{"start":{"line":704,"column":4},"end":{"line":716,"column":7}},"203":{"start":{"line":705,"column":50},"end":{"line":705,"column":63}},"204":{"start":{"line":706,"column":26},"end":{"line":706,"column":81}},"205":{"start":{"line":707,"column":21},"end":{"line":707,"column":45}},"206":{"start":{"line":709,"column":6},"end":{"line":709,"column":111}},"207":{"start":{"line":711,"column":6},"end":{"line":715,"column":7}},"208":{"start":{"line":712,"column":8},"end":{"line":714,"column":11}},"209":{"start":{"line":712,"column":32},"end":{"line":712,"column":42}},"210":{"start":{"line":713,"column":10},"end":{"line":713,"column":60}},"211":{"start":{"line":718,"column":4},"end":{"line":718,"column":33}},"212":{"start":{"line":719,"column":4},"end":{"line":719,"column":137}},"213":{"start":{"line":720,"column":4},"end":{"line":720,"column":71}},"214":{"start":{"line":722,"column":4},"end":{"line":726,"column":5}},"215":{"start":{"line":723,"column":6},"end":{"line":723,"column":76}},"216":{"start":{"line":725,"column":6},"end":{"line":725,"column":89}},"217":{"start":{"line":728,"column":4},"end":{"line":728,"column":31}},"218":{"start":{"line":730,"column":4},"end":{"line":730,"column":60}},"219":{"start":{"line":731,"column":4},"end":{"line":731,"column":16}},"220":{"start":{"line":739,"column":2},"end":{"line":739,"column":75}},"221":{"start":{"line":741,"column":24},"end":{"line":747,"column":4}},"222":{"start":{"line":749,"column":2},"end":{"line":781,"column":3}},"223":{"start":{"line":750,"column":23},"end":{"line":750,"column":50}},"224":{"start":{"line":752,"column":21},"end":{"line":752,"column":57}},"225":{"start":{"line":752,"column":45},"end":{"line":752,"column":56}},"226":{"start":{"line":753,"column":26},"end":{"line":754,"column":null}},"227":{"start":{"line":754,"column":6},"end":{"line":754,"column":66}},"228":{"start":{"line":754,"column":37},"end":{"line":754,"column":65}},"229":{"start":{"line":757,"column":27},"end":{"line":757,"column":76}},"230":{"start":{"line":757,"column":56},"end":{"line":757,"column":68}},"231":{"start":{"line":758,"column":20},"end":{"line":758,"column":59}},"232":{"start":{"line":760,"column":4},"end":{"line":760,"column":46}},"233":{"start":{"line":761,"column":4},"end":{"line":761,"column":33}},"234":{"start":{"line":762,"column":4},"end":{"line":766,"column":7}},"235":{"start":{"line":763,"column":19},"end":{"line":763,"column":73}},"236":{"start":{"line":763,"column":43},"end":{"line":763,"column":72}},"237":{"start":{"line":764,"column":21},"end":{"line":764,"column":46}},"238":{"start":{"line":765,"column":6},"end":{"line":765,"column":80}},"239":{"start":{"line":768,"column":4},"end":{"line":768,"column":33}},"240":{"start":{"line":769,"column":4},"end":{"line":775,"column":5}},"241":{"start":{"line":770,"column":6},"end":{"line":770,"column":74}},"242":{"start":{"line":771,"column":6},"end":{"line":771,"column":70}},"243":{"start":{"line":773,"column":6},"end":{"line":773,"column":75}},"244":{"start":{"line":774,"column":6},"end":{"line":774,"column":120}},"245":{"start":{"line":777,"column":4},"end":{"line":777,"column":19}},"246":{"start":{"line":779,"column":4},"end":{"line":779,"column":60}},"247":{"start":{"line":780,"column":4},"end":{"line":780,"column":17}}},"fnMap":{"0":{"name":"(anonymous_0)","decl":{"start":{"line":45,"column":2},"end":{"line":45,"column":7}},"loc":{"start":{"line":45,"column":7},"end":{"line":47,"column":3}}},"1":{"name":"(anonymous_1)","decl":{"start":{"line":49,"column":2},"end":{"line":49,"column":5}},"loc":{"start":{"line":49,"column":5},"end":{"line":51,"column":3}}},"2":{"name":"(anonymous_2)","decl":{"start":{"line":53,"column":2},"end":{"line":53,"column":8}},"loc":{"start":{"line":53,"column":58},"end":{"line":58,"column":3}}},"3":{"name":"testDatabaseHealth","decl":{"start":{"line":64,"column":22},"end":{"line":64,"column":40}},"loc":{"start":{"line":64,"column":40},"end":{"line":152,"column":1}}},"4":{"name":"(anonymous_4)","decl":{"start":{"line":140,"column":30},"end":{"line":140,"column":31}},"loc":{"start":{"line":140,"column":35},"end":{"line":140,"column":44}}},"5":{"name":"testUserOperations","decl":{"start":{"line":157,"column":22},"end":{"line":157,"column":40}},"loc":{"start":{"line":157,"column":40},"end":{"line":281,"column":1}}},"6":{"name":"(anonymous_6)","decl":{"start":{"line":173,"column":73},"end":{"line":173,"column":78}},"loc":{"start":{"line":173,"column":84},"end":{"line":175,"column":5}}},"7":{"name":"(anonymous_7)","decl":{"start":{"line":200,"column":75},"end":{"line":200,"column":80}},"loc":{"start":{"line":200,"column":86},"end":{"line":202,"column":7}}},"8":{"name":"(anonymous_8)","decl":{"start":{"line":222,"column":75},"end":{"line":222,"column":80}},"loc":{"start":{"line":222,"column":86},"end":{"line":227,"column":7}}},"9":{"name":"(anonymous_9)","decl":{"start":{"line":247,"column":75},"end":{"line":247,"column":80}},"loc":{"start":{"line":247,"column":86},"end":{"line":249,"column":7}}},"10":{"name":"(anonymous_10)","decl":{"start":{"line":269,"column":30},"end":{"line":269,"column":31}},"loc":{"start":{"line":269,"column":35},"end":{"line":269,"column":44}}},"11":{"name":"testAlarmOperations","decl":{"start":{"line":286,"column":22},"end":{"line":286,"column":41}},"loc":{"start":{"line":286,"column":41},"end":{"line":459,"column":1}}},"12":{"name":"(anonymous_12)","decl":{"start":{"line":306,"column":73},"end":{"line":306,"column":78}},"loc":{"start":{"line":306,"column":84},"end":{"line":308,"column":5}}},"13":{"name":"(anonymous_13)","decl":{"start":{"line":332,"column":73},"end":{"line":332,"column":78}},"loc":{"start":{"line":332,"column":84},"end":{"line":334,"column":5}}},"14":{"name":"(anonymous_14)","decl":{"start":{"line":354,"column":73},"end":{"line":354,"column":78}},"loc":{"start":{"line":354,"column":84},"end":{"line":356,"column":5}}},"15":{"name":"(anonymous_15)","decl":{"start":{"line":377,"column":75},"end":{"line":377,"column":80}},"loc":{"start":{"line":377,"column":86},"end":{"line":383,"column":7}}},"16":{"name":"(anonymous_16)","decl":{"start":{"line":403,"column":75},"end":{"line":403,"column":80}},"loc":{"start":{"line":403,"column":86},"end":{"line":405,"column":7}}},"17":{"name":"(anonymous_17)","decl":{"start":{"line":425,"column":75},"end":{"line":425,"column":80}},"loc":{"start":{"line":425,"column":86},"end":{"line":427,"column":7}}},"18":{"name":"(anonymous_18)","decl":{"start":{"line":447,"column":30},"end":{"line":447,"column":31}},"loc":{"start":{"line":447,"column":35},"end":{"line":447,"column":44}}},"19":{"name":"testRealtimeSubscriptions","decl":{"start":{"line":464,"column":22},"end":{"line":464,"column":47}},"loc":{"start":{"line":464,"column":47},"end":{"line":555,"column":1}}},"20":{"name":"(anonymous_20)","decl":{"start":{"line":478,"column":67},"end":{"line":478,"column":68}},"loc":{"start":{"line":478,"column":79},"end":{"line":481,"column":5}}},"21":{"name":"(anonymous_21)","decl":{"start":{"line":484,"column":22},"end":{"line":484,"column":29}},"loc":{"start":{"line":484,"column":33},"end":{"line":484,"column":58}}},"22":{"name":"(anonymous_22)","decl":{"start":{"line":514,"column":77},"end":{"line":514,"column":78}},"loc":{"start":{"line":514,"column":89},"end":{"line":516,"column":5}}},"23":{"name":"(anonymous_23)","decl":{"start":{"line":519,"column":22},"end":{"line":519,"column":29}},"loc":{"start":{"line":519,"column":33},"end":{"line":519,"column":58}}},"24":{"name":"(anonymous_24)","decl":{"start":{"line":543,"column":30},"end":{"line":543,"column":31}},"loc":{"start":{"line":543,"column":35},"end":{"line":543,"column":44}}},"25":{"name":"testPerformanceBenchmarks","decl":{"start":{"line":560,"column":22},"end":{"line":560,"column":47}},"loc":{"start":{"line":560,"column":47},"end":{"line":662,"column":1}}},"26":{"name":"(anonymous_26)","decl":{"start":{"line":572,"column":67},"end":{"line":572,"column":72}},"loc":{"start":{"line":572,"column":78},"end":{"line":574,"column":7}}},"27":{"name":"(anonymous_27)","decl":{"start":{"line":578,"column":41},"end":{"line":578,"column":42}},"loc":{"start":{"line":578,"column":53},"end":{"line":578,"column":60}}},"28":{"name":"(anonymous_28)","decl":{"start":{"line":624,"column":48},"end":{"line":624,"column":49}},"loc":{"start":{"line":624,"column":53},"end":{"line":624,"column":62}}},"29":{"name":"(anonymous_29)","decl":{"start":{"line":637,"column":29},"end":{"line":637,"column":30}},"loc":{"start":{"line":637,"column":35},"end":{"line":637,"column":79}}},"30":{"name":"(anonymous_30)","decl":{"start":{"line":650,"column":30},"end":{"line":650,"column":31}},"loc":{"start":{"line":650,"column":35},"end":{"line":650,"column":44}}},"31":{"name":"runAllDatabaseTests","decl":{"start":{"line":667,"column":22},"end":{"line":667,"column":41}},"loc":{"start":{"line":667,"column":41},"end":{"line":733,"column":1}}},"32":{"name":"(anonymous_32)","decl":{"start":{"line":694,"column":27},"end":{"line":694,"column":28}},"loc":{"start":{"line":694,"column":43},"end":{"line":694,"column":68}}},"33":{"name":"(anonymous_33)","decl":{"start":{"line":695,"column":28},"end":{"line":695,"column":29}},"loc":{"start":{"line":695,"column":44},"end":{"line":695,"column":70}}},"34":{"name":"(anonymous_34)","decl":{"start":{"line":696,"column":28},"end":{"line":696,"column":29}},"loc":{"start":{"line":696,"column":44},"end":{"line":696,"column":70}}},"35":{"name":"(anonymous_35)","decl":{"start":{"line":704,"column":19},"end":{"line":704,"column":24}},"loc":{"start":{"line":704,"column":27},"end":{"line":716,"column":5}}},"36":{"name":"(anonymous_36)","decl":{"start":{"line":712,"column":27},"end":{"line":712,"column":28}},"loc":{"start":{"line":712,"column":32},"end":{"line":712,"column":42}}},"37":{"name":"(anonymous_37)","decl":{"start":{"line":712,"column":52},"end":{"line":712,"column":56}},"loc":{"start":{"line":712,"column":59},"end":{"line":714,"column":9}}},"38":{"name":"validatePhase1_2","decl":{"start":{"line":738,"column":22},"end":{"line":738,"column":38}},"loc":{"start":{"line":738,"column":38},"end":{"line":782,"column":1}}},"39":{"name":"(anonymous_39)","decl":{"start":{"line":752,"column":36},"end":{"line":752,"column":41}},"loc":{"start":{"line":752,"column":45},"end":{"line":752,"column":56}}},"40":{"name":"(anonymous_40)","decl":{"start":{"line":753,"column":42},"end":{"line":753,"column":46}},"loc":{"start":{"line":754,"column":6},"end":{"line":754,"column":66}}},"41":{"name":"(anonymous_41)","decl":{"start":{"line":754,"column":25},"end":{"line":754,"column":33}},"loc":{"start":{"line":754,"column":37},"end":{"line":754,"column":65}}},"42":{"name":"(anonymous_42)","decl":{"start":{"line":757,"column":48},"end":{"line":757,"column":52}},"loc":{"start":{"line":757,"column":56},"end":{"line":757,"column":68}}},"43":{"name":"(anonymous_43)","decl":{"start":{"line":762,"column":26},"end":{"line":762,"column":38}},"loc":{"start":{"line":762,"column":41},"end":{"line":766,"column":5}}},"44":{"name":"(anonymous_44)","decl":{"start":{"line":763,"column":38},"end":{"line":763,"column":39}},"loc":{"start":{"line":763,"column":43},"end":{"line":763,"column":72}}}},"branchMap":{"0":{"loc":{"start":{"line":79,"column":15},"end":{"line":79,"column":111}},"type":"cond-expr","locations":[{"start":{"line":79,"column":32},"end":{"line":79,"column":64}},{"start":{"line":79,"column":67},"end":{"line":79,"column":111}}]},"1":{"loc":{"start":{"line":79,"column":67},"end":{"line":79,"column":111}},"type":"binary-expr","locations":[{"start":{"line":79,"column":67},"end":{"line":79,"column":88}},{"start":{"line":79,"column":92},"end":{"line":79,"column":111}}]},"2":{"loc":{"start":{"line":88,"column":13},"end":{"line":88,"column":67}},"type":"cond-expr","locations":[{"start":{"line":88,"column":38},"end":{"line":88,"column":51}},{"start":{"line":88,"column":54},"end":{"line":88,"column":67}}]},"3":{"loc":{"start":{"line":103,"column":15},"end":{"line":103,"column":109}},"type":"cond-expr","locations":[{"start":{"line":103,"column":32},"end":{"line":103,"column":79}},{"start":{"line":103,"column":82},"end":{"line":103,"column":109}}]},"4":{"loc":{"start":{"line":112,"column":13},"end":{"line":112,"column":67}},"type":"cond-expr","locations":[{"start":{"line":112,"column":38},"end":{"line":112,"column":51}},{"start":{"line":112,"column":54},"end":{"line":112,"column":67}}]},"5":{"loc":{"start":{"line":127,"column":15},"end":{"line":127,"column":79}},"type":"cond-expr","locations":[{"start":{"line":127,"column":31},"end":{"line":127,"column":52}},{"start":{"line":127,"column":55},"end":{"line":127,"column":79}}]},"6":{"loc":{"start":{"line":135,"column":13},"end":{"line":135,"column":67}},"type":"cond-expr","locations":[{"start":{"line":135,"column":38},"end":{"line":135,"column":51}},{"start":{"line":135,"column":54},"end":{"line":135,"column":67}}]},"7":{"loc":{"start":{"line":180,"column":15},"end":{"line":180,"column":104}},"type":"cond-expr","locations":[{"start":{"line":180,"column":32},"end":{"line":180,"column":59}},{"start":{"line":180,"column":62},"end":{"line":180,"column":104}}]},"8":{"loc":{"start":{"line":180,"column":62},"end":{"line":180,"column":104}},"type":"binary-expr","locations":[{"start":{"line":180,"column":62},"end":{"line":180,"column":83}},{"start":{"line":180,"column":87},"end":{"line":180,"column":104}}]},"9":{"loc":{"start":{"line":185,"column":4},"end":{"line":187,"column":5}},"type":"if","locations":[{"start":{"line":185,"column":4},"end":{"line":187,"column":5}},{"start":{},"end":{}}]},"10":{"loc":{"start":{"line":193,"column":13},"end":{"line":193,"column":67}},"type":"cond-expr","locations":[{"start":{"line":193,"column":38},"end":{"line":193,"column":51}},{"start":{"line":193,"column":54},"end":{"line":193,"column":67}}]},"11":{"loc":{"start":{"line":198,"column":2},"end":{"line":266,"column":3}},"type":"if","locations":[{"start":{"line":198,"column":2},"end":{"line":266,"column":3}},{"start":{},"end":{}}]},"12":{"loc":{"start":{"line":207,"column":17},"end":{"line":207,"column":109}},"type":"cond-expr","locations":[{"start":{"line":207,"column":34},"end":{"line":207,"column":63}},{"start":{"line":207,"column":66},"end":{"line":207,"column":109}}]},"13":{"loc":{"start":{"line":207,"column":66},"end":{"line":207,"column":109}},"type":"binary-expr","locations":[{"start":{"line":207,"column":66},"end":{"line":207,"column":87}},{"start":{"line":207,"column":91},"end":{"line":207,"column":109}}]},"14":{"loc":{"start":{"line":216,"column":15},"end":{"line":216,"column":69}},"type":"cond-expr","locations":[{"start":{"line":216,"column":40},"end":{"line":216,"column":53}},{"start":{"line":216,"column":56},"end":{"line":216,"column":69}}]},"15":{"loc":{"start":{"line":232,"column":17},"end":{"line":232,"column":104}},"type":"cond-expr","locations":[{"start":{"line":232,"column":34},"end":{"line":232,"column":61}},{"start":{"line":232,"column":64},"end":{"line":232,"column":104}}]},"16":{"loc":{"start":{"line":232,"column":64},"end":{"line":232,"column":104}},"type":"binary-expr","locations":[{"start":{"line":232,"column":64},"end":{"line":232,"column":85}},{"start":{"line":232,"column":89},"end":{"line":232,"column":104}}]},"17":{"loc":{"start":{"line":241,"column":15},"end":{"line":241,"column":69}},"type":"cond-expr","locations":[{"start":{"line":241,"column":40},"end":{"line":241,"column":53}},{"start":{"line":241,"column":56},"end":{"line":241,"column":69}}]},"18":{"loc":{"start":{"line":254,"column":17},"end":{"line":254,"column":109}},"type":"cond-expr","locations":[{"start":{"line":254,"column":34},"end":{"line":254,"column":66}},{"start":{"line":254,"column":69},"end":{"line":254,"column":109}}]},"19":{"loc":{"start":{"line":254,"column":69},"end":{"line":254,"column":109}},"type":"binary-expr","locations":[{"start":{"line":254,"column":69},"end":{"line":254,"column":90}},{"start":{"line":254,"column":94},"end":{"line":254,"column":109}}]},"20":{"loc":{"start":{"line":263,"column":15},"end":{"line":263,"column":69}},"type":"cond-expr","locations":[{"start":{"line":263,"column":40},"end":{"line":263,"column":53}},{"start":{"line":263,"column":56},"end":{"line":263,"column":69}}]},"21":{"loc":{"start":{"line":313,"column":15},"end":{"line":313,"column":105}},"type":"cond-expr","locations":[{"start":{"line":313,"column":32},"end":{"line":313,"column":60}},{"start":{"line":313,"column":63},"end":{"line":313,"column":105}}]},"22":{"loc":{"start":{"line":313,"column":63},"end":{"line":313,"column":105}},"type":"binary-expr","locations":[{"start":{"line":313,"column":63},"end":{"line":313,"column":84}},{"start":{"line":313,"column":88},"end":{"line":313,"column":105}}]},"23":{"loc":{"start":{"line":318,"column":4},"end":{"line":320,"column":5}},"type":"if","locations":[{"start":{"line":318,"column":4},"end":{"line":320,"column":5}},{"start":{},"end":{}}]},"24":{"loc":{"start":{"line":326,"column":13},"end":{"line":326,"column":67}},"type":"cond-expr","locations":[{"start":{"line":326,"column":38},"end":{"line":326,"column":51}},{"start":{"line":326,"column":54},"end":{"line":326,"column":67}}]},"25":{"loc":{"start":{"line":339,"column":15},"end":{"line":339,"column":124}},"type":"cond-expr","locations":[{"start":{"line":339,"column":32},"end":{"line":339,"column":78}},{"start":{"line":339,"column":81},"end":{"line":339,"column":124}}]},"26":{"loc":{"start":{"line":339,"column":45},"end":{"line":339,"column":69}},"type":"binary-expr","locations":[{"start":{"line":339,"column":45},"end":{"line":339,"column":64}},{"start":{"line":339,"column":68},"end":{"line":339,"column":69}}]},"27":{"loc":{"start":{"line":339,"column":81},"end":{"line":339,"column":124}},"type":"binary-expr","locations":[{"start":{"line":339,"column":81},"end":{"line":339,"column":102}},{"start":{"line":339,"column":106},"end":{"line":339,"column":124}}]},"28":{"loc":{"start":{"line":348,"column":13},"end":{"line":348,"column":67}},"type":"cond-expr","locations":[{"start":{"line":348,"column":38},"end":{"line":348,"column":51}},{"start":{"line":348,"column":54},"end":{"line":348,"column":67}}]},"29":{"loc":{"start":{"line":361,"column":15},"end":{"line":361,"column":131}},"type":"cond-expr","locations":[{"start":{"line":361,"column":32},"end":{"line":361,"column":85}},{"start":{"line":361,"column":88},"end":{"line":361,"column":131}}]},"30":{"loc":{"start":{"line":361,"column":45},"end":{"line":361,"column":69}},"type":"binary-expr","locations":[{"start":{"line":361,"column":45},"end":{"line":361,"column":64}},{"start":{"line":361,"column":68},"end":{"line":361,"column":69}}]},"31":{"loc":{"start":{"line":361,"column":88},"end":{"line":361,"column":131}},"type":"binary-expr","locations":[{"start":{"line":361,"column":88},"end":{"line":361,"column":109}},{"start":{"line":361,"column":113},"end":{"line":361,"column":131}}]},"32":{"loc":{"start":{"line":370,"column":13},"end":{"line":370,"column":67}},"type":"cond-expr","locations":[{"start":{"line":370,"column":38},"end":{"line":370,"column":51}},{"start":{"line":370,"column":54},"end":{"line":370,"column":67}}]},"33":{"loc":{"start":{"line":375,"column":2},"end":{"line":444,"column":3}},"type":"if","locations":[{"start":{"line":375,"column":2},"end":{"line":444,"column":3}},{"start":{},"end":{}}]},"34":{"loc":{"start":{"line":388,"column":17},"end":{"line":388,"column":105}},"type":"cond-expr","locations":[{"start":{"line":388,"column":34},"end":{"line":388,"column":62}},{"start":{"line":388,"column":65},"end":{"line":388,"column":105}}]},"35":{"loc":{"start":{"line":388,"column":65},"end":{"line":388,"column":105}},"type":"binary-expr","locations":[{"start":{"line":388,"column":65},"end":{"line":388,"column":86}},{"start":{"line":388,"column":90},"end":{"line":388,"column":105}}]},"36":{"loc":{"start":{"line":397,"column":15},"end":{"line":397,"column":69}},"type":"cond-expr","locations":[{"start":{"line":397,"column":40},"end":{"line":397,"column":53}},{"start":{"line":397,"column":56},"end":{"line":397,"column":69}}]},"37":{"loc":{"start":{"line":410,"column":17},"end":{"line":410,"column":105}},"type":"cond-expr","locations":[{"start":{"line":410,"column":34},"end":{"line":410,"column":62}},{"start":{"line":410,"column":65},"end":{"line":410,"column":105}}]},"38":{"loc":{"start":{"line":410,"column":65},"end":{"line":410,"column":105}},"type":"binary-expr","locations":[{"start":{"line":410,"column":65},"end":{"line":410,"column":86}},{"start":{"line":410,"column":90},"end":{"line":410,"column":105}}]},"39":{"loc":{"start":{"line":419,"column":15},"end":{"line":419,"column":69}},"type":"cond-expr","locations":[{"start":{"line":419,"column":40},"end":{"line":419,"column":53}},{"start":{"line":419,"column":56},"end":{"line":419,"column":69}}]},"40":{"loc":{"start":{"line":432,"column":17},"end":{"line":432,"column":107}},"type":"cond-expr","locations":[{"start":{"line":432,"column":34},"end":{"line":432,"column":62}},{"start":{"line":432,"column":65},"end":{"line":432,"column":107}}]},"41":{"loc":{"start":{"line":432,"column":65},"end":{"line":432,"column":107}},"type":"binary-expr","locations":[{"start":{"line":432,"column":65},"end":{"line":432,"column":86}},{"start":{"line":432,"column":90},"end":{"line":432,"column":107}}]},"42":{"loc":{"start":{"line":441,"column":15},"end":{"line":441,"column":69}},"type":"cond-expr","locations":[{"start":{"line":441,"column":40},"end":{"line":441,"column":53}},{"start":{"line":441,"column":56},"end":{"line":441,"column":69}}]},"43":{"loc":{"start":{"line":496,"column":15},"end":{"line":496,"column":106}},"type":"cond-expr","locations":[{"start":{"line":496,"column":30},"end":{"line":496,"column":69}},{"start":{"line":496,"column":72},"end":{"line":496,"column":106}}]},"44":{"loc":{"start":{"line":505,"column":13},"end":{"line":505,"column":67}},"type":"cond-expr","locations":[{"start":{"line":505,"column":38},"end":{"line":505,"column":51}},{"start":{"line":505,"column":54},"end":{"line":505,"column":67}}]},"45":{"loc":{"start":{"line":529,"column":15},"end":{"line":529,"column":122}},"type":"cond-expr","locations":[{"start":{"line":529,"column":30},"end":{"line":529,"column":77}},{"start":{"line":529,"column":80},"end":{"line":529,"column":122}}]},"46":{"loc":{"start":{"line":538,"column":13},"end":{"line":538,"column":67}},"type":"cond-expr","locations":[{"start":{"line":538,"column":38},"end":{"line":538,"column":51}},{"start":{"line":538,"column":54},"end":{"line":538,"column":67}}]},"47":{"loc":{"start":{"line":588,"column":15},"end":{"line":590,"column":87}},"type":"cond-expr","locations":[{"start":{"line":589,"column":8},"end":{"line":589,"column":80}},{"start":{"line":590,"column":8},"end":{"line":590,"column":87}}]},"48":{"loc":{"start":{"line":605,"column":13},"end":{"line":605,"column":67}},"type":"cond-expr","locations":[{"start":{"line":605,"column":38},"end":{"line":605,"column":51}},{"start":{"line":605,"column":54},"end":{"line":605,"column":67}}]},"49":{"loc":{"start":{"line":630,"column":15},"end":{"line":632,"column":73}},"type":"cond-expr","locations":[{"start":{"line":631,"column":8},"end":{"line":631,"column":77}},{"start":{"line":632,"column":8},"end":{"line":632,"column":73}}]},"50":{"loc":{"start":{"line":645,"column":13},"end":{"line":645,"column":67}},"type":"cond-expr","locations":[{"start":{"line":645,"column":38},"end":{"line":645,"column":51}},{"start":{"line":645,"column":54},"end":{"line":645,"column":67}}]},"51":{"loc":{"start":{"line":706,"column":26},"end":{"line":706,"column":81}},"type":"cond-expr","locations":[{"start":{"line":706,"column":38},"end":{"line":706,"column":73}},{"start":{"line":706,"column":76},"end":{"line":706,"column":81}}]},"52":{"loc":{"start":{"line":707,"column":21},"end":{"line":707,"column":45}},"type":"cond-expr","locations":[{"start":{"line":707,"column":36},"end":{"line":707,"column":39}},{"start":{"line":707,"column":42},"end":{"line":707,"column":45}}]},"53":{"loc":{"start":{"line":711,"column":6},"end":{"line":715,"column":7}},"type":"if","locations":[{"start":{"line":711,"column":6},"end":{"line":715,"column":7}},{"start":{},"end":{}}]},"54":{"loc":{"start":{"line":722,"column":4},"end":{"line":726,"column":5}},"type":"if","locations":[{"start":{"line":722,"column":4},"end":{"line":726,"column":5}},{"start":{"line":724,"column":11},"end":{"line":726,"column":5}}]},"55":{"loc":{"start":{"line":764,"column":21},"end":{"line":764,"column":46}},"type":"cond-expr","locations":[{"start":{"line":764,"column":37},"end":{"line":764,"column":40}},{"start":{"line":764,"column":43},"end":{"line":764,"column":46}}]},"56":{"loc":{"start":{"line":765,"column":48},"end":{"line":765,"column":76}},"type":"binary-expr","locations":[{"start":{"line":765,"column":48},"end":{"line":765,"column":61}},{"start":{"line":765,"column":65},"end":{"line":765,"column":76}}]},"57":{"loc":{"start":{"line":769,"column":4},"end":{"line":775,"column":5}},"type":"if","locations":[{"start":{"line":769,"column":4},"end":{"line":775,"column":5}},{"start":{"line":772,"column":11},"end":{"line":775,"column":5}}]}},"s":{"0":0,"1":0,"2":0,"3":0,"4":0,"5":0,"6":0,"7":0,"8":0,"9":0,"10":0,"11":0,"12":0,"13":0,"14":0,"15":0,"16":0,"17":0,"18":0,"19":0,"20":0,"21":0,"22":0,"23":0,"24":0,"25":0,"26":0,"27":0,"28":0,"29":0,"30":0,"31":0,"32":0,"33":0,"34":0,"35":0,"36":0,"37":0,"38":0,"39":0,"40":0,"41":0,"42":0,"43":0,"44":0,"45":0,"46":0,"47":0,"48":0,"49":0,"50":0,"51":0,"52":0,"53":0,"54":0,"55":0,"56":0,"57":0,"58":0,"59":0,"60":0,"61":0,"62":0,"63":0,"64":0,"65":0,"66":0,"67":0,"68":0,"69":0,"70":0,"71":0,"72":0,"73":0,"74":0,"75":0,"76":0,"77":0,"78":0,"79":0,"80":0,"81":0,"82":0,"83":0,"84":0,"85":0,"86":0,"87":0,"88":0,"89":0,"90":0,"91":0,"92":0,"93":0,"94":0,"95":0,"96":0,"97":0,"98":0,"99":0,"100":0,"101":0,"102":0,"103":0,"104":0,"105":0,"106":0,"107":0,"108":0,"109":0,"110":0,"111":0,"112":0,"113":0,"114":0,"115":0,"116":0,"117":0,"118":0,"119":0,"120":0,"121":0,"122":0,"123":0,"124":0,"125":0,"126":0,"127":0,"128":0,"129":0,"130":0,"131":0,"132":0,"133":0,"134":0,"135":0,"136":0,"137":0,"138":0,"139":0,"140":0,"141":0,"142":0,"143":0,"144":0,"145":0,"146":0,"147":0,"148":0,"149":0,"150":0,"151":0,"152":0,"153":0,"154":0,"155":0,"156":0,"157":0,"158":0,"159":0,"160":0,"161":0,"162":0,"163":0,"164":0,"165":0,"166":0,"167":0,"168":0,"169":0,"170":0,"171":0,"172":0,"173":0,"174":0,"175":0,"176":0,"177":0,"178":0,"179":0,"180":0,"181":0,"182":0,"183":0,"184":0,"185":0,"186":0,"187":0,"188":0,"189":0,"190":0,"191":0,"192":0,"193":0,"194":0,"195":0,"196":0,"197":0,"198":0,"199":0,"200":0,"201":0,"202":0,"203":0,"204":0,"205":0,"206":0,"207":0,"208":0,"209":0,"210":0,"211":0,"212":0,"213":0,"214":0,"215":0,"216":0,"217":0,"218":0,"219":0,"220":0,"221":0,"222":0,"223":0,"224":0,"225":0,"226":0,"227":0,"228":0,"229":0,"230":0,"231":0,"232":0,"233":0,"234":0,"235":0,"236":0,"237":0,"238":0,"239":0,"240":0,"241":0,"242":0,"243":0,"244":0,"245":0,"246":0,"247":0},"f":{"0":0,"1":0,"2":0,"3":0,"4":0,"5":0,"6":0,"7":0,"8":0,"9":0,"10":0,"11":0,"12":0,"13":0,"14":0,"15":0,"16":0,"17":0,"18":0,"19":0,"20":0,"21":0,"22":0,"23":0,"24":0,"25":0,"26":0,"27":0,"28":0,"29":0,"30":0,"31":0,"32":0,"33":0,"34":0,"35":0,"36":0,"37":0,"38":0,"39":0,"40":0,"41":0,"42":0,"43":0,"44":0},"b":{"0":[0,0],"1":[0,0],"2":[0,0],"3":[0,0],"4":[0,0],"5":[0,0],"6":[0,0],"7":[0,0],"8":[0,0],"9":[0,0],"10":[0,0],"11":[0,0],"12":[0,0],"13":[0,0],"14":[0,0],"15":[0,0],"16":[0,0],"17":[0,0],"18":[0,0],"19":[0,0],"20":[0,0],"21":[0,0],"22":[0,0],"23":[0,0],"24":[0,0],"25":[0,0],"26":[0,0],"27":[0,0],"28":[0,0],"29":[0,0],"30":[0,0],"31":[0,0],"32":[0,0],"33":[0,0],"34":[0,0],"35":[0,0],"36":[0,0],"37":[0,0],"38":[0,0],"39":[0,0],"40":[0,0],"41":[0,0],"42":[0,0],"43":[0,0],"44":[0,0],"45":[0,0],"46":[0,0],"47":[0,0],"48":[0,0],"49":[0,0],"50":[0,0],"51":[0,0],"52":[0,0],"53":[0,0],"54":[0,0],"55":[0,0],"56":[0,0],"57":[0,0]}}
,"/Users/yanivhadar/Desktop/White Noise Alarm/AlarmWhiteNoiseApp/src/services/alarm-error-handler.ts": {"path":"/Users/yanivhadar/Desktop/White Noise Alarm/AlarmWhiteNoiseApp/src/services/alarm-error-handler.ts","statementMap":{"0":{"start":{"line":9,"column":0},"end":{"line":9,"column":69}},"1":{"start":{"line":59,"column":21},"end":{"line":63,"column":2}},"2":{"start":{"line":75,"column":5},"end":{"line":342,"column":2}},"3":{"start":{"line":348,"column":50},"end":{"line":348,"column":52}},"4":{"start":{"line":349,"column":36},"end":{"line":349,"column":61}},"5":{"start":{"line":365,"column":21},"end":{"line":365,"column":41}},"6":{"start":{"line":366,"column":20},"end":{"line":366,"column":86}},"7":{"start":{"line":368,"column":4},"end":{"line":382,"column":6}},"8":{"start":{"line":389,"column":4},"end":{"line":408,"column":5}},"9":{"start":{"line":390,"column":6},"end":{"line":390,"column":32}},"10":{"start":{"line":393,"column":6},"end":{"line":395,"column":7}},"11":{"start":{"line":394,"column":8},"end":{"line":394,"column":50}},"12":{"start":{"line":398,"column":6},"end":{"line":398,"column":35}},"13":{"start":{"line":401,"column":23},"end":{"line":403,"column":68}},"14":{"start":{"line":405,"column":6},"end":{"line":405,"column":84}},"15":{"start":{"line":407,"column":6},"end":{"line":407,"column":64}},"16":{"start":{"line":418,"column":4},"end":{"line":418,"column":31}},"17":{"start":{"line":420,"column":21},"end":{"line":420,"column":47}},"18":{"start":{"line":421,"column":25},"end":{"line":421,"column":47}},"19":{"start":{"line":424,"column":23},"end":{"line":424,"column":65}},"20":{"start":{"line":425,"column":28},"end":{"line":425,"column":70}},"21":{"start":{"line":427,"column":4},"end":{"line":440,"column":5}},"22":{"start":{"line":429,"column":6},"end":{"line":429,"column":65}},"23":{"start":{"line":432,"column":6},"end":{"line":434,"column":7}},"24":{"start":{"line":433,"column":8},"end":{"line":433,"column":87}},"25":{"start":{"line":433,"column":37},"end":{"line":433,"column":85}},"26":{"start":{"line":436,"column":6},"end":{"line":439,"column":8}},"27":{"start":{"line":442,"column":4},"end":{"line":453,"column":5}},"28":{"start":{"line":444,"column":6},"end":{"line":452,"column":7}},"29":{"start":{"line":445,"column":8},"end":{"line":445,"column":45}},"30":{"start":{"line":446,"column":8},"end":{"line":449,"column":10}},"31":{"start":{"line":451,"column":8},"end":{"line":451,"column":64}},"32":{"start":{"line":456,"column":4},"end":{"line":456,"column":45}},"33":{"start":{"line":458,"column":4},"end":{"line":461,"column":6}},"34":{"start":{"line":474,"column":4},"end":{"line":478,"column":8}},"35":{"start":{"line":474,"column":80},"end":{"line":478,"column":6}},"36":{"start":{"line":487,"column":4},"end":{"line":491,"column":8}},"37":{"start":{"line":487,"column":83},"end":{"line":491,"column":6}},"38":{"start":{"line":501,"column":43},"end":{"line":501,"column":45}},"39":{"start":{"line":502,"column":47},"end":{"line":502,"column":49}},"40":{"start":{"line":505,"column":4},"end":{"line":511,"column":5}},"41":{"start":{"line":506,"column":6},"end":{"line":510,"column":9}},"42":{"start":{"line":514,"column":4},"end":{"line":526,"column":5}},"43":{"start":{"line":515,"column":6},"end":{"line":519,"column":9}},"44":{"start":{"line":520,"column":11},"end":{"line":526,"column":5}},"45":{"start":{"line":521,"column":6},"end":{"line":525,"column":9}},"46":{"start":{"line":529,"column":4},"end":{"line":546,"column":5}},"47":{"start":{"line":530,"column":6},"end":{"line":545,"column":7}},"48":{"start":{"line":531,"column":8},"end":{"line":535,"column":11}},"49":{"start":{"line":537,"column":28},"end":{"line":537,"column":83}},"50":{"start":{"line":537,"column":64},"end":{"line":537,"column":82}},"51":{"start":{"line":538,"column":8},"end":{"line":544,"column":9}},"52":{"start":{"line":539,"column":10},"end":{"line":543,"column":13}},"53":{"start":{"line":549,"column":4},"end":{"line":555,"column":5}},"54":{"start":{"line":550,"column":6},"end":{"line":554,"column":9}},"55":{"start":{"line":558,"column":4},"end":{"line":574,"column":5}},"56":{"start":{"line":559,"column":6},"end":{"line":565,"column":7}},"57":{"start":{"line":560,"column":8},"end":{"line":564,"column":11}},"58":{"start":{"line":567,"column":6},"end":{"line":573,"column":7}},"59":{"start":{"line":568,"column":8},"end":{"line":572,"column":11}},"60":{"start":{"line":577,"column":4},"end":{"line":593,"column":5}},"61":{"start":{"line":578,"column":6},"end":{"line":584,"column":7}},"62":{"start":{"line":579,"column":8},"end":{"line":583,"column":11}},"63":{"start":{"line":586,"column":6},"end":{"line":592,"column":7}},"64":{"start":{"line":587,"column":8},"end":{"line":591,"column":11}},"65":{"start":{"line":596,"column":4},"end":{"line":612,"column":5}},"66":{"start":{"line":597,"column":6},"end":{"line":603,"column":7}},"67":{"start":{"line":598,"column":8},"end":{"line":602,"column":11}},"68":{"start":{"line":605,"column":6},"end":{"line":611,"column":7}},"69":{"start":{"line":606,"column":8},"end":{"line":610,"column":11}},"70":{"start":{"line":615,"column":4},"end":{"line":621,"column":5}},"71":{"start":{"line":616,"column":6},"end":{"line":620,"column":9}},"72":{"start":{"line":623,"column":4},"end":{"line":629,"column":5}},"73":{"start":{"line":624,"column":6},"end":{"line":628,"column":9}},"74":{"start":{"line":632,"column":22},"end":{"line":632,"column":78}},"75":{"start":{"line":633,"column":4},"end":{"line":639,"column":5}},"76":{"start":{"line":634,"column":6},"end":{"line":638,"column":9}},"77":{"start":{"line":641,"column":4},"end":{"line":645,"column":6}},"78":{"start":{"line":662,"column":43},"end":{"line":662,"column":45}},"79":{"start":{"line":663,"column":47},"end":{"line":663,"column":49}},"80":{"start":{"line":664,"column":47},"end":{"line":664,"column":49}},"81":{"start":{"line":666,"column":4},"end":{"line":670,"column":7}},"82":{"start":{"line":667,"column":6},"end":{"line":667,"column":57}},"83":{"start":{"line":668,"column":6},"end":{"line":668,"column":73}},"84":{"start":{"line":669,"column":6},"end":{"line":669,"column":73}},"85":{"start":{"line":672,"column":25},"end":{"line":674,"column":17}},"86":{"start":{"line":673,"column":23},"end":{"line":673,"column":83}},"87":{"start":{"line":676,"column":4},"end":{"line":682,"column":6}},"88":{"start":{"line":689,"column":4},"end":{"line":689,"column":23}},"89":{"start":{"line":690,"column":4},"end":{"line":690,"column":34}},"90":{"start":{"line":691,"column":4},"end":{"line":691,"column":33}},"91":{"start":{"line":702,"column":4},"end":{"line":714,"column":5}},"92":{"start":{"line":703,"column":19},"end":{"line":703,"column":69}},"93":{"start":{"line":704,"column":6},"end":{"line":711,"column":7}},"94":{"start":{"line":705,"column":8},"end":{"line":710,"column":11}},"95":{"start":{"line":706,"column":10},"end":{"line":708,"column":11}},"96":{"start":{"line":707,"column":12},"end":{"line":707,"column":35}},"97":{"start":{"line":709,"column":10},"end":{"line":709,"column":23}},"98":{"start":{"line":713,"column":6},"end":{"line":713,"column":56}},"99":{"start":{"line":721,"column":4},"end":{"line":725,"column":5}},"100":{"start":{"line":722,"column":6},"end":{"line":722,"column":88}},"101":{"start":{"line":724,"column":6},"end":{"line":724,"column":59}},"102":{"start":{"line":347,"column":0},"end":{"line":347,"column":13}},"103":{"start":{"line":729,"column":0},"end":{"line":729,"column":33}}},"fnMap":{"0":{"name":"(anonymous_1)","decl":{"start":{"line":358,"column":2},"end":{"line":358,"column":8}},"loc":{"start":{"line":363,"column":37},"end":{"line":383,"column":3}}},"1":{"name":"(anonymous_2)","decl":{"start":{"line":388,"column":2},"end":{"line":388,"column":8}},"loc":{"start":{"line":388,"column":49},"end":{"line":409,"column":3}}},"2":{"name":"(anonymous_3)","decl":{"start":{"line":414,"column":2},"end":{"line":414,"column":8}},"loc":{"start":{"line":416,"column":33},"end":{"line":462,"column":3}}},"3":{"name":"(anonymous_4)","decl":{"start":{"line":433,"column":26},"end":{"line":433,"column":33}},"loc":{"start":{"line":433,"column":37},"end":{"line":433,"column":85}}},"4":{"name":"(anonymous_5)","decl":{"start":{"line":471,"column":2},"end":{"line":471,"column":8}},"loc":{"start":{"line":472,"column":86},"end":{"line":479,"column":3}}},"5":{"name":"(anonymous_6)","decl":{"start":{"line":474,"column":27},"end":{"line":474,"column":28}},"loc":{"start":{"line":474,"column":80},"end":{"line":478,"column":6}}},"6":{"name":"(anonymous_7)","decl":{"start":{"line":484,"column":2},"end":{"line":484,"column":8}},"loc":{"start":{"line":485,"column":88},"end":{"line":492,"column":3}}},"7":{"name":"(anonymous_8)","decl":{"start":{"line":487,"column":29},"end":{"line":487,"column":30}},"loc":{"start":{"line":487,"column":83},"end":{"line":491,"column":6}}},"8":{"name":"(anonymous_9)","decl":{"start":{"line":497,"column":2},"end":{"line":497,"column":8}},"loc":{"start":{"line":499,"column":30},"end":{"line":646,"column":3}}},"9":{"name":"(anonymous_10)","decl":{"start":{"line":537,"column":57},"end":{"line":537,"column":60}},"loc":{"start":{"line":537,"column":64},"end":{"line":537,"column":82}}},"10":{"name":"(anonymous_11)","decl":{"start":{"line":655,"column":2},"end":{"line":655,"column":8}},"loc":{"start":{"line":655,"column":27},"end":{"line":683,"column":3}}},"11":{"name":"(anonymous_12)","decl":{"start":{"line":666,"column":26},"end":{"line":666,"column":31}},"loc":{"start":{"line":666,"column":34},"end":{"line":670,"column":5}}},"12":{"name":"(anonymous_13)","decl":{"start":{"line":673,"column":14},"end":{"line":673,"column":19}},"loc":{"start":{"line":673,"column":23},"end":{"line":673,"column":83}}},"13":{"name":"(anonymous_14)","decl":{"start":{"line":688,"column":2},"end":{"line":688,"column":8}},"loc":{"start":{"line":688,"column":28},"end":{"line":692,"column":3}}},"14":{"name":"(anonymous_15)","decl":{"start":{"line":701,"column":2},"end":{"line":701,"column":8}},"loc":{"start":{"line":701,"column":27},"end":{"line":715,"column":3}}},"15":{"name":"(anonymous_16)","decl":{"start":{"line":705,"column":41},"end":{"line":705,"column":42}},"loc":{"start":{"line":705,"column":56},"end":{"line":710,"column":9}}},"16":{"name":"(anonymous_17)","decl":{"start":{"line":720,"column":10},"end":{"line":720,"column":16}},"loc":{"start":{"line":720,"column":38},"end":{"line":726,"column":3}}}},"branchMap":{"0":{"loc":{"start":{"line":371,"column":15},"end":{"line":371,"column":47}},"type":"binary-expr","locations":[{"start":{"line":371,"column":15},"end":{"line":371,"column":22}},{"start":{"line":371,"column":26},"end":{"line":371,"column":47}}]},"1":{"loc":{"start":{"line":393,"column":6},"end":{"line":395,"column":7}},"type":"if","locations":[{"start":{"line":393,"column":6},"end":{"line":395,"column":7}},{"start":{},"end":{}}]},"2":{"loc":{"start":{"line":401,"column":23},"end":{"line":403,"column":68}},"type":"cond-expr","locations":[{"start":{"line":401,"column":55},"end":{"line":401,"column":62}},{"start":{"line":402,"column":22},"end":{"line":403,"column":68}}]},"3":{"loc":{"start":{"line":402,"column":22},"end":{"line":403,"column":68}},"type":"cond-expr","locations":[{"start":{"line":402,"column":51},"end":{"line":402,"column":58}},{"start":{"line":403,"column":22},"end":{"line":403,"column":68}}]},"4":{"loc":{"start":{"line":403,"column":22},"end":{"line":403,"column":68}},"type":"cond-expr","locations":[{"start":{"line":403,"column":53},"end":{"line":403,"column":59}},{"start":{"line":403,"column":62},"end":{"line":403,"column":68}}]},"5":{"loc":{"start":{"line":425,"column":28},"end":{"line":425,"column":70}},"type":"binary-expr","locations":[{"start":{"line":425,"column":28},"end":{"line":425,"column":65}},{"start":{"line":425,"column":69},"end":{"line":425,"column":70}}]},"6":{"loc":{"start":{"line":427,"column":4},"end":{"line":440,"column":5}},"type":"if","locations":[{"start":{"line":427,"column":4},"end":{"line":440,"column":5}},{"start":{},"end":{}}]},"7":{"loc":{"start":{"line":427,"column":8},"end":{"line":427,"column":94}},"type":"binary-expr","locations":[{"start":{"line":427,"column":8},"end":{"line":427,"column":41}},{"start":{"line":427,"column":45},"end":{"line":427,"column":94}}]},"8":{"loc":{"start":{"line":432,"column":6},"end":{"line":434,"column":7}},"type":"if","locations":[{"start":{"line":432,"column":6},"end":{"line":434,"column":7}},{"start":{},"end":{}}]},"9":{"loc":{"start":{"line":442,"column":4},"end":{"line":453,"column":5}},"type":"if","locations":[{"start":{"line":442,"column":4},"end":{"line":453,"column":5}},{"start":{},"end":{}}]},"10":{"loc":{"start":{"line":442,"column":8},"end":{"line":442,"column":76}},"type":"binary-expr","locations":[{"start":{"line":442,"column":8},"end":{"line":442,"column":44}},{"start":{"line":442,"column":48},"end":{"line":442,"column":76}}]},"11":{"loc":{"start":{"line":474,"column":46},"end":{"line":474,"column":72}},"type":"default-arg","locations":[{"start":{"line":474,"column":53},"end":{"line":474,"column":72}}]},"12":{"loc":{"start":{"line":487,"column":48},"end":{"line":487,"column":75}},"type":"default-arg","locations":[{"start":{"line":487,"column":55},"end":{"line":487,"column":75}}]},"13":{"loc":{"start":{"line":499,"column":4},"end":{"line":499,"column":30}},"type":"default-arg","locations":[{"start":{"line":499,"column":25},"end":{"line":499,"column":30}}]},"14":{"loc":{"start":{"line":505,"column":4},"end":{"line":511,"column":5}},"type":"if","locations":[{"start":{"line":505,"column":4},"end":{"line":511,"column":5}},{"start":{},"end":{}}]},"15":{"loc":{"start":{"line":505,"column":8},"end":{"line":505,"column":83}},"type":"binary-expr","locations":[{"start":{"line":505,"column":8},"end":{"line":505,"column":23}},{"start":{"line":505,"column":27},"end":{"line":505,"column":83}}]},"16":{"loc":{"start":{"line":514,"column":4},"end":{"line":526,"column":5}},"type":"if","locations":[{"start":{"line":514,"column":4},"end":{"line":526,"column":5}},{"start":{"line":520,"column":11},"end":{"line":526,"column":5}}]},"17":{"loc":{"start":{"line":514,"column":8},"end":{"line":514,"column":61}},"type":"binary-expr","locations":[{"start":{"line":514,"column":8},"end":{"line":514,"column":23}},{"start":{"line":514,"column":27},"end":{"line":514,"column":61}}]},"18":{"loc":{"start":{"line":520,"column":11},"end":{"line":526,"column":5}},"type":"if","locations":[{"start":{"line":520,"column":11},"end":{"line":526,"column":5}},{"start":{},"end":{}}]},"19":{"loc":{"start":{"line":529,"column":4},"end":{"line":546,"column":5}},"type":"if","locations":[{"start":{"line":529,"column":4},"end":{"line":546,"column":5}},{"start":{},"end":{}}]},"20":{"loc":{"start":{"line":530,"column":6},"end":{"line":545,"column":7}},"type":"if","locations":[{"start":{"line":530,"column":6},"end":{"line":545,"column":7}},{"start":{"line":536,"column":13},"end":{"line":545,"column":7}}]},"21":{"loc":{"start":{"line":530,"column":10},"end":{"line":530,"column":70}},"type":"binary-expr","locations":[{"start":{"line":530,"column":10},"end":{"line":530,"column":32}},{"start":{"line":530,"column":36},"end":{"line":530,"column":70}}]},"22":{"loc":{"start":{"line":537,"column":64},"end":{"line":537,"column":82}},"type":"binary-expr","locations":[{"start":{"line":537,"column":64},"end":{"line":537,"column":71}},{"start":{"line":537,"column":75},"end":{"line":537,"column":82}}]},"23":{"loc":{"start":{"line":538,"column":8},"end":{"line":544,"column":9}},"type":"if","locations":[{"start":{"line":538,"column":8},"end":{"line":544,"column":9}},{"start":{},"end":{}}]},"24":{"loc":{"start":{"line":549,"column":4},"end":{"line":555,"column":5}},"type":"if","locations":[{"start":{"line":549,"column":4},"end":{"line":555,"column":5}},{"start":{},"end":{}}]},"25":{"loc":{"start":{"line":549,"column":8},"end":{"line":549,"column":52}},"type":"binary-expr","locations":[{"start":{"line":549,"column":8},"end":{"line":549,"column":28}},{"start":{"line":549,"column":32},"end":{"line":549,"column":52}}]},"26":{"loc":{"start":{"line":558,"column":4},"end":{"line":574,"column":5}},"type":"if","locations":[{"start":{"line":558,"column":4},"end":{"line":574,"column":5}},{"start":{},"end":{}}]},"27":{"loc":{"start":{"line":559,"column":6},"end":{"line":565,"column":7}},"type":"if","locations":[{"start":{"line":559,"column":6},"end":{"line":565,"column":7}},{"start":{},"end":{}}]},"28":{"loc":{"start":{"line":559,"column":10},"end":{"line":559,"column":73}},"type":"binary-expr","locations":[{"start":{"line":559,"column":10},"end":{"line":559,"column":39}},{"start":{"line":559,"column":43},"end":{"line":559,"column":73}}]},"29":{"loc":{"start":{"line":567,"column":6},"end":{"line":573,"column":7}},"type":"if","locations":[{"start":{"line":567,"column":6},"end":{"line":573,"column":7}},{"start":{},"end":{}}]},"30":{"loc":{"start":{"line":567,"column":10},"end":{"line":567,"column":79}},"type":"binary-expr","locations":[{"start":{"line":567,"column":10},"end":{"line":567,"column":42}},{"start":{"line":567,"column":46},"end":{"line":567,"column":79}}]},"31":{"loc":{"start":{"line":577,"column":4},"end":{"line":593,"column":5}},"type":"if","locations":[{"start":{"line":577,"column":4},"end":{"line":593,"column":5}},{"start":{},"end":{}}]},"32":{"loc":{"start":{"line":578,"column":6},"end":{"line":584,"column":7}},"type":"if","locations":[{"start":{"line":578,"column":6},"end":{"line":584,"column":7}},{"start":{},"end":{}}]},"33":{"loc":{"start":{"line":586,"column":6},"end":{"line":592,"column":7}},"type":"if","locations":[{"start":{"line":586,"column":6},"end":{"line":592,"column":7}},{"start":{},"end":{}}]},"34":{"loc":{"start":{"line":586,"column":10},"end":{"line":586,"column":75}},"type":"binary-expr","locations":[{"start":{"line":586,"column":10},"end":{"line":586,"column":40}},{"start":{"line":586,"column":44},"end":{"line":586,"column":75}}]},"35":{"loc":{"start":{"line":596,"column":4},"end":{"line":612,"column":5}},"type":"if","locations":[{"start":{"line":596,"column":4},"end":{"line":612,"column":5}},{"start":{},"end":{}}]},"36":{"loc":{"start":{"line":597,"column":6},"end":{"line":603,"column":7}},"type":"if","locations":[{"start":{"line":597,"column":6},"end":{"line":603,"column":7}},{"start":{},"end":{}}]},"37":{"loc":{"start":{"line":597,"column":10},"end":{"line":597,"column":76}},"type":"binary-expr","locations":[{"start":{"line":597,"column":10},"end":{"line":597,"column":41}},{"start":{"line":597,"column":45},"end":{"line":597,"column":76}}]},"38":{"loc":{"start":{"line":605,"column":6},"end":{"line":611,"column":7}},"type":"if","locations":[{"start":{"line":605,"column":6},"end":{"line":611,"column":7}},{"start":{},"end":{}}]},"39":{"loc":{"start":{"line":605,"column":10},"end":{"line":605,"column":78}},"type":"binary-expr","locations":[{"start":{"line":605,"column":10},"end":{"line":605,"column":42}},{"start":{"line":605,"column":46},"end":{"line":605,"column":78}}]},"40":{"loc":{"start":{"line":615,"column":4},"end":{"line":621,"column":5}},"type":"if","locations":[{"start":{"line":615,"column":4},"end":{"line":621,"column":5}},{"start":{},"end":{}}]},"41":{"loc":{"start":{"line":615,"column":8},"end":{"line":615,"column":74}},"type":"binary-expr","locations":[{"start":{"line":615,"column":8},"end":{"line":615,"column":38}},{"start":{"line":615,"column":42},"end":{"line":615,"column":74}}]},"42":{"loc":{"start":{"line":623,"column":4},"end":{"line":629,"column":5}},"type":"if","locations":[{"start":{"line":623,"column":4},"end":{"line":629,"column":5}},{"start":{},"end":{}}]},"43":{"loc":{"start":{"line":623,"column":8},"end":{"line":623,"column":76}},"type":"binary-expr","locations":[{"start":{"line":623,"column":8},"end":{"line":623,"column":39}},{"start":{"line":623,"column":43},"end":{"line":623,"column":76}}]},"44":{"loc":{"start":{"line":633,"column":4},"end":{"line":639,"column":5}},"type":"if","locations":[{"start":{"line":633,"column":4},"end":{"line":639,"column":5}},{"start":{},"end":{}}]},"45":{"loc":{"start":{"line":667,"column":28},"end":{"line":667,"column":51}},"type":"binary-expr","locations":[{"start":{"line":667,"column":28},"end":{"line":667,"column":46}},{"start":{"line":667,"column":50},"end":{"line":667,"column":51}}]},"46":{"loc":{"start":{"line":668,"column":36},"end":{"line":668,"column":67}},"type":"binary-expr","locations":[{"start":{"line":668,"column":36},"end":{"line":668,"column":62}},{"start":{"line":668,"column":66},"end":{"line":668,"column":67}}]},"47":{"loc":{"start":{"line":669,"column":36},"end":{"line":669,"column":67}},"type":"binary-expr","locations":[{"start":{"line":669,"column":36},"end":{"line":669,"column":62}},{"start":{"line":669,"column":66},"end":{"line":669,"column":67}}]},"48":{"loc":{"start":{"line":704,"column":6},"end":{"line":711,"column":7}},"type":"if","locations":[{"start":{"line":704,"column":6},"end":{"line":711,"column":7}},{"start":{},"end":{}}]},"49":{"loc":{"start":{"line":706,"column":10},"end":{"line":708,"column":11}},"type":"if","locations":[{"start":{"line":706,"column":10},"end":{"line":708,"column":11}},{"start":{},"end":{}}]}},"s":{"0":0,"1":0,"2":0,"3":0,"4":0,"5":0,"6":0,"7":0,"8":0,"9":0,"10":0,"11":0,"12":0,"13":0,"14":0,"15":0,"16":0,"17":0,"18":0,"19":0,"20":0,"21":0,"22":0,"23":0,"24":0,"25":0,"26":0,"27":0,"28":0,"29":0,"30":0,"31":0,"32":0,"33":0,"34":0,"35":0,"36":0,"37":0,"38":0,"39":0,"40":0,"41":0,"42":0,"43":0,"44":0,"45":0,"46":0,"47":0,"48":0,"49":0,"50":0,"51":0,"52":0,"53":0,"54":0,"55":0,"56":0,"57":0,"58":0,"59":0,"60":0,"61":0,"62":0,"63":0,"64":0,"65":0,"66":0,"67":0,"68":0,"69":0,"70":0,"71":0,"72":0,"73":0,"74":0,"75":0,"76":0,"77":0,"78":0,"79":0,"80":0,"81":0,"82":0,"83":0,"84":0,"85":0,"86":0,"87":0,"88":0,"89":0,"90":0,"91":0,"92":0,"93":0,"94":0,"95":0,"96":0,"97":0,"98":0,"99":0,"100":0,"101":0,"102":0,"103":0},"f":{"0":0,"1":0,"2":0,"3":0,"4":0,"5":0,"6":0,"7":0,"8":0,"9":0,"10":0,"11":0,"12":0,"13":0,"14":0,"15":0,"16":0},"b":{"0":[0,0],"1":[0,0],"2":[0,0],"3":[0,0],"4":[0,0],"5":[0,0],"6":[0,0],"7":[0,0],"8":[0,0],"9":[0,0],"10":[0,0],"11":[0],"12":[0],"13":[0],"14":[0,0],"15":[0,0],"16":[0,0],"17":[0,0],"18":[0,0],"19":[0,0],"20":[0,0],"21":[0,0],"22":[0,0],"23":[0,0],"24":[0,0],"25":[0,0],"26":[0,0],"27":[0,0],"28":[0,0],"29":[0,0],"30":[0,0],"31":[0,0],"32":[0,0],"33":[0,0],"34":[0,0],"35":[0,0],"36":[0,0],"37":[0,0],"38":[0,0],"39":[0,0],"40":[0,0],"41":[0,0],"42":[0,0],"43":[0,0],"44":[0,0],"45":[0,0],"46":[0,0],"47":[0,0],"48":[0,0],"49":[0,0]}}
[...]
e":212,"column":10}},"46":{"start":{"line":215,"column":6},"end":{"line":215,"column":51}},"47":{"start":{"line":216,"column":6},"end":{"line":216,"column":36}},"48":{"start":{"line":219,"column":29},"end":{"line":223,"column":null}},"49":{"start":{"line":226,"column":6},"end":{"line":235,"column":7}},"50":{"start":{"line":227,"column":8},"end":{"line":234,"column":10}},"51":{"start":{"line":238,"column":6},"end":{"line":238,"column":51}},"52":{"start":{"line":240,"column":29},"end":{"line":240,"column":84}},"53":{"start":{"line":242,"column":6},"end":{"line":248,"column":8}},"54":{"start":{"line":250,"column":6},"end":{"line":257,"column":8}},"55":{"start":{"line":265,"column":4},"end":{"line":265,"column":52}},"56":{"start":{"line":272,"column":4},"end":{"line":272,"column":52}},"57":{"start":{"line":279,"column":4},"end":{"line":314,"column":5}},"58":{"start":{"line":280,"column":26},"end":{"line":280,"column":56}},"59":{"start":{"line":281,"column":6},"end":{"line":281,"column":31}},"60":{"start":{"line":281,"column":24},"end":{"line":281,"column":31}},"61":{"start":{"line":284,"column":20},"end":{"line":284,"column":50}},"62":{"start":{"line":285,"column":6},"end":{"line":288,"column":7}},"63":{"start":{"line":286,"column":8},"end":{"line":286,"column":28}},"64":{"start":{"line":287,"column":8},"end":{"line":287,"column":42}},"65":{"start":{"line":291,"column":18},"end":{"line":291,"column":28}},"66":{"start":{"line":292,"column":40},"end":{"line":303,"column":8}},"67":{"start":{"line":298,"column":10},"end":{"line":300,"column":19}},"68":{"start":{"line":305,"column":6},"end":{"line":305,"column":51}},"69":{"start":{"line":306,"column":6},"end":{"line":306,"column":36}},"70":{"start":{"line":309,"column":6},"end":{"line":309,"column":61}},"71":{"start":{"line":311,"column":6},"end":{"line":311,"column":84}},"72":{"start":{"line":313,"column":6},"end":{"line":313,"column":57}},"73":{"start":{"line":321,"column":4},"end":{"line":321,"column":46}},"74":{"start":{"line":321,"column":39},"end":{"line":321,"column":46}},"75":{"start":{"line":323,"column":28},"end":{"line":323,"column":79}},"76":{"start":{"line":325,"column":4},"end":{"line":328,"column":5}},"77":{"start":{"line":326,"column":6},"end":{"line":326,"column":46}},"78":{"start":{"line":327,"column":6},"end":{"line":327,"column":13}},"79":{"start":{"line":330,"column":18},"end":{"line":332,"column":23}},"80":{"start":{"line":331,"column":6},"end":{"line":331,"column":46}},"81":{"start":{"line":334,"column":4},"end":{"line":334,"column":42}},"82":{"start":{"line":345,"column":4},"end":{"line":345,"column":50}},"83":{"start":{"line":352,"column":18},"end":{"line":352,"column":48}},"84":{"start":{"line":353,"column":4},"end":{"line":353,"column":97}},"85":{"start":{"line":360,"column":18},"end":{"line":360,"column":48}},"86":{"start":{"line":361,"column":4},"end":{"line":361,"column":66}},"87":{"start":{"line":361,"column":54},"end":{"line":361,"column":66}},"88":{"start":{"line":363,"column":22},"end":{"line":363,"column":67}},"89":{"start":{"line":364,"column":4},"end":{"line":364,"column":44}},"90":{"start":{"line":371,"column":18},"end":{"line":371,"column":48}},"91":{"start":{"line":372,"column":4},"end":{"line":372,"column":28}},"92":{"start":{"line":372,"column":16},"end":{"line":372,"column":28}},"93":{"start":{"line":374,"column":4},"end":{"line":374,"column":55}},"94":{"start":{"line":381,"column":16},"end":{"line":381,"column":26}},"95":{"start":{"line":382,"column":4},"end":{"line":384,"column":6}},"96":{"start":{"line":383,"column":15},"end":{"line":383,"column":88}},"97":{"start":{"line":396,"column":18},"end":{"line":396,"column":48}},"98":{"start":{"line":398,"column":4},"end":{"line":405,"column":5}},"99":{"start":{"line":399,"column":6},"end":{"line":404,"column":8}},"100":{"start":{"line":407,"column":20},"end":{"line":407,"column":40}},"101":{"start":{"line":408,"column":25},"end":{"line":408,"column":39}},"102":{"start":{"line":409,"column":24},"end":{"line":409,"column":101}},"103":{"start":{"line":409,"column":55},"end":{"line":409,"column":82}},"104":{"start":{"line":410,"column":27},"end":{"line":410,"column":74}},"105":{"start":{"line":411,"column":26},"end":{"line":411,"column":66}},"106":{"start":{"line":413,"column":4},"end":{"line":418,"column":6}},"107":{"start":{"line":429,"column":4},"end":{"line":442,"column":5}},"108":{"start":{"line":431,"column":20},"end":{"line":431,"column":50}},"109":{"start":{"line":432,"column":6},"end":{"line":435,"column":7}},"110":{"start":{"line":433,"column":8},"end":{"line":433,"column":28}},"111":{"start":{"line":434,"column":8},"end":{"line":434,"column":42}},"112":{"start":{"line":438,"column":6},"end":{"line":438,"column":40}},"113":{"start":{"line":439,"column":6},"end":{"line":439,"column":36}},"114":{"start":{"line":441,"column":6},"end":{"line":441,"column":60}},"115":{"start":{"line":449,"column":4},"end":{"line":463,"column":5}},"116":{"start":{"line":451,"column":6},"end":{"line":453,"column":7}},"117":{"start":{"line":452,"column":8},"end":{"line":452,"column":28}},"118":{"start":{"line":454,"column":6},"end":{"line":454,"column":32}},"119":{"start":{"line":457,"column":6},"end":{"line":457,"column":32}},"120":{"start":{"line":458,"column":6},"end":{"line":458,"column":36}},"121":{"start":{"line":460,"column":6},"end":{"line":460,"column":47}},"122":{"start":{"line":462,"column":6},"end":{"line":462,"column":65}},"123":{"start":{"line":470,"column":22},"end":{"line":470,"column":58}},"124":{"start":{"line":471,"column":4},"end":{"line":471,"column":32}},"125":{"start":{"line":471,"column":20},"end":{"line":471,"column":32}},"126":{"start":{"line":473,"column":20},"end":{"line":473,"column":55}},"127":{"start":{"line":474,"column":20},"end":{"line":474,"column":64}},"128":{"start":{"line":476,"column":4},"end":{"line":480,"column":5}},"129":{"start":{"line":477,"column":6},"end":{"line":477,"column":39}},"130":{"start":{"line":479,"column":6},"end":{"line":479,"column":27}},"131":{"start":{"line":487,"column":45},"end":{"line":487,"column":47}},"132":{"start":{"line":489,"column":4},"end":{"line":491,"column":5}},"133":{"start":{"line":490,"column":6},"end":{"line":490,"column":47}},"134":{"start":{"line":493,"column":4},"end":{"line":493,"column":86}},"135":{"start":{"line":493,"column":37},"end":{"line":493,"column":84}},"136":{"start":{"line":61,"column":0},"end":{"line":61,"column":13}},"137":{"start":{"line":497,"column":0},"end":{"line":497,"column":29}}},"fnMap":{"0":{"name":"(anonymous_1)","decl":{"start":{"line":73,"column":2},"end":{"line":73,"column":8}},"loc":{"start":{"line":73,"column":25},"end":{"line":85,"column":3}}},"1":{"name":"(anonymous_2)","decl":{"start":{"line":90,"column":10},"end":{"line":90,"column":16}},"loc":{"start":{"line":90,"column":39},"end":{"line":106,"column":3}}},"2":{"name":"(anonymous_3)","decl":{"start":{"line":94,"column":65},"end":{"line":94,"column":66}},"loc":{"start":{"line":94,"column":80},"end":{"line":100,"column":9}}},"3":{"name":"(anonymous_4)","decl":{"start":{"line":111,"column":10},"end":{"line":111,"column":16}},"loc":{"start":{"line":111,"column":39},"end":{"line":118,"column":3}}},"4":{"name":"(anonymous_5)","decl":{"start":{"line":123,"column":10},"end":{"line":123,"column":16}},"loc":{"start":{"line":123,"column":43},"end":{"line":137,"column":3}}},"5":{"name":"(anonymous_7)","decl":{"start":{"line":264,"column":2},"end":{"line":264,"column":8}},"loc":{"start":{"line":264,"column":43},"end":{"line":266,"column":3}}},"6":{"name":"(anonymous_8)","decl":{"start":{"line":271,"column":2},"end":{"line":271,"column":8}},"loc":{"start":{"line":271,"column":43},"end":{"line":273,"column":3}}},"7":{"name":"(anonymous_9)","decl":{"start":{"line":278,"column":10},"end":{"line":278,"column":16}},"loc":{"start":{"line":278,"column":81},"end":{"line":315,"column":3}}},"8":{"name":"(anonymous_10)","decl":{"start":{"line":297,"column":55},"end":{"line":297,"column":56}},"loc":{"start":{"line":298,"column":10},"end":{"line":300,"column":19}}},"9":{"name":"(anonymous_11)","decl":{"start":{"line":320,"column":10},"end":{"line":320,"column":16}},"loc":{"start":{"line":320,"column":75},"end":{"line":335,"column":3}}},"10":{"name":"(anonymous_12)","decl":{"start":{"line":330,"column":29},"end":{"line":330,"column":32}},"loc":{"start":{"line":330,"column":34},"end":{"line":332,"column":5}}},"11":{"name":"(anonymous_13)","decl":{"start":{"line":344,"column":2},"end":{"line":344,"column":8}},"loc":{"start":{"line":344,"column":39},"end":{"line":346,"column":3}}},"12":{"name":"(anonymous_14)","decl":{"start":{"line":351,"column":2},"end":{"line":351,"column":8}},"loc":{"start":{"line":351,"column":39},"end":{"line":354,"column":3}}},"13":{"name":"(anonymous_15)","decl":{"start":{"line":359,"column":2},"end":{"line":359,"column":8}},"loc":{"start":{"line":359,"column":47},"end":{"line":365,"column":3}}},"14":{"name":"(anonymous_16)","decl":{"start":{"line":370,"column":2},"end":{"line":370,"column":8}},"loc":{"start":{"line":370,"column":39},"end":{"line":375,"column":3}}},"15":{"name":"(anonymous_17)","decl":{"start":{"line":380,"column":2},"end":{"line":380,"column":8}},"loc":{"start":{"line":380,"column":25},"end":{"line":385,"column":3}}},"16":{"name":"(anonymous_18)","decl":{"start":{"line":383,"column":6},"end":{"line":383,"column":11}},"loc":{"start":{"line":383,"column":15},"end":{"line":383,"column":88}}},"17":{"name":"(anonymous_19)","decl":{"start":{"line":390,"column":2},"end":{"line":390,"column":8}},"loc":{"start":{"line":390,"column":39},"end":{"line":419,"column":3}}},"18":{"name":"(anonymous_20)","decl":{"start":{"line":409,"column":39},"end":{"line":409,"column":40}},"loc":{"start":{"line":409,"column":55},"end":{"line":409,"column":82}}},"19":{"name":"(anonymous_21)","decl":{"start":{"line":428,"column":2},"end":{"line":428,"column":8}},"loc":{"start":{"line":428,"column":47},"end":{"line":443,"column":3}}},"20":{"name":"(anonymous_22)","decl":{"start":{"line":448,"column":2},"end":{"line":448,"column":8}},"loc":{"start":{"line":448,"column":35},"end":{"line":464,"column":3}}},"21":{"name":"(anonymous_23)","decl":{"start":{"line":469,"column":2},"end":{"line":469,"column":8}},"loc":{"start":{"line":469,"column":47},"end":{"line":481,"column":3}}},"22":{"name":"(anonymous_24)","decl":{"start":{"line":486,"column":2},"end":{"line":486,"column":8}},"loc":{"start":{"line":486,"column":28},"end":{"line":494,"column":3}}},"23":{"name":"(anonymous_25)","decl":{"start":{"line":493,"column":27},"end":{"line":493,"column":28}},"loc":{"start":{"line":493,"column":37},"end":{"line":493,"column":84}}}},"branchMap":{"0":{"loc":{"start":{"line":74,"column":4},"end":{"line":74,"column":33}},"type":"if","locations":[{"start":{"line":74,"column":4},"end":{"line":74,"column":33}},{"start":{},"end":{}}]},"1":{"loc":{"start":{"line":93,"column":6},"end":{"line":102,"column":7}},"type":"if","locations":[{"start":{"line":93,"column":6},"end":{"line":102,"column":7}},{"start":{},"end":{}}]},"2":{"loc":{"start":{"line":96,"column":10},"end":{"line":98,"column":11}},"type":"if","locations":[{"start":{"line":96,"column":10},"end":{"line":98,"column":11}},{"start":{},"end":{}}]},"3":{"loc":{"start":{"line":96,"column":14},"end":{"line":96,"column":57}},"type":"binary-expr","locations":[{"start":{"line":96,"column":14},"end":{"line":96,"column":34}},{"start":{"line":96,"column":38},"end":{"line":96,"column":57}}]},"4":{"loc":{"start":{"line":97,"column":19},"end":{"line":97,"column":49}},"type":"cond-expr","locations":[{"start":{"line":97,"column":27},"end":{"line":97,"column":42}},{"start":{"line":97,"column":45},"end":{"line":97,"column":49}}]},"5":{"loc":{"start":{"line":127,"column":6},"end":{"line":135,"column":7}},"type":"if","locations":[{"start":{"line":127,"column":6},"end":{"line":135,"column":7}},{"start":{},"end":{}}]},"6":{"loc":{"start":{"line":127,"column":10},"end":{"line":127,"column":51}},"type":"binary-expr","locations":[{"start":{"line":127,"column":10},"end":{"line":127,"column":25}},{"start":{"line":127,"column":29},"end":{"line":127,"column":51}}]},"7":{"loc":{"start":{"line":128,"column":8},"end":{"line":134,"column":9}},"type":"if","locations":[{"start":{"line":128,"column":8},"end":{"line":134,"column":9}},{"start":{"line":131,"column":15},"end":{"line":134,"column":9}}]},"8":{"loc":{"start":{"line":151,"column":6},"end":{"line":153,"column":7}},"type":"if","locations":[{"start":{"line":151,"column":6},"end":{"line":153,"column":7}},{"start":{},"end":{}}]},"9":{"loc":{"start":{"line":155,"column":29},"end":{"line":155,"column":68}},"type":"binary-expr","locations":[{"start":{"line":155,"column":29},"end":{"line":155,"column":43}},{"start":{"line":155,"column":47},"end":{"line":155,"column":68}}]},"10":{"loc":{"start":{"line":159,"column":6},"end":{"line":168,"column":7}},"type":"if","locations":[{"start":{"line":159,"column":6},"end":{"line":168,"column":7}},{"start":{},"end":{}}]},"11":{"loc":{"start":{"line":159,"column":10},"end":{"line":159,"column":87}},"type":"binary-expr","locations":[{"start":{"line":159,"column":10},"end":{"line":159,"column":23}},{"start":{"line":159,"column":27},"end":{"line":159,"column":87}}]},"12":{"loc":{"start":{"line":176,"column":6},"end":{"line":213,"column":7}},"type":"if","locations":[{"start":{"line":176,"column":6},"end":{"line":213,"column":7}},{"start":{"line":194,"column":13},"end":{"line":213,"column":7}}]},"13":{"loc":{"start":{"line":226,"column":6},"end":{"line":235,"column":7}},"type":"if","locations":[{"start":{"line":226,"column":6},"end":{"line":235,"column":7}},{"start":{},"end":{}}]},"14":{"loc":{"start":{"line":233,"column":17},"end":{"line":233,"column":81}},"type":"binary-expr","locations":[{"start":{"line":233,"column":17},"end":{"line":233,"column":37}},{"start":{"line":233,"column":41},"end":{"line":233,"column":81}}]},"15":{"loc":{"start":{"line":256,"column":15},"end":{"line":256,"column":71}},"type":"cond-expr","locations":[{"start":{"line":256,"column":40},"end":{"line":256,"column":53}},{"start":{"line":256,"column":56},"end":{"line":256,"column":71}}]},"16":{"loc":{"start":{"line":281,"column":6},"end":{"line":281,"column":31}},"type":"if","locations":[{"start":{"line":281,"column":6},"end":{"line":281,"column":31}},{"start":{},"end":{}}]},"17":{"loc":{"start":{"line":285,"column":6},"end":{"line":288,"column":7}},"type":"if","locations":[{"start":{"line":285,"column":6},"end":{"line":288,"column":7}},{"start":{},"end":{}}]},"18":{"loc":{"start":{"line":298,"column":10},"end":{"line":300,"column":19}},"type":"cond-expr","locations":[{"start":{"line":299,"column":14},"end":{"line":299,"column":68}},{"start":{"line":300,"column":14},"end":{"line":300,"column":19}}]},"19":{"loc":{"start":{"line":321,"column":4},"end":{"line":321,"column":46}},"type":"if","locations":[{"start":{"line":321,"column":4},"end":{"line":321,"column":46}},{"start":{},"end":{}}]},"20":{"loc":{"start":{"line":325,"column":4},"end":{"line":328,"column":5}},"type":"if","locations":[{"start":{"line":325,"column":4},"end":{"line":328,"column":5}},{"start":{},"end":{}}]},"21":{"loc":{"start":{"line":345,"column":11},"end":{"line":345,"column":49}},"type":"binary-expr","locations":[{"start":{"line":345,"column":11},"end":{"line":345,"column":41}},{"start":{"line":345,"column":45},"end":{"line":345,"column":49}}]},"22":{"loc":{"start":{"line":353,"column":14},"end":{"line":353,"column":95}},"type":"binary-expr","locations":[{"start":{"line":353,"column":14},"end":{"line":353,"column":30}},{"start":{"line":353,"column":34},"end":{"line":353,"column":56}},{"start":{"line":353,"column":60},"end":{"line":353,"column":95}}]},"23":{"loc":{"start":{"line":361,"column":4},"end":{"line":361,"column":66}},"type":"if","locations":[{"start":{"line":361,"column":4},"end":{"line":361,"column":66}},{"start":{},"end":{}}]},"24":{"loc":{"start":{"line":361,"column":8},"end":{"line":361,"column":52}},"type":"binary-expr","locations":[{"start":{"line":361,"column":8},"end":{"line":361,"column":25}},{"start":{"line":361,"column":29},"end":{"line":361,"column":52}}]},"25":{"loc":{"start":{"line":364,"column":11},"end":{"line":364,"column":43}},"type":"cond-expr","locations":[{"start":{"line":364,"column":27},"end":{"line":364,"column":36}},{"start":{"line":364,"column":39},"end":{"line":364,"column":43}}]},"26":{"loc":{"start":{"line":372,"column":4},"end":{"line":372,"column":28}},"type":"if","locations":[{"start":{"line":372,"column":4},"end":{"line":372,"column":28}},{"start":{},"end":{}}]},"27":{"loc":{"start":{"line":383,"column":15},"end":{"line":383,"column":88}},"type":"binary-expr","locations":[{"start":{"line":383,"column":15},"end":{"line":383,"column":30}},{"start":{"line":383,"column":34},"end":{"line":383,"column":56}},{"start":{"line":383,"column":60},"end":{"line":383,"column":88}}]},"28":{"loc":{"start":{"line":398,"column":4},"end":{"line":405,"column":5}},"type":"if","locations":[{"start":{"line":398,"column":4},"end":{"line":405,"column":5}},{"start":{},"end":{}}]},"29":{"loc":{"start":{"line":398,"column":8},"end":{"line":398,"column":51}},"type":"binary-expr","locations":[{"start":{"line":398,"column":8},"end":{"line":398,"column":14}},{"start":{"line":398,"column":18},"end":{"line":398,"column":51}}]},"30":{"loc":{"start":{"line":410,"column":27},"end":{"line":410,"column":74}},"type":"binary-expr","locations":[{"start":{"line":410,"column":27},"end":{"line":410,"column":66}},{"start":{"line":410,"column":70},"end":{"line":410,"column":74}}]},"31":{"loc":{"start":{"line":411,"column":26},"end":{"line":411,"column":66}},"type":"cond-expr","locations":[{"start":{"line":411,"column":44},"end":{"line":411,"column":62}},{"start":{"line":411,"column":65},"end":{"line":411,"column":66}}]},"32":{"loc":{"start":{"line":432,"column":6},"end":{"line":435,"column":7}},"type":"if","locations":[{"start":{"line":432,"column":6},"end":{"line":435,"column":7}},{"start":{},"end":{}}]},"33":{"loc":{"start":{"line":471,"column":4},"end":{"line":471,"column":32}},"type":"if","locations":[{"start":{"line":471,"column":4},"end":{"line":471,"column":32}},{"start":{},"end":{}}]},"34":{"loc":{"start":{"line":476,"column":4},"end":{"line":480,"column":5}},"type":"if","locations":[{"start":{"line":476,"column":4},"end":{"line":480,"column":5}},{"start":{"line":478,"column":11},"end":{"line":480,"column":5}}]}},"s":{"0":0,"1":0,"2":0,"3":0,"4":0,"5":0,"6":0,"7":0,"8":0,"9":0,"10":0,"11":0,"12":0,"13":0,"14":0,"15":0,"16":0,"17":0,"18":0,"19":0,"20":0,"21":0,"22":0,"23":0,"24":0,"25":0,"26":0,"27":0,"28":0,"29":0,"30":0,"31":0,"32":0,"33":0,"34":0,"35":0,"36":0,"37":0,"38":0,"39":0,"40":0,"41":0,"42":0,"43":0,"44":0,"45":0,"46":0,"47":0,"48":0,"49":0,"50":0,"51":0,"52":0,"53":0,"54":0,"55":0,"56":0,"57":0,"58":0,"59":0,"60":0,"61":0,"62":0,"63":0,"64":0,"65":0,"66":0,"67":0,"68":0,"69":0,"70":0,"71":0,"72":0,"73":0,"74":0,"75":0,"76":0,"77":0,"78":0,"79":0,"80":0,"81":0,"82":0,"83":0,"84":0,"85":0,"86":0,"87":0,"88":0,"89":0,"90":0,"91":0,"92":0,"93":0,"94":0,"95":0,"96":0,"97":0,"98":0,"99":0,"100":0,"101":0,"102":0,"103":0,"104":0,"105":0,"106":0,"107":0,"108":0,"109":0,"110":0,"111":0,"112":0,"113":0,"114":0,"115":0,"116":0,"117":0,"118":0,"119":0,"120":0,"121":0,"122":0,"123":0,"124":0,"125":0,"126":0,"127":0,"128":0,"129":0,"130":0,"131":0,"132":0,"133":0,"134":0,"135":0,"136":0,"137":0},"f":{"0":0,"1":0,"2":0,"3":0,"4":0,"5":0,"6":0,"7":0,"8":0,"9":0,"10":0,"11":0,"12":0,"13":0,"14":0,"15":0,"16":0,"17":0,"18":0,"19":0,"20":0,"21":0,"22":0,"23":0},"b":{"0":[0,0],"1":[0,0],"2":[0,0],"3":[0,0],"4":[0,0],"5":[0,0],"6":[0,0],"7":[0,0],"8":[0,0],"9":[0,0],"10":[0,0],"11":[0,0],"12":[0,0],"13":[0,0],"14":[0,0],"15":[0,0],"16":[0,0],"17":[0,0],"18":[0,0],"19":[0,0],"20":[0,0],"21":[0,0],"22":[0,0,0],"23":[0,0],"24":[0,0],"25":[0,0],"26":[0,0],"27":[0,0,0],"28":[0,0],"29":[0,0],"30":[0,0],"31":[0,0],"32":[0,0],"33":[0,0],"34":[0,0]}}
}
