{"/Users/yanivhadar/Desktop/White Noise Alarm/AlarmWhiteNoiseApp/src/components/AudioControlPanel.tsx": {"path":"/Users/yanivhadar/Desktop/White Noise Alarm/AlarmWhiteNoiseApp/src/components/AudioControlPanel.tsx","statementMap":{"0":{"start":{"line":9,"column":0},"end":{"line":9,"column":51}},"1":{"start":{"line":10,"column":0},"end":{"line":10,"column":null}},"2":{"start":{"line":19,"column":0},"end":{"line":19,"column":46}},"3":{"start":{"line":20,"column":0},"end":{"line":20,"column":52}},"4":{"start":{"line":22,"column":0},"end":{"line":22,"column":74}},"5":{"start":{"line":23,"column":0},"end":{"line":23,"column":43}},"6":{"start":{"line":36,"column":67},"end":{"line":425,"column":1}},"7":{"start":{"line":51,"column":6},"end":{"line":51,"column":31}},"8":{"start":{"line":54,"column":40},"end":{"line":54,"column":53}},"9":{"start":{"line":55,"column":60},"end":{"line":55,"column":73}},"10":{"start":{"line":56,"column":56},"end":{"line":56,"column":93}},"11":{"start":{"line":59,"column":24},"end":{"line":59,"column":55}},"12":{"start":{"line":60,"column":27},"end":{"line":60,"column":58}},"13":{"start":{"line":63,"column":2},"end":{"line":68,"column":71}},"14":{"start":{"line":64,"column":4},"end":{"line":67,"column":5}},"15":{"start":{"line":65,"column":6},"end":{"line":65,"column":47}},"16":{"start":{"line":66,"column":6},"end":{"line":66,"column":67}},"17":{"start":{"line":71,"column":2},"end":{"line":92,"column":56}},"18":{"start":{"line":72,"column":4},"end":{"line":91,"column":5}},"19":{"start":{"line":73,"column":20},"end":{"line":85,"column":null}},"20":{"start":{"line":87,"column":6},"end":{"line":87,"column":20}},"21":{"start":{"line":88,"column":6},"end":{"line":88,"column":32}},"22":{"start":{"line":88,"column":19},"end":{"line":88,"column":31}},"23":{"start":{"line":90,"column":6},"end":{"line":90,"column":33}},"24":{"start":{"line":94,"column":2},"end":{"line":100,"column":3}},"25":{"start":{"line":95,"column":4},"end":{"line":99,"column":6}},"26":{"start":{"line":102,"column":28},"end":{"line":118,"column":3}},"27":{"start":{"line":103,"column":4},"end":{"line":114,"column":15}},"28":{"start":{"line":116,"column":4},"end":{"line":116,"column":26}},"29":{"start":{"line":117,"column":4},"end":{"line":117,"column":15}},"30":{"start":{"line":120,"column":22},"end":{"line":130,"column":3}},"31":{"start":{"line":121,"column":4},"end":{"line":121,"column":82}},"32":{"start":{"line":121,"column":75},"end":{"line":121,"column":82}},"33":{"start":{"line":123,"column":4},"end":{"line":129,"column":7}},"34":{"start":{"line":124,"column":21},"end":{"line":124,"column":41}},"35":{"start":{"line":125,"column":6},"end":{"line":127,"column":7}},"36":{"start":{"line":126,"column":8},"end":{"line":126,"column":72}},"37":{"start":{"line":128,"column":6},"end":{"line":128,"column":33}},"38":{"start":{"line":132,"column":23},"end":{"line":142,"column":3}},"39":{"start":{"line":133,"column":4},"end":{"line":133,"column":84}},"40":{"start":{"line":133,"column":77},"end":{"line":133,"column":84}},"41":{"start":{"line":135,"column":4},"end":{"line":141,"column":7}},"42":{"start":{"line":136,"column":21},"end":{"line":136,"column":42}},"43":{"start":{"line":137,"column":6},"end":{"line":139,"column":7}},"44":{"start":{"line":138,"column":8},"end":{"line":138,"column":73}},"45":{"start":{"line":140,"column":6},"end":{"line":140,"column":34}},"46":{"start":{"line":144,"column":21},"end":{"line":164,"column":3}},"47":{"start":{"line":145,"column":4},"end":{"line":145,"column":80}},"48":{"start":{"line":145,"column":73},"end":{"line":145,"column":80}},"49":{"start":{"line":147,"column":4},"end":{"line":163,"column":6}},"50":{"start":{"line":156,"column":12},"end":{"line":159,"column":15}},"51":{"start":{"line":157,"column":14},"end":{"line":157,"column":42}},"52":{"start":{"line":158,"column":14},"end":{"line":158,"column":40}},"53":{"start":{"line":166,"column":29},"end":{"line":187,"column":3}},"54":{"start":{"line":167,"column":4},"end":{"line":167,"column":52}},"55":{"start":{"line":167,"column":45},"end":{"line":167,"column":52}},"56":{"start":{"line":169,"column":4},"end":{"line":169,"column":27}},"57":{"start":{"line":172,"column":4},"end":{"line":174,"column":5}},"58":{"start":{"line":173,"column":6},"end":{"line":173,"column":40}},"59":{"start":{"line":176,"column":20},"end":{"line":183,"column":11}},"60":{"start":{"line":177,"column":21},"end":{"line":177,"column":54}},"61":{"start":{"line":178,"column":6},"end":{"line":182,"column":7}},"62":{"start":{"line":179,"column":8},"end":{"line":179,"column":64}},"63":{"start":{"line":181,"column":8},"end":{"line":181,"column":49}},"64":{"start":{"line":185,"column":4},"end":{"line":185,"column":36}},"65":{"start":{"line":186,"column":4},"end":{"line":186,"column":40}},"66":{"start":{"line":189,"column":39},"end":{"line":210,"column":3}},"67":{"start":{"line":190,"column":4},"end":{"line":190,"column":62}},"68":{"start":{"line":190,"column":55},"end":{"line":190,"column":62}},"69":{"start":{"line":192,"column":4},"end":{"line":192,"column":37}},"70":{"start":{"line":195,"column":4},"end":{"line":197,"column":5}},"71":{"start":{"line":196,"column":6},"end":{"line":196,"column":40}},"72":{"start":{"line":199,"column":20},"end":{"line":206,"column":11}},"73":{"start":{"line":200,"column":21},"end":{"line":200,"column":57}},"74":{"start":{"line":201,"column":6},"end":{"line":205,"column":7}},"75":{"start":{"line":202,"column":8},"end":{"line":202,"column":76}},"76":{"start":{"line":204,"column":8},"end":{"line":204,"column":69}},"77":{"start":{"line":208,"column":4},"end":{"line":208,"column":36}},"78":{"start":{"line":209,"column":4},"end":{"line":209,"column":50}},"79":{"start":{"line":212,"column":29},"end":{"line":264,"column":3}},"80":{"start":{"line":213,"column":22},"end":{"line":213,"column":52}},"81":{"start":{"line":214,"column":21},"end":{"line":214,"column":86}},"82":{"start":{"line":215,"column":22},"end":{"line":215,"column":89}},"83":{"start":{"line":217,"column":4},"end":{"line":263,"column":5}},"84":{"start":{"line":218,"column":6},"end":{"line":236,"column":8}},"85":{"start":{"line":237,"column":11},"end":{"line":263,"column":5}},"86":{"start":{"line":238,"column":6},"end":{"line":252,"column":8}},"87":{"start":{"line":254,"column":6},"end":{"line":262,"column":8}},"88":{"start":{"line":266,"column":33},"end":{"line":268,"column":3}},"89":{"start":{"line":267,"column":4},"end":{"line":267,"column":42}},"90":{"start":{"line":270,"column":2},"end":{"line":424,"column":4}},"91":{"start":{"line":36,"column":13},"end":{"line":36,"column":67}},"92":{"start":{"line":427,"column":15},"end":{"line":611,"column":2}}},"fnMap":{"0":{"name":"(anonymous_1)","decl":{"start":{"line":36,"column":67},"end":{"line":36,"column":68}},"loc":{"start":{"line":41,"column":5},"end":{"line":425,"column":1}}},"1":{"name":"(anonymous_2)","decl":{"start":{"line":63,"column":12},"end":{"line":63,"column":15}},"loc":{"start":{"line":63,"column":17},"end":{"line":68,"column":3}}},"2":{"name":"(anonymous_3)","decl":{"start":{"line":71,"column":12},"end":{"line":71,"column":15}},"loc":{"start":{"line":71,"column":17},"end":{"line":92,"column":3}}},"3":{"name":"(anonymous_4)","decl":{"start":{"line":88,"column":13},"end":{"line":88,"column":16}},"loc":{"start":{"line":88,"column":19},"end":{"line":88,"column":31}}},"4":{"name":"(anonymous_5)","decl":{"start":{"line":102,"column":28},"end":{"line":102,"column":29}},"loc":{"start":{"line":102,"column":53},"end":{"line":118,"column":3}}},"5":{"name":"(anonymous_6)","decl":{"start":{"line":120,"column":22},"end":{"line":120,"column":27}},"loc":{"start":{"line":120,"column":33},"end":{"line":130,"column":3}}},"6":{"name":"(anonymous_7)","decl":{"start":{"line":123,"column":22},"end":{"line":123,"column":27}},"loc":{"start":{"line":123,"column":33},"end":{"line":129,"column":5}}},"7":{"name":"(anonymous_8)","decl":{"start":{"line":132,"column":23},"end":{"line":132,"column":28}},"loc":{"start":{"line":132,"column":34},"end":{"line":142,"column":3}}},"8":{"name":"(anonymous_9)","decl":{"start":{"line":135,"column":22},"end":{"line":135,"column":27}},"loc":{"start":{"line":135,"column":33},"end":{"line":141,"column":5}}},"9":{"name":"(anonymous_10)","decl":{"start":{"line":144,"column":21},"end":{"line":144,"column":26}},"loc":{"start":{"line":144,"column":32},"end":{"line":164,"column":3}}},"10":{"name":"(anonymous_11)","decl":{"start":{"line":155,"column":19},"end":{"line":155,"column":22}},"loc":{"start":{"line":155,"column":24},"end":{"line":160,"column":11}}},"11":{"name":"(anonymous_12)","decl":{"start":{"line":156,"column":30},"end":{"line":156,"column":35}},"loc":{"start":{"line":156,"column":41},"end":{"line":159,"column":13}}},"12":{"name":"(anonymous_13)","decl":{"start":{"line":166,"column":29},"end":{"line":166,"column":30}},"loc":{"start":{"line":166,"column":48},"end":{"line":187,"column":3}}},"13":{"name":"(anonymous_14)","decl":{"start":{"line":176,"column":31},"end":{"line":176,"column":36}},"loc":{"start":{"line":176,"column":42},"end":{"line":183,"column":5}}},"14":{"name":"(anonymous_15)","decl":{"start":{"line":189,"column":39},"end":{"line":189,"column":40}},"loc":{"start":{"line":189,"column":58},"end":{"line":210,"column":3}}},"15":{"name":"(anonymous_16)","decl":{"start":{"line":199,"column":31},"end":{"line":199,"column":36}},"loc":{"start":{"line":199,"column":42},"end":{"line":206,"column":5}}},"16":{"name":"(anonymous_17)","decl":{"start":{"line":212,"column":29},"end":{"line":212,"column":32}},"loc":{"start":{"line":212,"column":34},"end":{"line":264,"column":3}}},"17":{"name":"(anonymous_18)","decl":{"start":{"line":266,"column":33},"end":{"line":266,"column":34}},"loc":{"start":{"line":266,"column":52},"end":{"line":268,"column":3}}}},"branchMap":{"0":{"loc":{"start":{"line":37,"column":2},"end":{"line":37,"column":17}},"type":"default-arg","locations":[{"start":{"line":37,"column":12},"end":{"line":37,"column":17}}]},"1":{"loc":{"start":{"line":38,"column":2},"end":{"line":38,"column":23}},"type":"default-arg","locations":[{"start":{"line":38,"column":21},"end":{"line":38,"column":23}}]},"2":{"loc":{"start":{"line":64,"column":4},"end":{"line":67,"column":5}},"type":"if","locations":[{"start":{"line":64,"column":4},"end":{"line":67,"column":5}}]},"3":{"loc":{"start":{"line":72,"column":4},"end":{"line":91,"column":5}},"type":"if","locations":[{"start":{"line":72,"column":4},"end":{"line":91,"column":5}},{"start":{"line":89,"column":11},"end":{"line":91,"column":5}}]},"4":{"loc":{"start":{"line":94,"column":2},"end":{"line":100,"column":3}},"type":"if","locations":[{"start":{"line":94,"column":2},"end":{"line":100,"column":3}}]},"5":{"loc":{"start":{"line":121,"column":4},"end":{"line":121,"column":82}},"type":"if","locations":[{"start":{"line":121,"column":4},"end":{"line":121,"column":82}}]},"6":{"loc":{"start":{"line":121,"column":8},"end":{"line":121,"column":73}},"type":"binary-expr","locations":[{"start":{"line":121,"column":8},"end":{"line":121,"column":42}},{"start":{"line":121,"column":46},"end":{"line":121,"column":73}}]},"7":{"loc":{"start":{"line":125,"column":6},"end":{"line":127,"column":7}},"type":"if","locations":[{"start":{"line":125,"column":6},"end":{"line":127,"column":7}}]},"8":{"loc":{"start":{"line":126,"column":29},"end":{"line":126,"column":70}},"type":"binary-expr","locations":[{"start":{"line":126,"column":29},"end":{"line":126,"column":41}},{"start":{"line":126,"column":45},"end":{"line":126,"column":70}}]},"9":{"loc":{"start":{"line":133,"column":4},"end":{"line":133,"column":84}},"type":"if","locations":[{"start":{"line":133,"column":4},"end":{"line":133,"column":84}}]},"10":{"loc":{"start":{"line":133,"column":8},"end":{"line":133,"column":75}},"type":"binary-expr","locations":[{"start":{"line":133,"column":8},"end":{"line":133,"column":43}},{"start":{"line":133,"column":47},"end":{"line":133,"column":75}}]},"11":{"loc":{"start":{"line":137,"column":6},"end":{"line":139,"column":7}},"type":"if","locations":[{"start":{"line":137,"column":6},"end":{"line":139,"column":7}}]},"12":{"loc":{"start":{"line":138,"column":29},"end":{"line":138,"column":71}},"type":"binary-expr","locations":[{"start":{"line":138,"column":29},"end":{"line":138,"column":41}},{"start":{"line":138,"column":45},"end":{"line":138,"column":71}}]},"13":{"loc":{"start":{"line":145,"column":4},"end":{"line":145,"column":80}},"type":"if","locations":[{"start":{"line":145,"column":4},"end":{"line":145,"column":80}}]},"14":{"loc":{"start":{"line":145,"column":8},"end":{"line":145,"column":71}},"type":"binary-expr","locations":[{"start":{"line":145,"column":8},"end":{"line":145,"column":41}},{"start":{"line":145,"column":45},"end":{"line":145,"column":71}}]},"15":{"loc":{"start":{"line":167,"column":4},"end":{"line":167,"column":52}},"type":"if","locations":[{"start":{"line":167,"column":4},"end":{"line":167,"column":52}}]},"16":{"loc":{"start":{"line":172,"column":4},"end":{"line":174,"column":5}},"type":"if","locations":[{"start":{"line":172,"column":4},"end":{"line":174,"column":5}}]},"17":{"loc":{"start":{"line":178,"column":6},"end":{"line":182,"column":7}},"type":"if","locations":[{"start":{"line":178,"column":6},"end":{"line":182,"column":7}}]},"18":{"loc":{"start":{"line":190,"column":4},"end":{"line":190,"column":62}},"type":"if","locations":[{"start":{"line":190,"column":4},"end":{"line":190,"column":62}}]},"19":{"loc":{"start":{"line":195,"column":4},"end":{"line":197,"column":5}},"type":"if","locations":[{"start":{"line":195,"column":4},"end":{"line":197,"column":5}}]},"20":{"loc":{"start":{"line":201,"column":6},"end":{"line":205,"column":7}},"type":"if","locations":[{"start":{"line":201,"column":6},"end":{"line":205,"column":7}}]},"21":{"loc":{"start":{"line":214,"column":21},"end":{"line":214,"column":86}},"type":"binary-expr","locations":[{"start":{"line":214,"column":21},"end":{"line":214,"column":47}},{"start":{"line":214,"column":51},"end":{"line":214,"column":86}}]},"22":{"loc":{"start":{"line":215,"column":22},"end":{"line":215,"column":89}},"type":"binary-expr","locations":[{"start":{"line":215,"column":22},"end":{"line":215,"column":49}},{"start":{"line":215,"column":53},"end":{"line":215,"column":89}}]},"23":{"loc":{"start":{"line":217,"column":4},"end":{"line":263,"column":5}},"type":"if","locations":[{"start":{"line":217,"column":4},"end":{"line":263,"column":5}},{"start":{"line":237,"column":11},"end":{"line":263,"column":5}}]},"24":{"loc":{"start":{"line":217,"column":8},"end":{"line":217,"column":29}},"type":"binary-expr","locations":[{"start":{"line":217,"column":8},"end":{"line":217,"column":17}},{"start":{"line":217,"column":21},"end":{"line":217,"column":29}}]},"25":{"loc":{"start":{"line":231,"column":20},"end":{"line":231,"column":37}},"type":"cond-expr","locations":[{"start":{"line":231,"column":30},"end":{"line":231,"column":32}},{"start":{"line":231,"column":35},"end":{"line":231,"column":37}}]},"26":{"loc":{"start":{"line":237,"column":11},"end":{"line":263,"column":5}},"type":"if","locations":[{"start":{"line":237,"column":11},"end":{"line":263,"column":5}},{"start":{"line":253,"column":11},"end":{"line":263,"column":5}}]},"27":{"loc":{"start":{"line":237,"column":15},"end":{"line":237,"column":38}},"type":"binary-expr","locations":[{"start":{"line":237,"column":15},"end":{"line":237,"column":25}},{"start":{"line":237,"column":29},"end":{"line":237,"column":38}}]},"28":{"loc":{"start":{"line":247,"column":20},"end":{"line":247,"column":37}},"type":"cond-expr","locations":[{"start":{"line":247,"column":30},"end":{"line":247,"column":32}},{"start":{"line":247,"column":35},"end":{"line":247,"column":37}}]},"29":{"loc":{"start":{"line":258,"column":18},"end":{"line":258,"column":35}},"type":"cond-expr","locations":[{"start":{"line":258,"column":28},"end":{"line":258,"column":30}},{"start":{"line":258,"column":33},"end":{"line":258,"column":35}}]},"30":{"loc":{"start":{"line":271,"column":36},"end":{"line":271,"column":70}},"type":"binary-expr","locations":[{"start":{"line":271,"column":36},"end":{"line":271,"column":43}},{"start":{"line":271,"column":47},"end":{"line":271,"column":70}}]},"31":{"loc":{"start":{"line":273,"column":7},"end":{"line":277,"column":null}},"type":"binary-expr","locations":[{"start":{"line":273,"column":7},"end":{"line":273,"column":12}},{"start":{"line":274,"column":8},"end":{"line":276,"column":null}}]},"32":{"loc":{"start":{"line":281,"column":38},"end":{"line":281,"column":72}},"type":"binary-expr","locations":[{"start":{"line":281,"column":38},"end":{"line":281,"column":45}},{"start":{"line":281,"column":49},"end":{"line":281,"column":72}}]},"33":{"loc":{"start":{"line":286,"column":9},"end":{"line":299,"column":null}},"type":"binary-expr","locations":[{"start":{"line":286,"column":9},"end":{"line":286,"column":34}},{"start":{"line":286,"column":38},"end":{"line":286,"column":72}},{"start":{"line":287,"column":10},"end":{"line":298,"column":null}}]},"34":{"loc":{"start":{"line":295,"column":22},"end":{"line":295,"column":39}},"type":"cond-expr","locations":[{"start":{"line":295,"column":32},"end":{"line":295,"column":34}},{"start":{"line":295,"column":37},"end":{"line":295,"column":39}}]},"35":{"loc":{"start":{"line":307,"column":31},"end":{"line":309,"column":38}},"type":"cond-expr","locations":[{"start":{"line":308,"column":18},"end":{"line":308,"column":38}},{"start":{"line":309,"column":18},"end":{"line":309,"column":38}}]},"36":{"loc":{"start":{"line":319,"column":7},"end":{"line":374,"column":null}},"type":"binary-expr","locations":[{"start":{"line":319,"column":7},"end":{"line":319,"column":15}},{"start":{"line":320,"column":8},"end":{"line":373,"column":null}}]},"37":{"loc":{"start":{"line":383,"column":19},"end":{"line":383,"column":110}},"type":"cond-expr","locations":[{"start":{"line":383,"column":61},"end":{"line":383,"column":81}},{"start":{"line":383,"column":84},"end":{"line":383,"column":110}}]},"38":{"loc":{"start":{"line":387,"column":21},"end":{"line":387,"column":112}},"type":"cond-expr","locations":[{"start":{"line":387,"column":63},"end":{"line":387,"column":83}},{"start":{"line":387,"column":86},"end":{"line":387,"column":112}}]},"39":{"loc":{"start":{"line":397,"column":19},"end":{"line":397,"column":99}},"type":"cond-expr","locations":[{"start":{"line":397,"column":56},"end":{"line":397,"column":76}},{"start":{"line":397,"column":79},"end":{"line":397,"column":99}}]},"40":{"loc":{"start":{"line":401,"column":21},"end":{"line":401,"column":101}},"type":"cond-expr","locations":[{"start":{"line":401,"column":58},"end":{"line":401,"column":78}},{"start":{"line":401,"column":81},"end":{"line":401,"column":101}}]},"41":{"loc":{"start":{"line":409,"column":7},"end":{"line":421,"column":null}},"type":"binary-expr","locations":[{"start":{"line":409,"column":7},"end":{"line":409,"column":17}},{"start":{"line":410,"column":8},"end":{"line":420,"column":null}}]}},"s":{"0":0,"1":0,"2":0,"3":0,"4":0,"5":0,"6":0,"7":0,"8":0,"9":0,"10":0,"11":0,"12":0,"13":0,"14":0,"15":0,"16":0,"17":0,"18":0,"19":0,"20":0,"21":0,"22":0,"23":0,"24":0,"25":0,"26":0,"27":0,"28":0,"29":0,"30":0,"31":0,"32":0,"33":0,"34":0,"35":0,"36":0,"37":0,"38":0,"39":0,"40":0,"41":0,"42":0,"43":0,"44":0,"45":0,"46":0,"47":0,"48":0,"49":0,"50":0,"51":0,"52":0,"53":0,"54":0,"55":0,"56":0,"57":0,"58":0,"59":0,"60":0,"61":0,"62":0,"63":0,"64":0,"65":0,"66":0,"67":0,"68":0,"69":0,"70":0,"71":0,"72":0,"73":0,"74":0,"75":0,"76":0,"77":0,"78":0,"79":0,"80":0,"81":0,"82":0,"83":0,"84":0,"85":0,"86":0,"87":0,"88":0,"89":0,"90":0,"91":0,"92":0},"f":{"0":0,"1":0,"2":0,"3":0,"4":0,"5":0,"6":0,"7":0,"8":0,"9":0,"10":0,"11":0,"12":0,"13":0,"14":0,"15":0,"16":0,"17":0},"b":{"0":[0],"1":[0],"2":[0],"3":[0,0],"4":[0],"5":[0],"6":[0,0],"7":[0],"8":[0,0],"9":[0],"10":[0,0],"11":[0],"12":[0,0],"13":[0],"14":[0,0],"15":[0],"16":[0],"17":[0],"18":[0],"19":[0],"20":[0],"21":[0,0],"22":[0,0],"23":[0,0],"24":[0,0],"25":[0,0],"26":[0,0],"27":[0,0],"28":[0,0],"29":[0,0],"30":[0,0],"31":[0,0],"32":[0,0],"33":[0,0,0],"34":[0,0],"35":[0,0],"36":[0,0],"37":[0,0],"38":[0,0],"39":[0,0],"40":[0,0],"41":[0,0]}}
,"/Users/yanivhadar/Desktop/White Noise Alarm/AlarmWhiteNoiseApp/src/components/FloatingSessionMonitor.tsx": {"path":"/Users/yanivhadar/Desktop/White Noise Alarm/AlarmWhiteNoiseApp/src/components/FloatingSessionMonitor.tsx","statementMap":{"0":{"start":{"line":9,"column":0},"end":{"line":9,"column":64}},"1":{"start":{"line":10,"column":0},"end":{"line":10,"column":null}},"2":{"start":{"line":17,"column":0},"end":{"line":17,"column":46}},"3":{"start":{"line":18,"column":0},"end":{"line":18,"column":54}},"4":{"start":{"line":19,"column":0},"end":{"line":19,"column":37}},"5":{"start":{"line":20,"column":0},"end":{"line":20,"column":103}},"6":{"start":{"line":21,"column":0},"end":{"line":21,"column":57}},"7":{"start":{"line":22,"column":0},"end":{"line":22,"column":67}},"8":{"start":{"line":23,"column":0},"end":{"line":23,"column":40}},"9":{"start":{"line":26,"column":0},"end":{"line":26,"column":74}},"10":{"start":{"line":27,"column":0},"end":{"line":27,"column":53}},"11":{"start":{"line":30,"column":0},"end":{"line":30,"column":65}},"12":{"start":{"line":48,"column":77},"end":{"line":313,"column":1}},"13":{"start":{"line":55,"column":20},"end":{"line":55,"column":30}},"14":{"start":{"line":56,"column":21},"end":{"line":56,"column":60}},"15":{"start":{"line":57,"column":17},"end":{"line":57,"column":36}},"16":{"start":{"line":70,"column":6},"end":{"line":70,"column":26}},"17":{"start":{"line":73,"column":21},"end":{"line":73,"column":87}},"18":{"start":{"line":74,"column":18},"end":{"line":74,"column":49}},"19":{"start":{"line":75,"column":20},"end":{"line":75,"column":51}},"20":{"start":{"line":78,"column":38},"end":{"line":78,"column":53}},"21":{"start":{"line":79,"column":36},"end":{"line":79,"column":51}},"22":{"start":{"line":82,"column":2},"end":{"line":100,"column":44}},"23":{"start":{"line":83,"column":4},"end":{"line":99,"column":5}},"24":{"start":{"line":84,"column":6},"end":{"line":84,"column":25}},"25":{"start":{"line":85,"column":6},"end":{"line":90,"column":17}},"26":{"start":{"line":91,"column":11},"end":{"line":99,"column":5}},"27":{"start":{"line":92,"column":6},"end":{"line":98,"column":9}},"28":{"start":{"line":97,"column":8},"end":{"line":97,"column":28}},"29":{"start":{"line":103,"column":25},"end":{"line":105,"column":null}},"30":{"start":{"line":108,"column":31},"end":{"line":142,"column":null}},"31":{"start":{"line":110,"column":52},"end":{"line":110,"column":69}},"32":{"start":{"line":112,"column":6},"end":{"line":140,"column":7}},"33":{"start":{"line":114,"column":10},"end":{"line":114,"column":30}},"34":{"start":{"line":115,"column":10},"end":{"line":118,"column":21}},"35":{"start":{"line":119,"column":10},"end":{"line":119,"column":16}},"36":{"start":{"line":122,"column":10},"end":{"line":122,"column":31}},"37":{"start":{"line":123,"column":10},"end":{"line":126,"column":21}},"38":{"start":{"line":129,"column":30},"end":{"line":129,"column":33}},"39":{"start":{"line":130,"column":30},"end":{"line":130,"column":60}},"40":{"start":{"line":132,"column":10},"end":{"line":138,"column":21}},"41":{"start":{"line":139,"column":10},"end":{"line":139,"column":16}},"42":{"start":{"line":146,"column":20},"end":{"line":176,"column":54}},"43":{"start":{"line":147,"column":4},"end":{"line":147,"column":27}},"44":{"start":{"line":147,"column":20},"end":{"line":147,"column":27}},"45":{"start":{"line":150,"column":4},"end":{"line":150,"column":59}},"46":{"start":{"line":153,"column":4},"end":{"line":156,"column":5}},"47":{"start":{"line":154,"column":6},"end":{"line":154,"column":14}},"48":{"start":{"line":155,"column":6},"end":{"line":155,"column":13}},"49":{"start":{"line":159,"column":4},"end":{"line":175,"column":5}},"50":{"start":{"line":161,"column":6},"end":{"line":174,"column":7}},"51":{"start":{"line":162,"column":9},"end":{"line":164,"column":11}},"52":{"start":{"line":167,"column":8},"end":{"line":173,"column":11}},"53":{"start":{"line":179,"column":26},"end":{"line":189,"column":41}},"54":{"start":{"line":180,"column":4},"end":{"line":180,"column":60}},"55":{"start":{"line":182,"column":44},"end":{"line":182,"column":78}},"56":{"start":{"line":184,"column":4},"end":{"line":188,"column":5}},"57":{"start":{"line":185,"column":6},"end":{"line":185,"column":27}},"58":{"start":{"line":186,"column":11},"end":{"line":188,"column":5}},"59":{"start":{"line":187,"column":6},"end":{"line":187,"column":28}},"60":{"start":{"line":192,"column":24},"end":{"line":206,"column":26}},"61":{"start":{"line":193,"column":4},"end":{"line":193,"column":59}},"62":{"start":{"line":195,"column":4},"end":{"line":205,"column":5}},"63":{"start":{"line":196,"column":6},"end":{"line":196,"column":18}},"64":{"start":{"line":199,"column":6},"end":{"line":199,"column":26}},"65":{"start":{"line":200,"column":6},"end":{"line":204,"column":17}},"66":{"start":{"line":209,"column":2},"end":{"line":211,"column":3}},"67":{"start":{"line":210,"column":4},"end":{"line":210,"column":16}},"68":{"start":{"line":213,"column":26},"end":{"line":213,"column":77}},"69":{"start":{"line":214,"column":22},"end":{"line":214,"column":94}},"70":{"start":{"line":216,"column":2},"end":{"line":312,"column":4}},"71":{"start":{"line":48,"column":13},"end":{"line":48,"column":77}},"72":{"start":{"line":315,"column":15},"end":{"line":384,"column":2}},"73":{"start":{"line":386,"column":0},"end":{"line":386,"column":38}}},"fnMap":{"0":{"name":"(anonymous_9)","decl":{"start":{"line":48,"column":77},"end":{"line":48,"column":78}},"loc":{"start":{"line":54,"column":5},"end":{"line":313,"column":1}}},"1":{"name":"(anonymous_10)","decl":{"start":{"line":82,"column":12},"end":{"line":82,"column":15}},"loc":{"start":{"line":82,"column":17},"end":{"line":100,"column":3}}},"2":{"name":"(anonymous_11)","decl":{"start":{"line":96,"column":15},"end":{"line":96,"column":18}},"loc":{"start":{"line":96,"column":20},"end":{"line":98,"column":7}}},"3":{"name":"(anonymous_12)","decl":{"start":{"line":109,"column":4},"end":{"line":109,"column":5}},"loc":{"start":{"line":109,"column":45},"end":{"line":141,"column":5}}},"4":{"name":"(anonymous_13)","decl":{"start":{"line":146,"column":32},"end":{"line":146,"column":35}},"loc":{"start":{"line":146,"column":37},"end":{"line":176,"column":3}}},"5":{"name":"(anonymous_14)","decl":{"start":{"line":179,"column":38},"end":{"line":179,"column":43}},"loc":{"start":{"line":179,"column":49},"end":{"line":189,"column":3}}},"6":{"name":"(anonymous_15)","decl":{"start":{"line":192,"column":36},"end":{"line":192,"column":39}},"loc":{"start":{"line":192,"column":41},"end":{"line":206,"column":3}}}},"branchMap":{"0":{"loc":{"start":{"line":49,"column":2},"end":{"line":49,"column":18}},"type":"default-arg","locations":[{"start":{"line":49,"column":15},"end":{"line":49,"column":18}}]},"1":{"loc":{"start":{"line":50,"column":2},"end":{"line":50,"column":19}},"type":"default-arg","locations":[{"start":{"line":50,"column":17},"end":{"line":50,"column":19}}]},"2":{"loc":{"start":{"line":51,"column":2},"end":{"line":51,"column":18}},"type":"default-arg","locations":[{"start":{"line":51,"column":14},"end":{"line":51,"column":18}}]},"3":{"loc":{"start":{"line":83,"column":4},"end":{"line":99,"column":5}},"type":"if","locations":[{"start":{"line":83,"column":4},"end":{"line":99,"column":5}},{"start":{"line":91,"column":11},"end":{"line":99,"column":5}}]},"4":{"loc":{"start":{"line":83,"column":8},"end":{"line":83,"column":37}},"type":"binary-expr","locations":[{"start":{"line":83,"column":8},"end":{"line":83,"column":23}},{"start":{"line":83,"column":27},"end":{"line":83,"column":37}}]},"5":{"loc":{"start":{"line":91,"column":11},"end":{"line":99,"column":5}},"type":"if","locations":[{"start":{"line":91,"column":11},"end":{"line":99,"column":5}}]},"6":{"loc":{"start":{"line":91,"column":15},"end":{"line":91,"column":44}},"type":"binary-expr","locations":[{"start":{"line":91,"column":15},"end":{"line":91,"column":31}},{"start":{"line":91,"column":35},"end":{"line":91,"column":44}}]},"7":{"loc":{"start":{"line":112,"column":6},"end":{"line":140,"column":7}},"type":"switch","locations":[{"start":{"line":113,"column":8},"end":{"line":119,"column":16}},{"start":{"line":121,"column":8},"end":{"line":139,"column":16}}]},"8":{"loc":{"start":{"line":134,"column":17},"end":{"line":134,"column":53}},"type":"cond-expr","locations":[{"start":{"line":134,"column":31},"end":{"line":134,"column":48}},{"start":{"line":134,"column":51},"end":{"line":134,"column":53}}]},"9":{"loc":{"start":{"line":147,"column":4},"end":{"line":147,"column":27}},"type":"if","locations":[{"start":{"line":147,"column":4},"end":{"line":147,"column":27}}]},"10":{"loc":{"start":{"line":153,"column":4},"end":{"line":156,"column":5}},"type":"if","locations":[{"start":{"line":153,"column":4},"end":{"line":156,"column":5}}]},"11":{"loc":{"start":{"line":159,"column":4},"end":{"line":175,"column":5}},"type":"if","locations":[{"start":{"line":159,"column":4},"end":{"line":175,"column":5}}]},"12":{"loc":{"start":{"line":184,"column":4},"end":{"line":188,"column":5}},"type":"if","locations":[{"start":{"line":184,"column":4},"end":{"line":188,"column":5}},{"start":{"line":186,"column":11},"end":{"line":188,"column":5}}]},"13":{"loc":{"start":{"line":184,"column":8},"end":{"line":184,"column":32}},"type":"binary-expr","locations":[{"start":{"line":184,"column":8},"end":{"line":184,"column":20}},{"start":{"line":184,"column":24},"end":{"line":184,"column":32}}]},"14":{"loc":{"start":{"line":186,"column":11},"end":{"line":188,"column":5}},"type":"if","locations":[{"start":{"line":186,"column":11},"end":{"line":188,"column":5}}]},"15":{"loc":{"start":{"line":186,"column":15},"end":{"line":186,"column":41}},"type":"binary-expr","locations":[{"start":{"line":186,"column":15},"end":{"line":186,"column":28}},{"start":{"line":186,"column":32},"end":{"line":186,"column":41}}]},"16":{"loc":{"start":{"line":195,"column":4},"end":{"line":205,"column":5}},"type":"if","locations":[{"start":{"line":195,"column":4},"end":{"line":205,"column":5}},{"start":{"line":197,"column":11},"end":{"line":205,"column":5}}]},"17":{"loc":{"start":{"line":209,"column":2},"end":{"line":211,"column":3}},"type":"if","locations":[{"start":{"line":209,"column":2},"end":{"line":211,"column":3}}]},"18":{"loc":{"start":{"line":209,"column":6},"end":{"line":209,"column":36}},"type":"binary-expr","locations":[{"start":{"line":209,"column":6},"end":{"line":209,"column":22}},{"start":{"line":209,"column":26},"end":{"line":209,"column":36}}]},"19":{"loc":{"start":{"line":213,"column":26},"end":{"line":213,"column":77}},"type":"cond-expr","locations":[{"start":{"line":213,"column":52},"end":{"line":213,"column":59}},{"start":{"line":213,"column":62},"end":{"line":213,"column":77}}]},"20":{"loc":{"start":{"line":214,"column":22},"end":{"line":214,"column":94}},"type":"cond-expr","locations":[{"start":{"line":214,"column":51},"end":{"line":214,"column":71}},{"start":{"line":214,"column":74},"end":{"line":214,"column":94}}]},"21":{"loc":{"start":{"line":231,"column":24},"end":{"line":231,"column":62}},"type":"cond-expr","locations":[{"start":{"line":231,"column":36},"end":{"line":231,"column":50}},{"start":{"line":231,"column":53},"end":{"line":231,"column":62}}]},"22":{"loc":{"start":{"line":232,"column":30},"end":{"line":232,"column":74}},"type":"cond-expr","locations":[{"start":{"line":232,"column":42},"end":{"line":232,"column":62}},{"start":{"line":232,"column":65},"end":{"line":232,"column":74}}]},"23":{"loc":{"start":{"line":238,"column":18},"end":{"line":238,"column":74}},"type":"cond-expr","locations":[{"start":{"line":238,"column":58},"end":{"line":238,"column":64}},{"start":{"line":238,"column":67},"end":{"line":238,"column":74}}]},"24":{"loc":{"start":{"line":294,"column":17},"end":{"line":304,"column":null}},"type":"binary-expr","locations":[{"start":{"line":294,"column":18},"end":{"line":294,"column":26}},{"start":{"line":294,"column":30},"end":{"line":294,"column":39}},{"start":{"line":295,"column":18},"end":{"line":303,"column":null}}]},"25":{"loc":{"start":{"line":300,"column":28},"end":{"line":300,"column":59}},"type":"cond-expr","locations":[{"start":{"line":300,"column":43},"end":{"line":300,"column":50}},{"start":{"line":300,"column":53},"end":{"line":300,"column":59}}]}},"s":{"0":0,"1":0,"2":0,"3":0,"4":0,"5":0,"6":0,"7":0,"8":0,"9":0,"10":0,"11":0,"12":0,"13":0,"14":0,"15":0,"16":0,"17":0,"18":0,"19":0,"20":0,"21":0,"22":0,"23":0,"24":0,"25":0,"26":0,"27":0,"28":0,"29":0,"30":0,"31":0,"32":0,"33":0,"34":0,"35":0,"36":0,"37":0,"38":0,"39":0,"40":0,"41":0,"42":0,"43":0,"44":0,"45":0,"46":0,"47":0,"48":0,"49":0,"50":0,"51":0,"52":0,"53":0,"54":0,"55":0,"56":0,"57":0,"58":0,"59":0,"60":0,"61":0,"62":0,"63":0,"64":0,"65":0,"66":0,"67":0,"68":0,"69":0,"70":0,"71":0,"72":0,"73":0},"f":{"0":0,"1":0,"2":0,"3":0,"4":0,"5":0,"6":0},"b":{"0":[0],"1":[0],"2":[0],"3":[0,0],"4":[0,0],"5":[0],"6":[0,0],"7":[0,0],"8":[0,0],"9":[0],"10":[0],"11":[0],"12":[0,0],"13":[0,0],"14":[0],"15":[0,0],"16":[0,0],"17":[0],"18":[0,0],"19":[0,0],"20":[0,0],"21":[0,0],"22":[0,0],"23":[0,0],"24":[0,0,0],"25":[0,0]}}
,"/Users/yanivhadar/Desktop/White Noise Alarm/AlarmWhiteNoiseApp/src/components/SessionProgressBar.tsx": {"path":"/Users/yanivhadar/Desktop/White Noise Alarm/AlarmWhiteNoiseApp/src/components/SessionProgressBar.tsx","statementMap":{"0":{"start":{"line":9,"column":0},"end":{"line":9,"column":51}},"1":{"start":{"line":10,"column":0},"end":{"line":10,"column":64}},"2":{"start":{"line":11,"column":0},"end":{"line":11,"column":54}},"3":{"start":{"line":12,"column":0},"end":{"line":12,"column":74}},"4":{"start":{"line":13,"column":0},"end":{"line":13,"column":43}},"5":{"start":{"line":30,"column":69},"end":{"line":225,"column":1}},"6":{"start":{"line":43,"column":6},"end":{"line":43,"column":31}},"7":{"start":{"line":46,"column":30},"end":{"line":46,"column":61}},"8":{"start":{"line":47,"column":27},"end":{"line":47,"column":58}},"9":{"start":{"line":50,"column":2},"end":{"line":64,"column":77}},"10":{"start":{"line":51,"column":4},"end":{"line":51,"column":37}},"11":{"start":{"line":51,"column":30},"end":{"line":51,"column":37}},"12":{"start":{"line":53,"column":27},"end":{"line":53,"column":71}},"13":{"start":{"line":55,"column":4},"end":{"line":63,"column":5}},"14":{"start":{"line":56,"column":6},"end":{"line":60,"column":17}},"15":{"start":{"line":62,"column":6},"end":{"line":62,"column":49}},"16":{"start":{"line":67,"column":2},"end":{"line":89,"column":57}},"17":{"start":{"line":68,"column":4},"end":{"line":88,"column":5}},"18":{"start":{"line":69,"column":24},"end":{"line":81,"column":null}},"19":{"start":{"line":83,"column":6},"end":{"line":83,"column":24}},"20":{"start":{"line":85,"column":6},"end":{"line":85,"column":36}},"21":{"start":{"line":85,"column":19},"end":{"line":85,"column":35}},"22":{"start":{"line":87,"column":6},"end":{"line":87,"column":33}},"23":{"start":{"line":91,"column":2},"end":{"line":97,"column":3}},"24":{"start":{"line":92,"column":4},"end":{"line":96,"column":6}},"25":{"start":{"line":99,"column":2},"end":{"line":105,"column":3}},"26":{"start":{"line":100,"column":4},"end":{"line":104,"column":6}},"27":{"start":{"line":113,"column":6},"end":{"line":113,"column":25}},"28":{"start":{"line":115,"column":21},"end":{"line":125,"column":3}},"29":{"start":{"line":116,"column":18},"end":{"line":116,"column":44}},"30":{"start":{"line":117,"column":17},"end":{"line":117,"column":50}},"31":{"start":{"line":118,"column":17},"end":{"line":118,"column":29}},"32":{"start":{"line":120,"column":4},"end":{"line":124,"column":5}},"33":{"start":{"line":121,"column":6},"end":{"line":121,"column":96}},"34":{"start":{"line":123,"column":6},"end":{"line":123,"column":59}},"35":{"start":{"line":127,"column":25},"end":{"line":138,"column":3}},"36":{"start":{"line":128,"column":4},"end":{"line":137,"column":5}},"37":{"start":{"line":130,"column":8},"end":{"line":130,"column":25}},"38":{"start":{"line":132,"column":8},"end":{"line":132,"column":36}},"39":{"start":{"line":134,"column":8},"end":{"line":134,"column":34}},"40":{"start":{"line":136,"column":8},"end":{"line":136,"column":42}},"41":{"start":{"line":140,"column":2},"end":{"line":224,"column":4}},"42":{"start":{"line":30,"column":13},"end":{"line":30,"column":69}},"43":{"start":{"line":227,"column":15},"end":{"line":335,"column":2}}},"fnMap":{"0":{"name":"(anonymous_0)","decl":{"start":{"line":30,"column":69},"end":{"line":30,"column":70}},"loc":{"start":{"line":37,"column":5},"end":{"line":225,"column":1}}},"1":{"name":"(anonymous_1)","decl":{"start":{"line":50,"column":12},"end":{"line":50,"column":15}},"loc":{"start":{"line":50,"column":17},"end":{"line":64,"column":3}}},"2":{"name":"(anonymous_2)","decl":{"start":{"line":67,"column":12},"end":{"line":67,"column":15}},"loc":{"start":{"line":67,"column":17},"end":{"line":89,"column":3}}},"3":{"name":"(anonymous_3)","decl":{"start":{"line":85,"column":13},"end":{"line":85,"column":16}},"loc":{"start":{"line":85,"column":19},"end":{"line":85,"column":35}}},"4":{"name":"(anonymous_4)","decl":{"start":{"line":115,"column":21},"end":{"line":115,"column":22}},"loc":{"start":{"line":115,"column":49},"end":{"line":125,"column":3}}},"5":{"name":"(anonymous_5)","decl":{"start":{"line":127,"column":25},"end":{"line":127,"column":28}},"loc":{"start":{"line":127,"column":30},"end":{"line":138,"column":3}}}},"branchMap":{"0":{"loc":{"start":{"line":31,"column":2},"end":{"line":31,"column":12}},"type":"default-arg","locations":[{"start":{"line":31,"column":11},"end":{"line":31,"column":12}}]},"1":{"loc":{"start":{"line":32,"column":2},"end":{"line":32,"column":23}},"type":"default-arg","locations":[{"start":{"line":32,"column":19},"end":{"line":32,"column":23}}]},"2":{"loc":{"start":{"line":33,"column":2},"end":{"line":33,"column":23}},"type":"default-arg","locations":[{"start":{"line":33,"column":19},"end":{"line":33,"column":23}}]},"3":{"loc":{"start":{"line":34,"column":2},"end":{"line":34,"column":17}},"type":"default-arg","locations":[{"start":{"line":34,"column":13},"end":{"line":34,"column":17}}]},"4":{"loc":{"start":{"line":35,"column":2},"end":{"line":35,"column":54}},"type":"default-arg","locations":[{"start":{"line":35,"column":11},"end":{"line":35,"column":54}}]},"5":{"loc":{"start":{"line":36,"column":2},"end":{"line":36,"column":30}},"type":"default-arg","locations":[{"start":{"line":36,"column":25},"end":{"line":36,"column":30}}]},"6":{"loc":{"start":{"line":51,"column":4},"end":{"line":51,"column":37}},"type":"if","locations":[{"start":{"line":51,"column":4},"end":{"line":51,"column":37}}]},"7":{"loc":{"start":{"line":55,"column":4},"end":{"line":63,"column":5}},"type":"if","locations":[{"start":{"line":55,"column":4},"end":{"line":63,"column":5}},{"start":{"line":61,"column":11},"end":{"line":63,"column":5}}]},"8":{"loc":{"start":{"line":68,"column":4},"end":{"line":88,"column":5}},"type":"if","locations":[{"start":{"line":68,"column":4},"end":{"line":88,"column":5}},{"start":{"line":86,"column":11},"end":{"line":88,"column":5}}]},"9":{"loc":{"start":{"line":91,"column":2},"end":{"line":97,"column":3}},"type":"if","locations":[{"start":{"line":91,"column":2},"end":{"line":97,"column":3}}]},"10":{"loc":{"start":{"line":99,"column":2},"end":{"line":105,"column":3}},"type":"if","locations":[{"start":{"line":99,"column":2},"end":{"line":105,"column":3}}]},"11":{"loc":{"start":{"line":99,"column":6},"end":{"line":99,"column":48}},"type":"binary-expr","locations":[{"start":{"line":99,"column":6},"end":{"line":99,"column":26}},{"start":{"line":99,"column":30},"end":{"line":99,"column":48}}]},"12":{"loc":{"start":{"line":120,"column":4},"end":{"line":124,"column":5}},"type":"if","locations":[{"start":{"line":120,"column":4},"end":{"line":124,"column":5}},{"start":{"line":122,"column":11},"end":{"line":124,"column":5}}]},"13":{"loc":{"start":{"line":128,"column":4},"end":{"line":137,"column":5}},"type":"switch","locations":[{"start":{"line":129,"column":6},"end":{"line":130,"column":25}},{"start":{"line":131,"column":6},"end":{"line":132,"column":36}},{"start":{"line":133,"column":6},"end":{"line":134,"column":34}},{"start":{"line":135,"column":6},"end":{"line":136,"column":42}}]},"14":{"loc":{"start":{"line":148,"column":7},"end":{"line":156,"column":null}},"type":"binary-expr","locations":[{"start":{"line":148,"column":7},"end":{"line":148,"column":21}},{"start":{"line":149,"column":8},"end":{"line":155,"column":null}}]},"15":{"loc":{"start":{"line":191,"column":23},"end":{"line":191,"column":77}},"type":"cond-expr","locations":[{"start":{"line":191,"column":70},"end":{"line":191,"column":71}},{"start":{"line":191,"column":74},"end":{"line":191,"column":77}}]},"16":{"loc":{"start":{"line":200,"column":9},"end":{"line":203,"column":null}},"type":"binary-expr","locations":[{"start":{"line":200,"column":9},"end":{"line":200,"column":23}},{"start":{"line":201,"column":10},"end":{"line":202,"column":null}}]},"17":{"loc":{"start":{"line":213,"column":9},"end":{"line":220,"column":null}},"type":"binary-expr","locations":[{"start":{"line":213,"column":9},"end":{"line":213,"column":29}},{"start":{"line":214,"column":10},"end":{"line":219,"column":null}}]}},"s":{"0":0,"1":0,"2":0,"3":0,"4":0,"5":0,"6":0,"7":0,"8":0,"9":0,"10":0,"11":0,"12":0,"13":0,"14":0,"15":0,"16":0,"17":0,"18":0,"19":0,"20":0,"21":0,"22":0,"23":0,"24":0,"25":0,"26":0,"27":0,"28":0,"29":0,"30":0,"31":0,"32":0,"33":0,"34":0,"35":0,"36":0,"37":0,"38":0,"39":0,"40":0,"41":0,"42":0,"43":0},"f":{"0":0,"1":0,"2":0,"3":0,"4":0,"5":0},"b":{"0":[0],"1":[0],"2":[0],"3":[0],"4":[0],"5":[0],"6":[0],"7":[0,0],"8":[0,0],"9":[0],"10":[0],"11":[0,0],"12":[0,0],"13":[0,0,0,0],"14":[0,0],"15":[0,0],"16":[0,0],"17":[0,0]}}
,"/Users/yanivhadar/Desktop/White Noise Alarm/AlarmWhiteNoiseApp/src/components/auth/ForgotPasswordForm.tsx": {"path":"/Users/yanivhadar/Desktop/White Noise Alarm/AlarmWhiteNoiseApp/src/components/auth/ForgotPasswordForm.tsx","statementMap":{"0":{"start":{"line":8,"column":0},"end":{"line":8,"column":40}},"1":{"start":{"line":9,"column":0},"end":{"line":9,"column":null}},"2":{"start":{"line":18,"column":0},"end":{"line":18,"column":62}},"3":{"start":{"line":19,"column":0},"end":{"line":19,"column":54}},"4":{"start":{"line":20,"column":0},"end":{"line":20,"column":99}},"5":{"start":{"line":21,"column":0},"end":{"line":21,"column":32}},"6":{"start":{"line":22,"column":0},"end":{"line":22,"column":34}},"7":{"start":{"line":23,"column":0},"end":{"line":23,"column":46}},"8":{"start":{"line":30,"column":69},"end":{"line":252,"column":1}},"9":{"start":{"line":34,"column":34},"end":{"line":36,"column":4}},"10":{"start":{"line":37,"column":30},"end":{"line":37,"column":74}},"11":{"start":{"line":38,"column":40},"end":{"line":38,"column":55}},"12":{"start":{"line":45,"column":6},"end":{"line":45,"column":20}},"13":{"start":{"line":47,"column":2},"end":{"line":50,"column":19}},"14":{"start":{"line":49,"column":4},"end":{"line":49,"column":30}},"15":{"start":{"line":49,"column":17},"end":{"line":49,"column":29}},"16":{"start":{"line":52,"column":23},"end":{"line":68,"column":3}},"17":{"start":{"line":53,"column":4},"end":{"line":67,"column":5}},"18":{"start":{"line":54,"column":6},"end":{"line":54,"column":42}},"19":{"start":{"line":55,"column":6},"end":{"line":55,"column":20}},"20":{"start":{"line":56,"column":6},"end":{"line":56,"column":18}},"21":{"start":{"line":58,"column":57},"end":{"line":58,"column":59}},"22":{"start":{"line":59,"column":6},"end":{"line":64,"column":9}},"23":{"start":{"line":60,"column":21},"end":{"line":60,"column":32}},"24":{"start":{"line":61,"column":8},"end":{"line":63,"column":9}},"25":{"start":{"line":62,"column":10},"end":{"line":62,"column":72}},"26":{"start":{"line":65,"column":6},"end":{"line":65,"column":28}},"27":{"start":{"line":66,"column":6},"end":{"line":66,"column":19}},"28":{"start":{"line":70,"column":28},"end":{"line":82,"column":3}},"29":{"start":{"line":71,"column":4},"end":{"line":71,"column":55}},"30":{"start":{"line":71,"column":25},"end":{"line":71,"column":52}},"31":{"start":{"line":74,"column":4},"end":{"line":76,"column":5}},"32":{"start":{"line":75,"column":6},"end":{"line":75,"column":59}},"33":{"start":{"line":75,"column":25},"end":{"line":75,"column":56}},"34":{"start":{"line":79,"column":4},"end":{"line":81,"column":5}},"35":{"start":{"line":80,"column":6},"end":{"line":80,"column":19}},"36":{"start":{"line":84,"column":30},"end":{"line":98,"column":3}},"37":{"start":{"line":85,"column":4},"end":{"line":85,"column":32}},"38":{"start":{"line":85,"column":25},"end":{"line":85,"column":32}},"39":{"start":{"line":87,"column":4},"end":{"line":97,"column":5}},"40":{"start":{"line":88,"column":21},"end":{"line":88,"column":56}},"41":{"start":{"line":90,"column":6},"end":{"line":94,"column":7}},"42":{"start":{"line":91,"column":8},"end":{"line":91,"column":29}},"43":{"start":{"line":92,"column":13},"end":{"line":94,"column":7}},"44":{"start":{"line":93,"column":8},"end":{"line":93,"column":59}},"45":{"start":{"line":96,"column":6},"end":{"line":96,"column":91}},"46":{"start":{"line":100,"column":29},"end":{"line":103,"column":3}},"47":{"start":{"line":101,"column":4},"end":{"line":101,"column":26}},"48":{"start":{"line":102,"column":4},"end":{"line":102,"column":20}},"49":{"start":{"line":105,"column":28},"end":{"line":108,"column":3}},"50":{"start":{"line":106,"column":4},"end":{"line":106,"column":26}},"51":{"start":{"line":107,"column":4},"end":{"line":107,"column":26}},"52":{"start":{"line":110,"column":2},"end":{"line":181,"column":3}},"53":{"start":{"line":111,"column":4},"end":{"line":180,"column":6}},"54":{"start":{"line":183,"column":2},"end":{"line":251,"column":4}},"55":{"start":{"line":208,"column":39},"end":{"line":208,"column":72}},"56":{"start":{"line":30,"column":13},"end":{"line":30,"column":69}},"57":{"start":{"line":254,"column":15},"end":{"line":395,"column":2}},"58":{"start":{"line":397,"column":0},"end":{"line":397,"column":34}}},"fnMap":{"0":{"name":"(anonymous_10)","decl":{"start":{"line":30,"column":69},"end":{"line":30,"column":70}},"loc":{"start":{"line":33,"column":5},"end":{"line":252,"column":1}}},"1":{"name":"(anonymous_11)","decl":{"start":{"line":47,"column":18},"end":{"line":47,"column":21}},"loc":{"start":{"line":47,"column":23},"end":{"line":50,"column":3}}},"2":{"name":"(anonymous_12)","decl":{"start":{"line":49,"column":11},"end":{"line":49,"column":14}},"loc":{"start":{"line":49,"column":17},"end":{"line":49,"column":29}}},"3":{"name":"(anonymous_13)","decl":{"start":{"line":52,"column":23},"end":{"line":52,"column":35}},"loc":{"start":{"line":52,"column":37},"end":{"line":68,"column":3}}},"4":{"name":"(anonymous_14)","decl":{"start":{"line":59,"column":28},"end":{"line":59,"column":29}},"loc":{"start":{"line":59,"column":41},"end":{"line":64,"column":7}}},"5":{"name":"(anonymous_15)","decl":{"start":{"line":70,"column":28},"end":{"line":70,"column":29}},"loc":{"start":{"line":70,"column":82},"end":{"line":82,"column":3}}},"6":{"name":"(anonymous_16)","decl":{"start":{"line":71,"column":16},"end":{"line":71,"column":20}},"loc":{"start":{"line":71,"column":25},"end":{"line":71,"column":52}}},"7":{"name":"(anonymous_17)","decl":{"start":{"line":75,"column":16},"end":{"line":75,"column":20}},"loc":{"start":{"line":75,"column":25},"end":{"line":75,"column":56}}},"8":{"name":"(anonymous_18)","decl":{"start":{"line":84,"column":30},"end":{"line":84,"column":35}},"loc":{"start":{"line":84,"column":41},"end":{"line":98,"column":3}}},"9":{"name":"(anonymous_19)","decl":{"start":{"line":100,"column":29},"end":{"line":100,"column":32}},"loc":{"start":{"line":100,"column":34},"end":{"line":103,"column":3}}},"10":{"name":"(anonymous_20)","decl":{"start":{"line":105,"column":28},"end":{"line":105,"column":31}},"loc":{"start":{"line":105,"column":33},"end":{"line":108,"column":3}}},"11":{"name":"(anonymous_21)","decl":{"start":{"line":208,"column":28},"end":{"line":208,"column":29}},"loc":{"start":{"line":208,"column":39},"end":{"line":208,"column":72}}}},"branchMap":{"0":{"loc":{"start":{"line":61,"column":8},"end":{"line":63,"column":9}},"type":"if","locations":[{"start":{"line":61,"column":8},"end":{"line":63,"column":9}}]},"1":{"loc":{"start":{"line":74,"column":4},"end":{"line":76,"column":5}},"type":"if","locations":[{"start":{"line":74,"column":4},"end":{"line":76,"column":5}}]},"2":{"loc":{"start":{"line":79,"column":4},"end":{"line":81,"column":5}},"type":"if","locations":[{"start":{"line":79,"column":4},"end":{"line":81,"column":5}}]},"3":{"loc":{"start":{"line":85,"column":4},"end":{"line":85,"column":32}},"type":"if","locations":[{"start":{"line":85,"column":4},"end":{"line":85,"column":32}}]},"4":{"loc":{"start":{"line":90,"column":6},"end":{"line":94,"column":7}},"type":"if","locations":[{"start":{"line":90,"column":6},"end":{"line":94,"column":7}},{"start":{"line":92,"column":13},"end":{"line":94,"column":7}}]},"5":{"loc":{"start":{"line":92,"column":13},"end":{"line":94,"column":7}},"type":"if","locations":[{"start":{"line":92,"column":13},"end":{"line":94,"column":7}}]},"6":{"loc":{"start":{"line":96,"column":42},"end":{"line":96,"column":89}},"type":"binary-expr","locations":[{"start":{"line":96,"column":42},"end":{"line":96,"column":55}},{"start":{"line":96,"column":59},"end":{"line":96,"column":89}}]},"7":{"loc":{"start":{"line":110,"column":2},"end":{"line":181,"column":3}},"type":"if","locations":[{"start":{"line":110,"column":2},"end":{"line":181,"column":3}}]},"8":{"loc":{"start":{"line":186,"column":18},"end":{"line":186,"column":62}},"type":"cond-expr","locations":[{"start":{"line":186,"column":42},"end":{"line":186,"column":51}},{"start":{"line":186,"column":54},"end":{"line":186,"column":62}}]}},"s":{"0":0,"1":0,"2":0,"3":0,"4":0,"5":0,"6":0,"7":0,"8":0,"9":0,"10":0,"11":0,"12":0,"13":0,"14":0,"15":0,"16":0,"17":0,"18":0,"19":0,"20":0,"21":0,"22":0,"23":0,"24":0,"25":0,"26":0,"27":0,"28":0,"29":0,"30":0,"31":0,"32":0,"33":0,"34":0,"35":0,"36":0,"37":0,"38":0,"39":0,"40":0,"41":0,"42":0,"43":0,"44":0,"45":0,"46":0,"47":0,"48":0,"49":0,"50":0,"51":0,"52":0,"53":0,"54":0,"55":0,"56":0,"57":0,"58":0},"f":{"0":0,"1":0,"2":0,"3":0,"4":0,"5":0,"6":0,"7":0,"8":0,"9":0,"10":0,"11":0},"b":{"0":[0],"1":[0],"2":[0],"3":[0],"4":[0,0],"5":[0],"6":[0,0],"7":[0],"8":[0,0]}}
,"/Users/yanivhadar/Desktop/White Noise Alarm/AlarmWhiteNoiseApp/src/components/auth/SignInForm.tsx": {"path":"/Users/yanivhadar/Desktop/White Noise Alarm/AlarmWhiteNoiseApp/src/components/auth/SignInForm.tsx","statementMap":{"0":{"start":{"line":8,"column":0},"end":{"line":8,"column":40}},"1":{"start":{"line":9,"column":0},"end":{"line":9,"column":null}},"2":{"start":{"line":18,"column":0},"end":{"line":18,"column":62}},"3":{"start":{"line":19,"column":0},"end":{"line":19,"column":54}},"4":{"start":{"line":20,"column":0},"end":{"line":20,"column":54}},"5":{"start":{"line":21,"column":0},"end":{"line":21,"column":78}},"6":{"start":{"line":22,"column":0},"end":{"line":22,"column":32}},"7":{"start":{"line":23,"column":0},"end":{"line":23,"column":34}},"8":{"start":{"line":30,"column":53},"end":{"line":279,"column":1}},"9":{"start":{"line":34,"column":20},"end":{"line":34,"column":30}},"10":{"start":{"line":35,"column":34},"end":{"line":38,"column":4}},"11":{"start":{"line":39,"column":30},"end":{"line":39,"column":67}},"12":{"start":{"line":40,"column":44},"end":{"line":40,"column":59}},"13":{"start":{"line":52,"column":6},"end":{"line":52,"column":20}},"14":{"start":{"line":54,"column":17},"end":{"line":54,"column":36}},"15":{"start":{"line":56,"column":2},"end":{"line":63,"column":61}},"16":{"start":{"line":58,"column":4},"end":{"line":62,"column":5}},"17":{"start":{"line":59,"column":6},"end":{"line":59,"column":29}},"18":{"start":{"line":61,"column":6},"end":{"line":61,"column":30}},"19":{"start":{"line":65,"column":2},"end":{"line":68,"column":19}},"20":{"start":{"line":67,"column":4},"end":{"line":67,"column":30}},"21":{"start":{"line":67,"column":17},"end":{"line":67,"column":29}},"22":{"start":{"line":70,"column":23},"end":{"line":86,"column":3}},"23":{"start":{"line":71,"column":4},"end":{"line":85,"column":5}},"24":{"start":{"line":72,"column":6},"end":{"line":72,"column":35}},"25":{"start":{"line":73,"column":6},"end":{"line":73,"column":20}},"26":{"start":{"line":74,"column":6},"end":{"line":74,"column":18}},"27":{"start":{"line":76,"column":50},"end":{"line":76,"column":52}},"28":{"start":{"line":77,"column":6},"end":{"line":82,"column":9}},"29":{"start":{"line":78,"column":21},"end":{"line":78,"column":32}},"30":{"start":{"line":79,"column":8},"end":{"line":81,"column":9}},"31":{"start":{"line":80,"column":10},"end":{"line":80,"column":65}},"32":{"start":{"line":83,"column":6},"end":{"line":83,"column":28}},"33":{"start":{"line":84,"column":6},"end":{"line":84,"column":19}},"34":{"start":{"line":88,"column":28},"end":{"line":100,"column":3}},"35":{"start":{"line":89,"column":4},"end":{"line":89,"column":55}},"36":{"start":{"line":89,"column":25},"end":{"line":89,"column":52}},"37":{"start":{"line":92,"column":4},"end":{"line":94,"column":5}},"38":{"start":{"line":93,"column":6},"end":{"line":93,"column":59}},"39":{"start":{"line":93,"column":25},"end":{"line":93,"column":56}},"40":{"start":{"line":97,"column":4},"end":{"line":99,"column":5}},"41":{"start":{"line":98,"column":6},"end":{"line":98,"column":19}},"42":{"start":{"line":102,"column":23},"end":{"line":116,"column":3}},"43":{"start":{"line":103,"column":4},"end":{"line":103,"column":32}},"44":{"start":{"line":103,"column":25},"end":{"line":103,"column":32}},"45":{"start":{"line":105,"column":4},"end":{"line":115,"column":5}},"46":{"start":{"line":106,"column":21},"end":{"line":106,"column":68}},"47":{"start":{"line":108,"column":6},"end":{"line":112,"column":7}},"48":{"start":{"line":109,"column":8},"end":{"line":109,"column":22}},"49":{"start":{"line":110,"column":13},"end":{"line":112,"column":7}},"50":{"start":{"line":111,"column":8},"end":{"line":111,"column":52}},"51":{"start":{"line":114,"column":6},"end":{"line":114,"column":84}},"52":{"start":{"line":118,"column":30},"end":{"line":130,"column":3}},"53":{"start":{"line":119,"column":4},"end":{"line":129,"column":5}},"54":{"start":{"line":120,"column":21},"end":{"line":120,"column":54}},"55":{"start":{"line":122,"column":6},"end":{"line":126,"column":7}},"56":{"start":{"line":123,"column":8},"end":{"line":123,"column":22}},"57":{"start":{"line":124,"column":13},"end":{"line":126,"column":7}},"58":{"start":{"line":125,"column":8},"end":{"line":125,"column":69}},"59":{"start":{"line":128,"column":6},"end":{"line":128,"column":89}},"60":{"start":{"line":132,"column":29},"end":{"line":144,"column":3}},"61":{"start":{"line":133,"column":4},"end":{"line":143,"column":5}},"62":{"start":{"line":134,"column":21},"end":{"line":134,"column":45}},"63":{"start":{"line":136,"column":6},"end":{"line":140,"column":7}},"64":{"start":{"line":137,"column":8},"end":{"line":137,"column":22}},"65":{"start":{"line":138,"column":13},"end":{"line":140,"column":7}},"66":{"start":{"line":139,"column":8},"end":{"line":139,"column":59}},"67":{"start":{"line":142,"column":6},"end":{"line":142,"column":91}},"68":{"start":{"line":146,"column":28},"end":{"line":158,"column":3}},"69":{"start":{"line":147,"column":4},"end":{"line":157,"column":5}},"70":{"start":{"line":148,"column":21},"end":{"line":148,"column":44}},"71":{"start":{"line":150,"column":6},"end":{"line":154,"column":7}},"72":{"start":{"line":151,"column":8},"end":{"line":151,"column":22}},"73":{"start":{"line":152,"column":13},"end":{"line":154,"column":7}},"74":{"start":{"line":153,"column":8},"end":{"line":153,"column":58}},"75":{"start":{"line":156,"column":6},"end":{"line":156,"column":90}},"76":{"start":{"line":160,"column":2},"end":{"line":278,"column":4}},"77":{"start":{"line":185,"column":39},"end":{"line":185,"column":72}},"78":{"start":{"line":198,"column":39},"end":{"line":198,"column":75}},"79":{"start":{"line":30,"column":13},"end":{"line":30,"column":53}},"80":{"start":{"line":281,"column":21},"end":{"line":349,"column":2}},"81":{"start":{"line":281,"column":37},"end":{"line":349,"column":2}},"82":{"start":{"line":351,"column":0},"end":{"line":351,"column":26}}},"fnMap":{"0":{"name":"(anonymous_10)","decl":{"start":{"line":30,"column":53},"end":{"line":30,"column":54}},"loc":{"start":{"line":33,"column":5},"end":{"line":279,"column":1}}},"1":{"name":"(anonymous_11)","decl":{"start":{"line":56,"column":18},"end":{"line":56,"column":21}},"loc":{"start":{"line":56,"column":23},"end":{"line":63,"column":3}}},"2":{"name":"(anonymous_12)","decl":{"start":{"line":65,"column":18},"end":{"line":65,"column":21}},"loc":{"start":{"line":65,"column":23},"end":{"line":68,"column":3}}},"3":{"name":"(anonymous_13)","decl":{"start":{"line":67,"column":11},"end":{"line":67,"column":14}},"loc":{"start":{"line":67,"column":17},"end":{"line":67,"column":29}}},"4":{"name":"(anonymous_14)","decl":{"start":{"line":70,"column":23},"end":{"line":70,"column":35}},"loc":{"start":{"line":70,"column":37},"end":{"line":86,"column":3}}},"5":{"name":"(anonymous_15)","decl":{"start":{"line":77,"column":28},"end":{"line":77,"column":29}},"loc":{"start":{"line":77,"column":41},"end":{"line":82,"column":7}}},"6":{"name":"(anonymous_16)","decl":{"start":{"line":88,"column":28},"end":{"line":88,"column":29}},"loc":{"start":{"line":88,"column":75},"end":{"line":100,"column":3}}},"7":{"name":"(anonymous_17)","decl":{"start":{"line":89,"column":16},"end":{"line":89,"column":20}},"loc":{"start":{"line":89,"column":25},"end":{"line":89,"column":52}}},"8":{"name":"(anonymous_18)","decl":{"start":{"line":93,"column":16},"end":{"line":93,"column":20}},"loc":{"start":{"line":93,"column":25},"end":{"line":93,"column":56}}},"9":{"name":"(anonymous_19)","decl":{"start":{"line":102,"column":23},"end":{"line":102,"column":28}},"loc":{"start":{"line":102,"column":34},"end":{"line":116,"column":3}}},"10":{"name":"(anonymous_20)","decl":{"start":{"line":118,"column":30},"end":{"line":118,"column":35}},"loc":{"start":{"line":118,"column":41},"end":{"line":130,"column":3}}},"11":{"name":"(anonymous_21)","decl":{"start":{"line":132,"column":29},"end":{"line":132,"column":34}},"loc":{"start":{"line":132,"column":40},"end":{"line":144,"column":3}}},"12":{"name":"(anonymous_22)","decl":{"start":{"line":146,"column":28},"end":{"line":146,"column":33}},"loc":{"start":{"line":146,"column":39},"end":{"line":158,"column":3}}},"13":{"name":"(anonymous_23)","decl":{"start":{"line":185,"column":28},"end":{"line":185,"column":29}},"loc":{"start":{"line":185,"column":39},"end":{"line":185,"column":72}}},"14":{"name":"(anonymous_24)","decl":{"start":{"line":198,"column":28},"end":{"line":198,"column":29}},"loc":{"start":{"line":198,"column":39},"end":{"line":198,"column":75}}},"15":{"name":"(anonymous_25)","decl":{"start":{"line":281,"column":21},"end":{"line":281,"column":22}},"loc":{"start":{"line":281,"column":37},"end":{"line":349,"column":2}}}},"branchMap":{"0":{"loc":{"start":{"line":58,"column":4},"end":{"line":62,"column":5}},"type":"if","locations":[{"start":{"line":58,"column":4},"end":{"line":62,"column":5}},{"start":{"line":60,"column":11},"end":{"line":62,"column":5}}]},"1":{"loc":{"start":{"line":58,"column":8},"end":{"line":58,"column":64}},"type":"binary-expr","locations":[{"start":{"line":58,"column":8},"end":{"line":58,"column":26}},{"start":{"line":58,"column":30},"end":{"line":58,"column":46}},{"start":{"line":58,"column":50},"end":{"line":58,"column":64}}]},"2":{"loc":{"start":{"line":79,"column":8},"end":{"line":81,"column":9}},"type":"if","locations":[{"start":{"line":79,"column":8},"end":{"line":81,"column":9}}]},"3":{"loc":{"start":{"line":92,"column":4},"end":{"line":94,"column":5}},"type":"if","locations":[{"start":{"line":92,"column":4},"end":{"line":94,"column":5}}]},"4":{"loc":{"start":{"line":97,"column":4},"end":{"line":99,"column":5}},"type":"if","locations":[{"start":{"line":97,"column":4},"end":{"line":99,"column":5}}]},"5":{"loc":{"start":{"line":103,"column":4},"end":{"line":103,"column":32}},"type":"if","locations":[{"start":{"line":103,"column":4},"end":{"line":103,"column":32}}]},"6":{"loc":{"start":{"line":108,"column":6},"end":{"line":112,"column":7}},"type":"if","locations":[{"start":{"line":108,"column":6},"end":{"line":112,"column":7}},{"start":{"line":110,"column":13},"end":{"line":112,"column":7}}]},"7":{"loc":{"start":{"line":110,"column":13},"end":{"line":112,"column":7}},"type":"if","locations":[{"start":{"line":110,"column":13},"end":{"line":112,"column":7}}]},"8":{"loc":{"start":{"line":114,"column":35},"end":{"line":114,"column":82}},"type":"binary-expr","locations":[{"start":{"line":114,"column":35},"end":{"line":114,"column":48}},{"start":{"line":114,"column":52},"end":{"line":114,"column":82}}]},"9":{"loc":{"start":{"line":122,"column":6},"end":{"line":126,"column":7}},"type":"if","locations":[{"start":{"line":122,"column":6},"end":{"line":126,"column":7}},{"start":{"line":124,"column":13},"end":{"line":126,"column":7}}]},"10":{"loc":{"start":{"line":124,"column":13},"end":{"line":126,"column":7}},"type":"if","locations":[{"start":{"line":124,"column":13},"end":{"line":126,"column":7}}]},"11":{"loc":{"start":{"line":128,"column":37},"end":{"line":128,"column":87}},"type":"binary-expr","locations":[{"start":{"line":128,"column":37},"end":{"line":128,"column":50}},{"start":{"line":128,"column":54},"end":{"line":128,"column":87}}]},"12":{"loc":{"start":{"line":136,"column":6},"end":{"line":140,"column":7}},"type":"if","locations":[{"start":{"line":136,"column":6},"end":{"line":140,"column":7}},{"start":{"line":138,"column":13},"end":{"line":140,"column":7}}]},"13":{"loc":{"start":{"line":138,"column":13},"end":{"line":140,"column":7}},"type":"if","locations":[{"start":{"line":138,"column":13},"end":{"line":140,"column":7}}]},"14":{"loc":{"start":{"line":142,"column":42},"end":{"line":142,"column":89}},"type":"binary-expr","locations":[{"start":{"line":142,"column":42},"end":{"line":142,"column":55}},{"start":{"line":142,"column":59},"end":{"line":142,"column":89}}]},"15":{"loc":{"start":{"line":150,"column":6},"end":{"line":154,"column":7}},"type":"if","locations":[{"start":{"line":150,"column":6},"end":{"line":154,"column":7}},{"start":{"line":152,"column":13},"end":{"line":154,"column":7}}]},"16":{"loc":{"start":{"line":152,"column":13},"end":{"line":154,"column":7}},"type":"if","locations":[{"start":{"line":152,"column":13},"end":{"line":154,"column":7}}]},"17":{"loc":{"start":{"line":156,"column":41},"end":{"line":156,"column":88}},"type":"binary-expr","locations":[{"start":{"line":156,"column":41},"end":{"line":156,"column":54}},{"start":{"line":156,"column":58},"end":{"line":156,"column":88}}]},"18":{"loc":{"start":{"line":163,"column":18},"end":{"line":163,"column":62}},"type":"cond-expr","locations":[{"start":{"line":163,"column":42},"end":{"line":163,"column":51}},{"start":{"line":163,"column":54},"end":{"line":163,"column":62}}]},"19":{"loc":{"start":{"line":229,"column":13},"end":{"line":238,"column":null}},"type":"binary-expr","locations":[{"start":{"line":229,"column":13},"end":{"line":229,"column":26}},{"start":{"line":230,"column":14},"end":{"line":237,"column":null}}]},"20":{"loc":{"start":{"line":235,"column":26},"end":{"line":235,"column":97}},"type":"cond-expr","locations":[{"start":{"line":235,"column":50},"end":{"line":235,"column":72}},{"start":{"line":235,"column":75},"end":{"line":235,"column":97}}]},"21":{"loc":{"start":{"line":261,"column":13},"end":{"line":270,"column":null}},"type":"binary-expr","locations":[{"start":{"line":261,"column":13},"end":{"line":261,"column":34}},{"start":{"line":262,"column":14},"end":{"line":269,"column":null}}]}},"s":{"0":0,"1":0,"2":0,"3":0,"4":0,"5":0,"6":0,"7":0,"8":0,"9":0,"10":0,"11":0,"12":0,"13":0,"14":0,"15":0,"16":0,"17":0,"18":0,"19":0,"20":0,"21":0,"22":0,"23":0,"24":0,"25":0,"26":0,"27":0,"28":0,"29":0,"30":0,"31":0,"32":0,"33":0,"34":0,"35":0,"36":0,"37":0,"38":0,"39":0,"40":0,"41":0,"42":0,"43":0,"44":0,"45":0,"46":0,"47":0,"48":0,"49":0,"50":0,"51":0,"52":0,"53":0,"54":0,"55":0,"56":0,"57":0,"58":0,"59":0,"60":0,"61":0,"62":0,"63":0,"64":0,"65":0,"66":0,"67":0,"68":0,"69":0,"70":0,"71":0,"72":0,"73":0,"74":0,"75":0,"76":0,"77":0,"78":0,"79":0,"80":0,"81":0,"82":0},"f":{"0":0,"1":0,"2":0,"3":0,"4":0,"5":0,"6":0,"7":0,"8":0,"9":0,"10":0,"11":0,"12":0,"13":0,"14":0,"15":0},"b":{"0":[0,0],"1":[0,0,0],"2":[0],"3":[0],"4":[0],"5":[0],"6":[0,0],"7":[0],"8":[0,0],"9":[0,0],"10":[0],"11":[0,0],"12":[0,0],"13":[0],"14":[0,0],"15":[0,0],"16":[0],"17":[0,0],"18":[0,0],"19":[0,0],"20":[0,0],"21":[0,0]}}
,"/Users/yanivhadar/Desktop/White Noise Alarm/AlarmWhiteNoiseApp/src/components/auth/SignUpForm.tsx": {"path":"/Users/yanivhadar/Desktop/White Noise Alarm/AlarmWhiteNoiseApp/src/components/auth/SignUpForm.tsx","statementMap":{"0":{"start":{"line":8,"column":0},"end":{"line":8,"column":40}},"1":{"start":{"line":9,"column":0},"end":{"line":9,"column":null}},"2":{"start":{"line":19,"column":0},"end":{"line":19,"column":62}},"3":{"start":{"line":20,"column":0},"end":{"line":20,"column":54}},"4":{"start":{"line":21,"column":0},"end":{"line":21,"column":96}},"5":{"start":{"line":22,"column":0},"end":{"line":22,"column":32}},"6":{"start":{"line":23,"column":0},"end":{"line":23,"column":34}},"7":{"start":{"line":24,"column":0},"end":{"line":24,"column":46}},"8":{"start":{"line":31,"column":53},"end":{"line":375,"column":1}},"9":{"start":{"line":35,"column":34},"end":{"line":41,"column":4}},"10":{"start":{"line":42,"column":30},"end":{"line":42,"column":67}},"11":{"start":{"line":43,"column":50},"end":{"line":46,"column":36}},"12":{"start":{"line":55,"column":6},"end":{"line":55,"column":20}},"13":{"start":{"line":57,"column":2},"end":{"line":60,"column":19}},"14":{"start":{"line":59,"column":4},"end":{"line":59,"column":30}},"15":{"start":{"line":59,"column":17},"end":{"line":59,"column":29}},"16":{"start":{"line":62,"column":2},"end":{"line":70,"column":26}},"17":{"start":{"line":64,"column":4},"end":{"line":69,"column":5}},"18":{"start":{"line":65,"column":23},"end":{"line":65,"column":58}},"19":{"start":{"line":66,"column":6},"end":{"line":66,"column":36}},"20":{"start":{"line":68,"column":6},"end":{"line":68,"column":58}},"21":{"start":{"line":72,"column":23},"end":{"line":88,"column":3}},"22":{"start":{"line":73,"column":4},"end":{"line":87,"column":5}},"23":{"start":{"line":74,"column":6},"end":{"line":74,"column":35}},"24":{"start":{"line":75,"column":6},"end":{"line":75,"column":20}},"25":{"start":{"line":76,"column":6},"end":{"line":76,"column":18}},"26":{"start":{"line":78,"column":50},"end":{"line":78,"column":52}},"27":{"start":{"line":79,"column":6},"end":{"line":84,"column":9}},"28":{"start":{"line":80,"column":21},"end":{"line":80,"column":32}},"29":{"start":{"line":81,"column":8},"end":{"line":83,"column":9}},"30":{"start":{"line":82,"column":10},"end":{"line":82,"column":65}},"31":{"start":{"line":85,"column":6},"end":{"line":85,"column":28}},"32":{"start":{"line":86,"column":6},"end":{"line":86,"column":19}},"33":{"start":{"line":90,"column":28},"end":{"line":102,"column":3}},"34":{"start":{"line":91,"column":4},"end":{"line":91,"column":55}},"35":{"start":{"line":91,"column":25},"end":{"line":91,"column":52}},"36":{"start":{"line":94,"column":4},"end":{"line":96,"column":5}},"37":{"start":{"line":95,"column":6},"end":{"line":95,"column":59}},"38":{"start":{"line":95,"column":25},"end":{"line":95,"column":56}},"39":{"start":{"line":99,"column":4},"end":{"line":101,"column":5}},"40":{"start":{"line":100,"column":6},"end":{"line":100,"column":19}},"41":{"start":{"line":104,"column":23},"end":{"line":127,"column":3}},"42":{"start":{"line":105,"column":4},"end":{"line":105,"column":32}},"43":{"start":{"line":105,"column":25},"end":{"line":105,"column":32}},"44":{"start":{"line":107,"column":4},"end":{"line":126,"column":5}},"45":{"start":{"line":108,"column":21},"end":{"line":108,"column":87}},"46":{"start":{"line":110,"column":6},"end":{"line":123,"column":7}},"47":{"start":{"line":111,"column":8},"end":{"line":120,"column":9}},"48":{"start":{"line":113,"column":10},"end":{"line":117,"column":12}},"49":{"start":{"line":119,"column":10},"end":{"line":119,"column":24}},"50":{"start":{"line":121,"column":13},"end":{"line":123,"column":7}},"51":{"start":{"line":122,"column":8},"end":{"line":122,"column":52}},"52":{"start":{"line":125,"column":6},"end":{"line":125,"column":84}},"53":{"start":{"line":129,"column":29},"end":{"line":141,"column":3}},"54":{"start":{"line":130,"column":4},"end":{"line":140,"column":5}},"55":{"start":{"line":131,"column":21},"end":{"line":131,"column":45}},"56":{"start":{"line":133,"column":6},"end":{"line":137,"column":7}},"57":{"start":{"line":134,"column":8},"end":{"line":134,"column":22}},"58":{"start":{"line":135,"column":13},"end":{"line":137,"column":7}},"59":{"start":{"line":136,"column":8},"end":{"line":136,"column":59}},"60":{"start":{"line":139,"column":6},"end":{"line":139,"column":91}},"61":{"start":{"line":143,"column":28},"end":{"line":155,"column":3}},"62":{"start":{"line":144,"column":4},"end":{"line":154,"column":5}},"63":{"start":{"line":145,"column":21},"end":{"line":145,"column":44}},"64":{"start":{"line":147,"column":6},"end":{"line":151,"column":7}},"65":{"start":{"line":148,"column":8},"end":{"line":148,"column":22}},"66":{"start":{"line":149,"column":13},"end":{"line":151,"column":7}},"67":{"start":{"line":150,"column":8},"end":{"line":150,"column":58}},"68":{"start":{"line":153,"column":6},"end":{"line":153,"column":90}},"69":{"start":{"line":157,"column":35},"end":{"line":162,"column":3}},"70":{"start":{"line":158,"column":4},"end":{"line":158,"column":45}},"71":{"start":{"line":158,"column":28},"end":{"line":158,"column":45}},"72":{"start":{"line":159,"column":4},"end":{"line":159,"column":51}},"73":{"start":{"line":159,"column":34},"end":{"line":159,"column":51}},"74":{"start":{"line":160,"column":4},"end":{"line":160,"column":56}},"75":{"start":{"line":160,"column":39},"end":{"line":160,"column":56}},"76":{"start":{"line":161,"column":4},"end":{"line":161,"column":21}},"77":{"start":{"line":164,"column":37},"end":{"line":194,"column":3}},"78":{"start":{"line":165,"column":4},"end":{"line":165,"column":40}},"79":{"start":{"line":165,"column":28},"end":{"line":165,"column":40}},"80":{"start":{"line":167,"column":25},"end":{"line":172,"column":6}},"81":{"start":{"line":174,"column":4},"end":{"line":193,"column":6}},"82":{"start":{"line":178,"column":10},"end":{"line":178,"column":28}},"83":{"start":{"line":196,"column":2},"end":{"line":374,"column":4}},"84":{"start":{"line":221,"column":39},"end":{"line":221,"column":75}},"85":{"start":{"line":232,"column":39},"end":{"line":232,"column":72}},"86":{"start":{"line":246,"column":41},"end":{"line":246,"column":77}},"87":{"start":{"line":283,"column":39},"end":{"line":283,"column":82}},"88":{"start":{"line":294,"column":29},"end":{"line":294,"column":86}},"89":{"start":{"line":31,"column":13},"end":{"line":31,"column":53}},"90":{"start":{"line":377,"column":15},"end":{"line":513,"column":2}},"91":{"start":{"line":515,"column":0},"end":{"line":515,"column":26}}},"fnMap":{"0":{"name":"(anonymous_10)","decl":{"start":{"line":31,"column":53},"end":{"line":31,"column":54}},"loc":{"start":{"line":34,"column":5},"end":{"line":375,"column":1}}},"1":{"name":"(anonymous_11)","decl":{"start":{"line":57,"column":18},"end":{"line":57,"column":21}},"loc":{"start":{"line":57,"column":23},"end":{"line":60,"column":3}}},"2":{"name":"(anonymous_12)","decl":{"start":{"line":59,"column":11},"end":{"line":59,"column":14}},"loc":{"start":{"line":59,"column":17},"end":{"line":59,"column":29}}},"3":{"name":"(anonymous_13)","decl":{"start":{"line":62,"column":18},"end":{"line":62,"column":21}},"loc":{"start":{"line":62,"column":23},"end":{"line":70,"column":3}}},"4":{"name":"(anonymous_14)","decl":{"start":{"line":72,"column":23},"end":{"line":72,"column":35}},"loc":{"start":{"line":72,"column":37},"end":{"line":88,"column":3}}},"5":{"name":"(anonymous_15)","decl":{"start":{"line":79,"column":28},"end":{"line":79,"column":29}},"loc":{"start":{"line":79,"column":41},"end":{"line":84,"column":7}}},"6":{"name":"(anonymous_16)","decl":{"start":{"line":90,"column":28},"end":{"line":90,"column":29}},"loc":{"start":{"line":90,"column":85},"end":{"line":102,"column":3}}},"7":{"name":"(anonymous_17)","decl":{"start":{"line":91,"column":16},"end":{"line":91,"column":20}},"loc":{"start":{"line":91,"column":25},"end":{"line":91,"column":52}}},"8":{"name":"(anonymous_18)","decl":{"start":{"line":95,"column":16},"end":{"line":95,"column":20}},"loc":{"start":{"line":95,"column":25},"end":{"line":95,"column":56}}},"9":{"name":"(anonymous_19)","decl":{"start":{"line":104,"column":23},"end":{"line":104,"column":28}},"loc":{"start":{"line":104,"column":34},"end":{"line":127,"column":3}}},"10":{"name":"(anonymous_20)","decl":{"start":{"line":129,"column":29},"end":{"line":129,"column":34}},"loc":{"start":{"line":129,"column":40},"end":{"line":141,"column":3}}},"11":{"name":"(anonymous_21)","decl":{"start":{"line":143,"column":28},"end":{"line":143,"column":33}},"loc":{"start":{"line":143,"column":39},"end":{"line":155,"column":3}}},"12":{"name":"(anonymous_22)","decl":{"start":{"line":157,"column":35},"end":{"line":157,"column":46}},"loc":{"start":{"line":157,"column":48},"end":{"line":162,"column":3}}},"13":{"name":"(anonymous_23)","decl":{"start":{"line":164,"column":37},"end":{"line":164,"column":40}},"loc":{"start":{"line":164,"column":42},"end":{"line":194,"column":3}}},"14":{"name":"(anonymous_24)","decl":{"start":{"line":177,"column":26},"end":{"line":177,"column":27}},"loc":{"start":{"line":178,"column":10},"end":{"line":178,"column":28}}},"15":{"name":"(anonymous_25)","decl":{"start":{"line":221,"column":28},"end":{"line":221,"column":29}},"loc":{"start":{"line":221,"column":39},"end":{"line":221,"column":75}}},"16":{"name":"(anonymous_26)","decl":{"start":{"line":232,"column":28},"end":{"line":232,"column":29}},"loc":{"start":{"line":232,"column":39},"end":{"line":232,"column":72}}},"17":{"name":"(anonymous_27)","decl":{"start":{"line":246,"column":30},"end":{"line":246,"column":31}},"loc":{"start":{"line":246,"column":41},"end":{"line":246,"column":77}}},"18":{"name":"(anonymous_28)","decl":{"start":{"line":283,"column":28},"end":{"line":283,"column":29}},"loc":{"start":{"line":283,"column":39},"end":{"line":283,"column":82}}},"19":{"name":"(anonymous_29)","decl":{"start":{"line":294,"column":23},"end":{"line":294,"column":26}},"loc":{"start":{"line":294,"column":29},"end":{"line":294,"column":86}}}},"branchMap":{"0":{"loc":{"start":{"line":64,"column":4},"end":{"line":69,"column":5}},"type":"if","locations":[{"start":{"line":64,"column":4},"end":{"line":69,"column":5}},{"start":{"line":67,"column":11},"end":{"line":69,"column":5}}]},"1":{"loc":{"start":{"line":81,"column":8},"end":{"line":83,"column":9}},"type":"if","locations":[{"start":{"line":81,"column":8},"end":{"line":83,"column":9}}]},"2":{"loc":{"start":{"line":94,"column":4},"end":{"line":96,"column":5}},"type":"if","locations":[{"start":{"line":94,"column":4},"end":{"line":96,"column":5}}]},"3":{"loc":{"start":{"line":99,"column":4},"end":{"line":101,"column":5}},"type":"if","locations":[{"start":{"line":99,"column":4},"end":{"line":101,"column":5}}]},"4":{"loc":{"start":{"line":105,"column":4},"end":{"line":105,"column":32}},"type":"if","locations":[{"start":{"line":105,"column":4},"end":{"line":105,"column":32}}]},"5":{"loc":{"start":{"line":110,"column":6},"end":{"line":123,"column":7}},"type":"if","locations":[{"start":{"line":110,"column":6},"end":{"line":123,"column":7}},{"start":{"line":121,"column":13},"end":{"line":123,"column":7}}]},"6":{"loc":{"start":{"line":111,"column":8},"end":{"line":120,"column":9}},"type":"if","locations":[{"start":{"line":111,"column":8},"end":{"line":120,"column":9}},{"start":{"line":118,"column":15},"end":{"line":120,"column":9}}]},"7":{"loc":{"start":{"line":121,"column":13},"end":{"line":123,"column":7}},"type":"if","locations":[{"start":{"line":121,"column":13},"end":{"line":123,"column":7}}]},"8":{"loc":{"start":{"line":125,"column":35},"end":{"line":125,"column":82}},"type":"binary-expr","locations":[{"start":{"line":125,"column":35},"end":{"line":125,"column":48}},{"start":{"line":125,"column":52},"end":{"line":125,"column":82}}]},"9":{"loc":{"start":{"line":133,"column":6},"end":{"line":137,"column":7}},"type":"if","locations":[{"start":{"line":133,"column":6},"end":{"line":137,"column":7}},{"start":{"line":135,"column":13},"end":{"line":137,"column":7}}]},"10":{"loc":{"start":{"line":135,"column":13},"end":{"line":137,"column":7}},"type":"if","locations":[{"start":{"line":135,"column":13},"end":{"line":137,"column":7}}]},"11":{"loc":{"start":{"line":139,"column":42},"end":{"line":139,"column":89}},"type":"binary-expr","locations":[{"start":{"line":139,"column":42},"end":{"line":139,"column":55}},{"start":{"line":139,"column":59},"end":{"line":139,"column":89}}]},"12":{"loc":{"start":{"line":147,"column":6},"end":{"line":151,"column":7}},"type":"if","locations":[{"start":{"line":147,"column":6},"end":{"line":151,"column":7}},{"start":{"line":149,"column":13},"end":{"line":151,"column":7}}]},"13":{"loc":{"start":{"line":149,"column":13},"end":{"line":151,"column":7}},"type":"if","locations":[{"start":{"line":149,"column":13},"end":{"line":151,"column":7}}]},"14":{"loc":{"start":{"line":153,"column":41},"end":{"line":153,"column":88}},"type":"binary-expr","locations":[{"start":{"line":153,"column":41},"end":{"line":153,"column":54}},{"start":{"line":153,"column":58},"end":{"line":153,"column":88}}]},"15":{"loc":{"start":{"line":158,"column":4},"end":{"line":158,"column":45}},"type":"if","locations":[{"start":{"line":158,"column":4},"end":{"line":158,"column":45}}]},"16":{"loc":{"start":{"line":159,"column":4},"end":{"line":159,"column":51}},"type":"if","locations":[{"start":{"line":159,"column":4},"end":{"line":159,"column":51}}]},"17":{"loc":{"start":{"line":160,"column":4},"end":{"line":160,"column":56}},"type":"if","locations":[{"start":{"line":160,"column":4},"end":{"line":160,"column":56}}]},"18":{"loc":{"start":{"line":165,"column":4},"end":{"line":165,"column":40}},"type":"if","locations":[{"start":{"line":165,"column":4},"end":{"line":165,"column":40}}]},"19":{"loc":{"start":{"line":180,"column":20},"end":{"line":180,"column":68}},"type":"cond-expr","locations":[{"start":{"line":180,"column":30},"end":{"line":180,"column":48}},{"start":{"line":180,"column":51},"end":{"line":180,"column":68}}]},"20":{"loc":{"start":{"line":182,"column":21},"end":{"line":182,"column":52}},"type":"cond-expr","locations":[{"start":{"line":182,"column":31},"end":{"line":182,"column":40}},{"start":{"line":182,"column":43},"end":{"line":182,"column":52}}]},"21":{"loc":{"start":{"line":186,"column":23},"end":{"line":186,"column":54}},"type":"cond-expr","locations":[{"start":{"line":186,"column":33},"end":{"line":186,"column":42}},{"start":{"line":186,"column":45},"end":{"line":186,"column":54}}]},"22":{"loc":{"start":{"line":199,"column":18},"end":{"line":199,"column":62}},"type":"cond-expr","locations":[{"start":{"line":199,"column":42},"end":{"line":199,"column":51}},{"start":{"line":199,"column":54},"end":{"line":199,"column":62}}]},"23":{"loc":{"start":{"line":255,"column":15},"end":{"line":273,"column":null}},"type":"binary-expr","locations":[{"start":{"line":255,"column":15},"end":{"line":255,"column":32}},{"start":{"line":256,"column":16},"end":{"line":272,"column":null}}]},"24":{"loc":{"start":{"line":2
[...]
7,"column":46}},"102":{"start":{"line":359,"column":32},"end":{"line":364,"column":10}},"103":{"start":{"line":366,"column":8},"end":{"line":369,"column":9}},"104":{"start":{"line":367,"column":10},"end":{"line":367,"column":40}},"105":{"start":{"line":368,"column":10},"end":{"line":368,"column":58}},"106":{"start":{"line":371,"column":8},"end":{"line":371,"column":33}},"107":{"start":{"line":373,"column":29},"end":{"line":373,"column":68}},"108":{"start":{"line":374,"column":8},"end":{"line":374,"column":37}},"109":{"start":{"line":375,"column":8},"end":{"line":375,"column":55}},"110":{"start":{"line":377,"column":8},"end":{"line":377,"column":34}},"111":{"start":{"line":385,"column":6},"end":{"line":407,"column":7}},"112":{"start":{"line":386,"column":39},"end":{"line":386,"column":44}},"113":{"start":{"line":388,"column":8},"end":{"line":390,"column":9}},"114":{"start":{"line":389,"column":10},"end":{"line":389,"column":100}},"115":{"start":{"line":392,"column":23},"end":{"line":396,"column":10}},"116":{"start":{"line":398,"column":8},"end":{"line":404,"column":9}},"117":{"start":{"line":399,"column":10},"end":{"line":399,"column":59}},"118":{"start":{"line":400,"column":10},"end":{"line":400,"column":42}},"119":{"start":{"line":401,"column":10},"end":{"line":401,"column":35}},"120":{"start":{"line":403,"column":10},"end":{"line":403,"column":87}},"121":{"start":{"line":406,"column":8},"end":{"line":406,"column":103}},"122":{"start":{"line":414,"column":6},"end":{"line":434,"column":7}},"123":{"start":{"line":415,"column":57},"end":{"line":415,"column":62}},"124":{"start":{"line":417,"column":8},"end":{"line":419,"column":9}},"125":{"start":{"line":418,"column":10},"end":{"line":418,"column":85}},"126":{"start":{"line":421,"column":23},"end":{"line":425,"column":10}},"127":{"start":{"line":427,"column":8},"end":{"line":431,"column":9}},"128":{"start":{"line":428,"column":10},"end":{"line":428,"column":35}},"129":{"start":{"line":430,"column":10},"end":{"line":430,"column":78}},"130":{"start":{"line":433,"column":8},"end":{"line":433,"column":92}},"131":{"start":{"line":441,"column":6},"end":{"line":441,"column":56}},"132":{"start":{"line":442,"column":6},"end":{"line":442,"column":39}},"133":{"start":{"line":449,"column":6},"end":{"line":483,"column":7}},"134":{"start":{"line":450,"column":8},"end":{"line":450,"column":46}},"135":{"start":{"line":452,"column":25},"end":{"line":452,"column":30}},"136":{"start":{"line":453,"column":8},"end":{"line":455,"column":9}},"137":{"start":{"line":454,"column":10},"end":{"line":454,"column":64}},"138":{"start":{"line":457,"column":32},"end":{"line":465,"column":19}},"139":{"start":{"line":467,"column":8},"end":{"line":470,"column":9}},"140":{"start":{"line":468,"column":10},"end":{"line":468,"column":40}},"141":{"start":{"line":469,"column":10},"end":{"line":469,"column":58}},"142":{"start":{"line":472,"column":8},"end":{"line":474,"column":9}},"143":{"start":{"line":473,"column":10},"end":{"line":473,"column":52}},"144":{"start":{"line":476,"column":8},"end":{"line":476,"column":33}},"145":{"start":{"line":478,"column":29},"end":{"line":478,"column":69}},"146":{"start":{"line":479,"column":8},"end":{"line":479,"column":37}},"147":{"start":{"line":480,"column":8},"end":{"line":480,"column":55}},"148":{"start":{"line":482,"column":8},"end":{"line":482,"column":34}},"149":{"start":{"line":490,"column":6},"end":{"line":510,"column":7}},"150":{"start":{"line":491,"column":25},"end":{"line":491,"column":30}},"151":{"start":{"line":492,"column":8},"end":{"line":492,"column":26}},"152":{"start":{"line":492,"column":19},"end":{"line":492,"column":26}},"153":{"start":{"line":494,"column":32},"end":{"line":498,"column":19}},"154":{"start":{"line":500,"column":8},"end":{"line":503,"column":9}},"155":{"start":{"line":501,"column":10},"end":{"line":501,"column":60}},"156":{"start":{"line":502,"column":10},"end":{"line":502,"column":17}},"157":{"start":{"line":505,"column":8},"end":{"line":507,"column":9}},"158":{"start":{"line":506,"column":10},"end":{"line":506,"column":52}},"159":{"start":{"line":509,"column":8},"end":{"line":509,"column":55}},"160":{"start":{"line":517,"column":6},"end":{"line":534,"column":7}},"161":{"start":{"line":518,"column":32},"end":{"line":518,"column":68}},"162":{"start":{"line":520,"column":8},"end":{"line":523,"column":9}},"163":{"start":{"line":521,"column":10},"end":{"line":521,"column":57}},"164":{"start":{"line":522,"column":10},"end":{"line":522,"column":17}},"165":{"start":{"line":525,"column":8},"end":{"line":531,"column":9}},"166":{"start":{"line":526,"column":10},"end":{"line":529,"column":13}},"167":{"start":{"line":530,"column":10},"end":{"line":530,"column":55}},"168":{"start":{"line":533,"column":8},"end":{"line":533,"column":55}},"169":{"start":{"line":540,"column":22},"end":{"line":540,"column":42}},"170":{"start":{"line":546,"column":30},"end":{"line":546,"column":35}},"171":{"start":{"line":547,"column":6},"end":{"line":547,"column":37}},"172":{"start":{"line":547,"column":24},"end":{"line":547,"column":37}},"173":{"start":{"line":549,"column":18},"end":{"line":549,"column":28}},"174":{"start":{"line":550,"column":24},"end":{"line":552,"column":14}},"175":{"start":{"line":554,"column":6},"end":{"line":558,"column":8}},"176":{"start":{"line":566,"column":30},"end":{"line":568,"column":1}},"177":{"start":{"line":567,"column":2},"end":{"line":567,"column":45}},"178":{"start":{"line":566,"column":13},"end":{"line":566,"column":30}},"179":{"start":{"line":573,"column":27},"end":{"line":579,"column":1}},"180":{"start":{"line":574,"column":24},"end":{"line":574,"column":57}},"181":{"start":{"line":575,"column":2},"end":{"line":578,"column":3}},"182":{"start":{"line":576,"column":4},"end":{"line":576,"column":31}},"183":{"start":{"line":577,"column":4},"end":{"line":577,"column":46}},"184":{"start":{"line":573,"column":13},"end":{"line":573,"column":27}}},"fnMap":{"0":{"name":"(anonymous_9)","decl":{"start":{"line":82,"column":24},"end":{"line":82,"column":25}},"loc":{"start":{"line":82,"column":39},"end":{"line":560,"column":4}}},"1":{"name":"(anonymous_10)","decl":{"start":{"line":101,"column":16},"end":{"line":101,"column":21}},"loc":{"start":{"line":101,"column":27},"end":{"line":191,"column":5}}},"2":{"name":"(anonymous_11)","decl":{"start":{"line":134,"column":75},"end":{"line":134,"column":80}},"loc":{"start":{"line":134,"column":100},"end":{"line":180,"column":9}}},"3":{"name":"(anonymous_12)","decl":{"start":{"line":196,"column":12},"end":{"line":196,"column":17}},"loc":{"start":{"line":196,"column":54},"end":{"line":222,"column":5}}},"4":{"name":"(anonymous_13)","decl":{"start":{"line":227,"column":12},"end":{"line":227,"column":17}},"loc":{"start":{"line":227,"column":73},"end":{"line":262,"column":5}}},"5":{"name":"(anonymous_14)","decl":{"start":{"line":267,"column":13},"end":{"line":267,"column":18}},"loc":{"start":{"line":267,"column":24},"end":{"line":295,"column":5}}},"6":{"name":"(anonymous_15)","decl":{"start":{"line":300,"column":19},"end":{"line":300,"column":24}},"loc":{"start":{"line":300,"column":43},"end":{"line":321,"column":5}}},"7":{"name":"(anonymous_16)","decl":{"start":{"line":326,"column":22},"end":{"line":326,"column":27}},"loc":{"start":{"line":326,"column":33},"end":{"line":350,"column":5}}},"8":{"name":"(anonymous_17)","decl":{"start":{"line":355,"column":21},"end":{"line":355,"column":26}},"loc":{"start":{"line":355,"column":32},"end":{"line":379,"column":5}}},"9":{"name":"(anonymous_18)","decl":{"start":{"line":384,"column":20},"end":{"line":384,"column":25}},"loc":{"start":{"line":384,"column":31},"end":{"line":408,"column":5}}},"10":{"name":"(anonymous_19)","decl":{"start":{"line":413,"column":31},"end":{"line":413,"column":36}},"loc":{"start":{"line":413,"column":42},"end":{"line":435,"column":5}}},"11":{"name":"(anonymous_20)","decl":{"start":{"line":440,"column":22},"end":{"line":440,"column":27}},"loc":{"start":{"line":440,"column":33},"end":{"line":443,"column":5}}},"12":{"name":"(anonymous_21)","decl":{"start":{"line":448,"column":19},"end":{"line":448,"column":24}},"loc":{"start":{"line":448,"column":59},"end":{"line":484,"column":5}}},"13":{"name":"(anonymous_22)","decl":{"start":{"line":489,"column":20},"end":{"line":489,"column":25}},"loc":{"start":{"line":489,"column":31},"end":{"line":511,"column":5}}},"14":{"name":"(anonymous_23)","decl":{"start":{"line":516,"column":20},"end":{"line":516,"column":25}},"loc":{"start":{"line":516,"column":31},"end":{"line":535,"column":5}}},"15":{"name":"(anonymous_24)","decl":{"start":{"line":540,"column":16},"end":{"line":540,"column":19}},"loc":{"start":{"line":540,"column":22},"end":{"line":540,"column":42}}},"16":{"name":"(anonymous_25)","decl":{"start":{"line":545,"column":19},"end":{"line":545,"column":22}},"loc":{"start":{"line":545,"column":24},"end":{"line":559,"column":5}}},"17":{"name":"(anonymous_26)","decl":{"start":{"line":566,"column":30},"end":{"line":566,"column":35}},"loc":{"start":{"line":566,"column":41},"end":{"line":568,"column":1}}},"18":{"name":"(anonymous_27)","decl":{"start":{"line":573,"column":27},"end":{"line":573,"column":30}},"loc":{"start":{"line":573,"column":32},"end":{"line":579,"column":1}}}},"branchMap":{"0":{"loc":{"start":{"line":119,"column":8},"end":{"line":131,"column":9}},"type":"if","locations":[{"start":{"line":119,"column":8},"end":{"line":131,"column":9}},{"start":{"line":122,"column":15},"end":{"line":131,"column":9}}]},"1":{"loc":{"start":{"line":122,"column":15},"end":{"line":131,"column":9}},"type":"if","locations":[{"start":{"line":122,"column":15},"end":{"line":131,"column":9}}]},"2":{"loc":{"start":{"line":137,"column":10},"end":{"line":179,"column":11}},"type":"switch","locations":[{"start":{"line":138,"column":12},"end":{"line":148,"column":20}},{"start":{"line":150,"column":12},"end":{"line":160,"column":20}},{"start":{"line":162,"column":12},"end":{"line":171,"column":20}},{"start":{"line":173,"column":12},"end":{"line":175,"column":20}},{"start":{"line":177,"column":12},"end":{"line":178,"column":20}}]},"3":{"loc":{"start":{"line":139,"column":14},"end":{"line":147,"column":15}},"type":"if","locations":[{"start":{"line":139,"column":14},"end":{"line":147,"column":15}}]},"4":{"loc":{"start":{"line":163,"column":14},"end":{"line":170,"column":15}},"type":"if","locations":[{"start":{"line":163,"column":14},"end":{"line":170,"column":15}}]},"5":{"loc":{"start":{"line":187,"column":21},"end":{"line":187,"column":76}},"type":"binary-expr","locations":[{"start":{"line":187,"column":21},"end":{"line":187,"column":35}},{"start":{"line":187,"column":39},"end":{"line":187,"column":76}}]},"6":{"loc":{"start":{"line":205,"column":8},"end":{"line":208,"column":9}},"type":"if","locations":[{"start":{"line":205,"column":8},"end":{"line":208,"column":9}}]},"7":{"loc":{"start":{"line":210,"column":8},"end":{"line":212,"column":9}},"type":"if","locations":[{"start":{"line":210,"column":8},"end":{"line":212,"column":9}}]},"8":{"loc":{"start":{"line":216,"column":29},"end":{"line":216,"column":63}},"type":"binary-expr","locations":[{"start":{"line":216,"column":29},"end":{"line":216,"column":43}},{"start":{"line":216,"column":47},"end":{"line":216,"column":63}}]},"9":{"loc":{"start":{"line":236,"column":25},"end":{"line":236,"column":49}},"type":"binary-expr","locations":[{"start":{"line":236,"column":25},"end":{"line":236,"column":41}},{"start":{"line":236,"column":45},"end":{"line":236,"column":49}}]},"10":{"loc":{"start":{"line":241,"column":8},"end":{"line":244,"column":9}},"type":"if","locations":[{"start":{"line":241,"column":8},"end":{"line":244,"column":9}}]},"11":{"loc":{"start":{"line":247,"column":8},"end":{"line":252,"column":9}},"type":"if","locations":[{"start":{"line":247,"column":8},"end":{"line":252,"column":9}}]},"12":{"loc":{"start":{"line":247,"column":12},"end":{"line":247,"column":38}},"type":"binary-expr","locations":[{"start":{"line":247,"column":12},"end":{"line":247,"column":21}},{"start":{"line":247,"column":25},"end":{"line":247,"column":38}}]},"13":{"loc":{"start":{"line":256,"column":29},"end":{"line":256,"column":62}},"type":"binary-expr","locations":[{"start":{"line":256,"column":29},"end":{"line":256,"column":42}},{"start":{"line":256,"column":46},"end":{"line":256,"column":62}}]},"14":{"loc":{"start":{"line":273,"column":8},"end":{"line":276,"column":9}},"type":"if","locations":[{"start":{"line":273,"column":8},"end":{"line":276,"column":9}}]},"15":{"loc":{"start":{"line":291,"column":21},"end":{"line":291,"column":55}},"type":"binary-expr","locations":[{"start":{"line":291,"column":21},"end":{"line":291,"column":34}},{"start":{"line":291,"column":38},"end":{"line":291,"column":55}}]},"16":{"loc":{"start":{"line":308,"column":8},"end":{"line":311,"column":9}},"type":"if","locations":[{"start":{"line":308,"column":8},"end":{"line":311,"column":9}}]},"17":{"loc":{"start":{"line":315,"column":29},"end":{"line":315,"column":69}},"type":"binary-expr","locations":[{"start":{"line":315,"column":29},"end":{"line":315,"column":42}},{"start":{"line":315,"column":46},"end":{"line":315,"column":69}}]},"18":{"loc":{"start":{"line":337,"column":8},"end":{"line":340,"column":9}},"type":"if","locations":[{"start":{"line":337,"column":8},"end":{"line":340,"column":9}}]},"19":{"loc":{"start":{"line":344,"column":29},"end":{"line":344,"column":69}},"type":"binary-expr","locations":[{"start":{"line":344,"column":29},"end":{"line":344,"column":42}},{"start":{"line":344,"column":46},"end":{"line":344,"column":69}}]},"20":{"loc":{"start":{"line":366,"column":8},"end":{"line":369,"column":9}},"type":"if","locations":[{"start":{"line":366,"column":8},"end":{"line":369,"column":9}}]},"21":{"loc":{"start":{"line":373,"column":29},"end":{"line":373,"column":68}},"type":"binary-expr","locations":[{"start":{"line":373,"column":29},"end":{"line":373,"column":42}},{"start":{"line":373,"column":46},"end":{"line":373,"column":68}}]},"22":{"loc":{"start":{"line":388,"column":8},"end":{"line":390,"column":9}},"type":"if","locations":[{"start":{"line":388,"column":8},"end":{"line":390,"column":9}}]},"23":{"loc":{"start":{"line":398,"column":8},"end":{"line":404,"column":9}},"type":"if","locations":[{"start":{"line":398,"column":8},"end":{"line":404,"column":9}},{"start":{"line":402,"column":15},"end":{"line":404,"column":9}}]},"24":{"loc":{"start":{"line":406,"column":40},"end":{"line":406,"column":100}},"type":"binary-expr","locations":[{"start":{"line":406,"column":40},"end":{"line":406,"column":53}},{"start":{"line":406,"column":57},"end":{"line":406,"column":100}}]},"25":{"loc":{"start":{"line":417,"column":8},"end":{"line":419,"column":9}},"type":"if","locations":[{"start":{"line":417,"column":8},"end":{"line":419,"column":9}}]},"26":{"loc":{"start":{"line":417,"column":12},"end":{"line":417,"column":52}},"type":"binary-expr","locations":[{"start":{"line":417,"column":12},"end":{"line":417,"column":31}},{"start":{"line":417,"column":35},"end":{"line":417,"column":52}}]},"27":{"loc":{"start":{"line":427,"column":8},"end":{"line":431,"column":9}},"type":"if","locations":[{"start":{"line":427,"column":8},"end":{"line":431,"column":9}},{"start":{"line":429,"column":15},"end":{"line":431,"column":9}}]},"28":{"loc":{"start":{"line":433,"column":40},"end":{"line":433,"column":89}},"type":"binary-expr","locations":[{"start":{"line":433,"column":40},"end":{"line":433,"column":53}},{"start":{"line":433,"column":57},"end":{"line":433,"column":89}}]},"29":{"loc":{"start":{"line":453,"column":8},"end":{"line":455,"column":9}},"type":"if","locations":[{"start":{"line":453,"column":8},"end":{"line":455,"column":9}}]},"30":{"loc":{"start":{"line":467,"column":8},"end":{"line":470,"column":9}},"type":"if","locations":[{"start":{"line":467,"column":8},"end":{"line":470,"column":9}}]},"31":{"loc":{"start":{"line":472,"column":8},"end":{"line":474,"column":9}},"type":"if","locations":[{"start":{"line":472,"column":8},"end":{"line":474,"column":9}}]},"32":{"loc":{"start":{"line":478,"column":29},"end":{"line":478,"column":69}},"type":"binary-expr","locations":[{"start":{"line":478,"column":29},"end":{"line":478,"column":42}},{"start":{"line":478,"column":46},"end":{"line":478,"column":69}}]},"33":{"loc":{"start":{"line":492,"column":8},"end":{"line":492,"column":26}},"type":"if","locations":[{"start":{"line":492,"column":8},"end":{"line":492,"column":26}}]},"34":{"loc":{"start":{"line":500,"column":8},"end":{"line":503,"column":9}},"type":"if","locations":[{"start":{"line":500,"column":8},"end":{"line":503,"column":9}}]},"35":{"loc":{"start":{"line":505,"column":8},"end":{"line":507,"column":9}},"type":"if","locations":[{"start":{"line":505,"column":8},"end":{"line":507,"column":9}}]},"36":{"loc":{"start":{"line":520,"column":8},"end":{"line":523,"column":9}},"type":"if","locations":[{"start":{"line":520,"column":8},"end":{"line":523,"column":9}}]},"37":{"loc":{"start":{"line":525,"column":8},"end":{"line":531,"column":9}},"type":"if","locations":[{"start":{"line":525,"column":8},"end":{"line":531,"column":9}}]},"38":{"loc":{"start":{"line":547,"column":6},"end":{"line":547,"column":37}},"type":"if","locations":[{"start":{"line":547,"column":6},"end":{"line":547,"column":37}}]},"39":{"loc":{"start":{"line":550,"column":24},"end":{"line":552,"column":14}},"type":"cond-expr","locations":[{"start":{"line":551,"column":10},"end":{"line":551,"column":55}},{"start":{"line":552,"column":10},"end":{"line":552,"column":14}}]},"40":{"loc":{"start":{"line":555,"column":8},"end":{"line":557,"column":39}},"type":"binary-expr","locations":[{"start":{"line":555,"column":8},"end":{"line":555,"column":30}},{"start":{"line":556,"column":8},"end":{"line":556,"column":53}},{"start":{"line":557,"column":9},"end":{"line":557,"column":19}},{"start":{"line":557,"column":23},"end":{"line":557,"column":38}}]},"41":{"loc":{"start":{"line":575,"column":2},"end":{"line":578,"column":3}},"type":"if","locations":[{"start":{"line":575,"column":2},"end":{"line":578,"column":3}}]}},"s":{"0":0,"1":0,"2":0,"3":0,"4":0,"5":0,"6":0,"7":0,"8":0,"9":0,"10":0,"11":0,"12":0,"13":0,"14":0,"15":0,"16":0,"17":0,"18":0,"19":0,"20":0,"21":0,"22":0,"23":0,"24":0,"25":0,"26":0,"27":0,"28":0,"29":0,"30":0,"31":0,"32":0,"33":0,"34":0,"35":0,"36":0,"37":0,"38":0,"39":0,"40":0,"41":0,"42":0,"43":0,"44":0,"45":0,"46":0,"47":0,"48":0,"49":0,"50":0,"51":0,"52":0,"53":0,"54":0,"55":0,"56":0,"57":0,"58":0,"59":0,"60":0,"61":0,"62":0,"63":0,"64":0,"65":0,"66":0,"67":0,"68":0,"69":0,"70":0,"71":0,"72":0,"73":0,"74":0,"75":0,"76":0,"77":0,"78":0,"79":0,"80":0,"81":0,"82":0,"83":0,"84":0,"85":0,"86":0,"87":0,"88":0,"89":0,"90":0,"91":0,"92":0,"93":0,"94":0,"95":0,"96":0,"97":0,"98":0,"99":0,"100":0,"101":0,"102":0,"103":0,"104":0,"105":0,"106":0,"107":0,"108":0,"109":0,"110":0,"111":0,"112":0,"113":0,"114":0,"115":0,"116":0,"117":0,"118":0,"119":0,"120":0,"121":0,"122":0,"123":0,"124":0,"125":0,"126":0,"127":0,"128":0,"129":0,"130":0,"131":0,"132":0,"133":0,"134":0,"135":0,"136":0,"137":0,"138":0,"139":0,"140":0,"141":0,"142":0,"143":0,"144":0,"145":0,"146":0,"147":0,"148":0,"149":0,"150":0,"151":0,"152":0,"153":0,"154":0,"155":0,"156":0,"157":0,"158":0,"159":0,"160":0,"161":0,"162":0,"163":0,"164":0,"165":0,"166":0,"167":0,"168":0,"169":0,"170":0,"171":0,"172":0,"173":0,"174":0,"175":0,"176":0,"177":0,"178":0,"179":0,"180":0,"181":0,"182":0,"183":0,"184":0},"f":{"0":0,"1":0,"2":0,"3":0,"4":0,"5":0,"6":0,"7":0,"8":0,"9":0,"10":0,"11":0,"12":0,"13":0,"14":0,"15":0,"16":0,"17":0,"18":0},"b":{"0":[0,0],"1":[0],"2":[0,0,0,0,0],"3":[0],"4":[0],"5":[0,0],"6":[0],"7":[0],"8":[0,0],"9":[0,0],"10":[0],"11":[0],"12":[0,0],"13":[0,0],"14":[0],"15":[0,0],"16":[0],"17":[0,0],"18":[0],"19":[0,0],"20":[0],"21":[0,0],"22":[0],"23":[0,0],"24":[0,0],"25":[0],"26":[0,0],"27":[0,0],"28":[0,0],"29":[0],"30":[0],"31":[0],"32":[0,0],"33":[0],"34":[0],"35":[0],"36":[0],"37":[0],"38":[0],"39":[0,0],"40":[0,0,0,0],"41":[0]}}
}
