TN:
SF:src/components/ui/Button.tsx
FN:38,(anonymous_0)
FN:55,(anonymous_1)
FN:101,(anonymous_2)
FN:143,(anonymous_3)
FN:156,(anonymous_4)
FN:175,(anonymous_5)
FNF:6
FNH:0
FNDA:0,(anonymous_0)
FNDA:0,(anonymous_1)
FNDA:0,(anonymous_2)
FNDA:0,(anonymous_3)
FNDA:0,(anonymous_4)
FNDA:0,(anonymous_5)
DA:9,0
DA:19,0
DA:38,0
DA:53,0
DA:55,0
DA:56,0
DA:61,0
DA:62,0
DA:65,0
DA:67,0
DA:73,0
DA:79,0
DA:85,0
DA:91,0
DA:97,0
DA:101,0
DA:102,0
DA:107,0
DA:109,0
DA:115,0
DA:121,0
DA:127,0
DA:133,0
DA:139,0
DA:143,0
DA:144,0
DA:146,0
DA:148,0
DA:150,0
DA:152,0
DA:156,0
DA:157,0
DA:158,0
DA:161,0
DA:164,0
DA:166,0
DA:169,0
DA:171,0
DA:175,0
DA:176,0
DA:177,0
DA:180,0
DA:233,0
DA:378,0
LF:44
LH:0
BRDA:40,0,0,0
BRDA:41,1,0,0
BRDA:42,2,0,0
BRDA:43,3,0,0
BRDA:46,4,0,0
BRDA:53,5,0,0
BRDA:53,5,1,0
BRDA:61,6,0,0
BRDA:61,6,1,0
BRDA:65,7,0,0
BRDA:65,7,1,0
BRDA:65,7,2,0
BRDA:65,7,3,0
BRDA:65,7,4,0
BRDA:65,7,5,0
BRDA:70,8,0,0
BRDA:70,8,1,0
BRDA:76,9,0,0
BRDA:76,9,1,0
BRDA:82,10,0,0
BRDA:82,10,1,0
BRDA:88,11,0,0
BRDA:88,11,1,0
BRDA:94,12,0,0
BRDA:94,12,1,0
BRDA:107,13,0,0
BRDA:107,13,1,0
BRDA:107,13,2,0
BRDA:107,13,3,0
BRDA:107,13,4,0
BRDA:107,13,5,0
BRDA:112,14,0,0
BRDA:112,14,1,0
BRDA:118,15,0,0
BRDA:118,15,1,0
BRDA:124,16,0,0
BRDA:124,16,1,0
BRDA:130,17,0,0
BRDA:130,17,1,0
BRDA:136,18,0,0
BRDA:136,18,1,0
BRDA:144,19,0,0
BRDA:144,19,1,0
BRDA:144,19,2,0
BRDA:144,19,3,0
BRDA:157,20,0,0
BRDA:157,20,1,0
BRDA:158,21,0,0
BRDA:158,21,1,0
BRDA:158,22,0,0
BRDA:158,22,1,0
BRDA:161,23,0,0
BRDA:161,23,1,0
BRDA:161,23,2,0
BRDA:161,23,3,0
BRDA:161,23,4,0
BRDA:161,23,5,0
BRDA:176,24,0,0
BRDA:176,24,1,0
BRDA:176,25,0,0
BRDA:176,25,1,0
BRDA:186,26,0,0
BRDA:186,26,1,0
BRDA:196,27,0,0
BRDA:196,27,1,0
BRDA:205,28,0,0
BRDA:205,28,1,0
BRDA:205,28,2,0
BRDA:216,29,0,0
BRDA:216,29,1,0
BRDA:216,30,0,0
BRDA:216,30,1,0
BRDA:220,31,0,0
BRDA:220,31,1,0
BRDA:220,31,2,0
BRF:75
BRH:0
end_of_record
TN:
SF:src/lib/database/test-operations.ts
FN:45,(anonymous_0)
FN:49,(anonymous_1)
FN:53,(anonymous_2)
FN:64,testDatabaseHealth
FN:140,(anonymous_4)
FN:157,testUserOperations
FN:173,(anonymous_6)
FN:200,(anonymous_7)
FN:222,(anonymous_8)
FN:247,(anonymous_9)
FN:269,(anonymous_10)
FN:286,testAlarmOperations
FN:306,(anonymous_12)
FN:332,(anonymous_13)
FN:354,(anonymous_14)
FN:377,(anonymous_15)
FN:403,(anonymous_16)
FN:425,(anonymous_17)
FN:447,(anonymous_18)
FN:464,testRealtimeSubscriptions
FN:478,(anonymous_20)
FN:484,(anonymous_21)
FN:514,(anonymous_22)
FN:519,(anonymous_23)
FN:543,(anonymous_24)
FN:560,testPerformanceBenchmarks
FN:572,(anonymous_26)
FN:578,(anonymous_27)
FN:624,(anonymous_28)
FN:637,(anonymous_29)
FN:650,(anonymous_30)
FN:667,runAllDatabaseTests
FN:694,(anonymous_32)
FN:695,(anonymous_33)
FN:696,(anonymous_34)
FN:704,(anonymous_35)
FN:712,(anonymous_36)
FN:712,(anonymous_37)
FN:738,validatePhase1_2
FN:752,(anonymous_39)
FN:753,(anonymous_40)
FN:754,(anonymous_41)
FN:757,(anonymous_42)
FN:762,(anonymous_43)
FN:763,(anonymous_44)
FNF:45
FNH:0
FNDA:0,(anonymous_0)
FNDA:0,(anonymous_1)
FNDA:0,(anonymous_2)
FNDA:0,testDatabaseHealth
FNDA:0,(anonymous_4)
FNDA:0,testUserOperations
FNDA:0,(anonymous_6)
FNDA:0,(anonymous_7)
FNDA:0,(anonymous_8)
FNDA:0,(anonymous_9)
FNDA:0,(anonymous_10)
FNDA:0,testAlarmOperations
FNDA:0,(anonymous_12)
FNDA:0,(anonymous_13)
FNDA:0,(anonymous_14)
FNDA:0,(anonymous_15)
FNDA:0,(anonymous_16)
FNDA:0,(anonymous_17)
FNDA:0,(anonymous_18)
FNDA:0,testRealtimeSubscriptions
FNDA:0,(anonymous_20)
FNDA:0,(anonymous_21)
FNDA:0,(anonymous_22)
FNDA:0,(anonymous_23)
FNDA:0,(anonymous_24)
FNDA:0,testPerformanceBenchmarks
FNDA:0,(anonymous_26)
FNDA:0,(anonymous_27)
FNDA:0,(anonymous_28)
FNDA:0,(anonymous_29)
FNDA:0,(anonymous_30)
FNDA:0,runAllDatabaseTests
FNDA:0,(anonymous_32)
FNDA:0,(anonymous_33)
FNDA:0,(anonymous_34)
FNDA:0,(anonymous_35)
FNDA:0,(anonymous_36)
FNDA:0,(anonymous_37)
FNDA:0,validatePhase1_2
FNDA:0,(anonymous_39)
FNDA:0,(anonymous_40)
FNDA:0,(anonymous_41)
FNDA:0,(anonymous_42)
FNDA:0,(anonymous_43)
FNDA:0,(anonymous_44)
DA:8,0
DA:15,0
DA:43,0
DA:46,0
DA:50,0
DA:54,0
DA:55,0
DA:56,0
DA:57,0
DA:64,0
DA:65,0
DA:66,0
DA:69,0
DA:70,0
DA:71,0
DA:73,0
DA:74,0
DA:76,0
DA:84,0
DA:93,0
DA:94,0
DA:95,0
DA:97,0
DA:98,0
DA:100,0
DA:108,0
DA:117,0
DA:118,0
DA:119,0
DA:121,0
DA:122,0
DA:124,0
DA:131,0
DA:139,0
DA:140,0
DA:142,0
DA:157,0
DA:158,0
DA:159,0
DA:160,0
DA:163,0
DA:164,0
DA:172,0
DA:173,0
DA:174,0
DA:177,0
DA:185,0
DA:186,0
DA:189,0
DA:198,0
DA:199,0
DA:200,0
DA:201,0
DA:204,0
DA:212,0
DA:221,0
DA:222,0
DA:223,0
DA:229,0
DA:237,0
DA:246,0
DA:247,0
DA:248,0
DA:251,0
DA:259,0
DA:268,0
DA:269,0
DA:271,0
DA:286,0
DA:287,0
DA:288,0
DA:289,0
DA:291,0
DA:292,0
DA:305,0
DA:306,0
DA:307,0
DA:310,0
DA:318,0
DA:319,0
DA:322,0
DA:331,0
DA:332,0
DA:333,0
DA:336,0
DA:344,0
DA:353,0
DA:354,0
DA:355,0
DA:358,0
DA:366,0
DA:375,0
DA:376,0
DA:377,0
DA:378,0
DA:385,0
DA:393,0
DA:402,0
DA:403,0
DA:404,0
DA:407,0
DA:415,0
DA:424,0
DA:425,0
DA:426,0
DA:429,0
DA:437,0
DA:446,0
DA:447,0
DA:449,0
DA:464,0
DA:465,0
DA:466,0
DA:468,0
DA:471,0
DA:472,0
DA:473,0
DA:475,0
DA:476,0
DA:478,0
DA:479,0
DA:480,0
DA:484,0
DA:486,0
DA:489,0
DA:491,0
DA:493,0
DA:501,0
DA:510,0
DA:511,0
DA:512,0
DA:514,0
DA:515,0
DA:519,0
DA:521,0
DA:522,0
DA:524,0
DA:526,0
DA:534,0
DA:542,0
DA:543,0
DA:545,0
DA:560,0
DA:561,0
DA:562,0
DA:564,0
DA:567,0
DA:568,0
DA:569,0
DA:571,0
DA:572,0
DA:573,0
DA:575,0
DA:578,0
DA:579,0
DA:580,0
DA:582,0
DA:583,0
DA:585,0
DA:601,0
DA:610,0
DA:611,0
DA:612,0
DA:614,0
DA:621,0
DA:622,0
DA:624,0
DA:625,0
DA:627,0
DA:637,0
DA:641,0
DA:649,0
DA:650,0
DA:652,0
DA:667,0
DA:676,0
DA:678,0
DA:680,0
DA:682,0
DA:684,0
DA:685,0
DA:686,0
DA:687,0
DA:688,0
DA:690,0
DA:693,0
DA:694,0
DA:695,0
DA:696,0
DA:701,0
DA:702,0
DA:704,0
DA:705,0
DA:706,0
DA:707,0
DA:709,0
DA:711,0
DA:712,0
DA:713,0
DA:718,0
DA:719,0
DA:720,0
DA:722,0
DA:723,0
DA:725,0
DA:728,0
DA:730,0
DA:731,0
DA:738,0
DA:739,0
DA:741,0
DA:749,0
DA:750,0
DA:752,0
DA:753,0
DA:754,0
DA:757,0
DA:758,0
DA:760,0
DA:761,0
DA:762,0
DA:763,0
DA:764,0
DA:765,0
DA:768,0
DA:769,0
DA:770,0
DA:771,0
DA:773,0
DA:774,0
DA:777,0
DA:779,0
DA:780,0
LF:233
LH:0
BRDA:79,0,0,0
BRDA:79,0,1,0
BRDA:79,1,0,0
BRDA:79,1,1,0
BRDA:88,2,0,0
BRDA:88,2,1,0
BRDA:103,3,0,0
BRDA:103,3,1,0
BRDA:112,4,0,0
BRDA:112,4,1,0
BRDA:127,5,0,0
BRDA:127,5,1,0
BRDA:135,6,0,0
BRDA:135,6,1,0
BRDA:180,7,0,0
BRDA:180,7,1,0
BRDA:180,8,0,0
BRDA:180,8,1,0
BRDA:185,9,0,0
BRDA:185,9,1,0
BRDA:193,10,0,0
BRDA:193,10,1,0
BRDA:198,11,0,0
BRDA:198,11,1,0
BRDA:207,12,0,0
BRDA:207,12,1,0
BRDA:207,13,0,0
BRDA:207,13,1,0
BRDA:216,14,0,0
BRDA:216,14,1,0
BRDA:232,15,0,0
BRDA:232,15,1,0
BRDA:232,16,0,0
BRDA:232,16,1,0
BRDA:241,17,0,0
BRDA:241,17,1,0
BRDA:254,18,0,0
BRDA:254,18,1,0
BRDA:254,19,0,0
BRDA:254,19,1,0
BRDA:263,20,0,0
BRDA:263,20,1,0
BRDA:313,21,0,0
BRDA:313,21,1,0
BRDA:313,22,0,0
BRDA:313,22,1,0
BRDA:318,23,0,0
BRDA:318,23,1,0
BRDA:326,24,0,0
BRDA:326,24,1,0
BRDA:339,25,0,0
BRDA:339,25,1,0
BRDA:339,26,0,0
BRDA:339,26,1,0
BRDA:339,27,0,0
BRDA:339,27,1,0
BRDA:348,28,0,0
BRDA:348,28,1,0
BRDA:361,29,0,0
BRDA:361,29,1,0
BRDA:361,30,0,0
BRDA:361,30,1,0
BRDA:361,31,0,0
BRDA:361,31,1,0
BRDA:370,32,0,0
BRDA:370,32,1,0
BRDA:375,33,0,0
BRDA:375,33,1,0
BRDA:388,34,0,0
BRDA:388,34,1,0
BRDA:388,35,0,0
BRDA:388,35,1,0
BRDA:397,36,0,0
BRDA:397,36,1,0
BRDA:410,37,0,0
BRDA:410,37,1,0
BRDA:410,38,0,0
BRDA:410,38,1,0
BRDA:419,39,0,0
BRDA:419,39,1,0
BRDA:432,40,0,0
BRDA:432,40,1,0
BRDA:432,41,0,0
BRDA:432,41,1,0
BRDA:441,42,0,0
BRDA:441,42,1,0
BRDA:496,43,0,0
BRDA:496,43,1,0
BRDA:505,44,0,0
BRDA:505,44,1,0
BRDA:529,45,0,0
BRDA:529,45,1,0
BRDA:538,46,0,0
BRDA:538,46,1,0
BRDA:588,47,0,0
BRDA:588,47,1,0
BRDA:605,48,0,0
BRDA:605,48,1,0
BRDA:630,49,0,0
BRDA:630,49,1,0
BRDA:645,50,0,0
BRDA:645,50,1,0
BRDA:706,51,0,0
BRDA:706,51,1,0
BRDA:707,52,0,0
BRDA:707,52,1,0
BRDA:711,53,0,0
BRDA:711,53,1,0
BRDA:722,54,0,0
BRDA:722,54,1,0
BRDA:764,55,0,0
BRDA:764,55,1,0
BRDA:765,56,0,0
BRDA:765,56,1,0
BRDA:769,57,0,0
BRDA:769,57,1,0
BRF:116
BRH:0
end_of_record
TN:
SF:src/services/alarm-error-handler.ts
FN:358,(anonymous_1)
FN:388,(anonymous_2)
FN:414,(anonymous_3)
FN:433,(anonymous_4)
FN:471,(anonymous_5)
FN:474,(anonymous_6)
FN:484,(anonymous_7)
FN:487,(anonymous_8)
FN:497,(anonymous_9)
FN:537,(anonymous_10)
FN:655,(anonymous_11)
FN:666,(anonymous_12)
FN:673,(anonymous_13)
FN:688,(anonymous_14)
FN:701,(anonymous_15)
FN:705,(anonymous_16)
FN:720,(anonymous_17)
FNF:17
FNH:0
FNDA:0,(anonymous_1)
FNDA:0,(anonymous_2)
FNDA:0,(anonymous_3)
FNDA:0,(anonymous_4)
FNDA:0,(anonymous_5)
FNDA:0,(anonymous_6)
FNDA:0,(anonymous_7)
FNDA:0,(anonymous_8)
FNDA:0,(anonymous_9)
FNDA:0,(anonymous_10)
FNDA:0,(anonymous_11)
FNDA:0,(anonymous_12)
FNDA:0,(anonymous_13)
FNDA:0,(anonymous_14)
FNDA:0,(anonymous_15)
FNDA:0,(anonymous_16)
FNDA:0,(anonymous_17)
DA:9,0
DA:59,0
DA:75,0
DA:347,0
DA:348,0
DA:349,0
DA:365,0
DA:366,0
DA:368,0
DA:389,0
DA:390,0
DA:393,0
DA:394,0
DA:398,0
DA:401,0
DA:405,0
DA:407,0
DA:418,0
DA:420,0
DA:421,0
DA:424,0
DA:425,0
DA:427,0
DA:429,0
DA:432,0
DA:433,0
DA:436,0
DA:442,0
DA:444,0
DA:445,0
DA:446,0
DA:451,0
DA:456,0
DA:458,0
DA:474,0
DA:487,0
DA:501,0
DA:502,0
DA:505,0
DA:506,0
DA:514,0
DA:515,0
DA:520,0
DA:521,0
DA:529,0
DA:530,0
DA:531,0
DA:537,0
DA:538,0
DA:539,0
DA:549,0
DA:550,0
DA:558,0
DA:559,0
DA:560,0
DA:567,0
DA:568,0
DA:577,0
DA:578,0
DA:579,0
DA:586,0
DA:587,0
DA:596,0
DA:597,0
DA:598,0
DA:605,0
DA:606,0
DA:615,0
DA:616,0
DA:623,0
DA:624,0
DA:632,0
DA:633,0
DA:634,0
DA:641,0
DA:662,0
DA:663,0
DA:664,0
DA:666,0
DA:667,0
DA:668,0
DA:669,0
DA:672,0
DA:673,0
DA:676,0
DA:689,0
DA:690,0
DA:691,0
DA:702,0
DA:703,0
DA:704,0
DA:705,0
DA:706,0
DA:707,0
DA:709,0
DA:713,0
DA:721,0
DA:722,0
DA:724,0
DA:729,0
LF:100
LH:0
BRDA:371,0,0,0
BRDA:371,0,1,0
BRDA:393,1,0,0
BRDA:393,1,1,0
BRDA:401,2,0,0
BRDA:401,2,1,0
BRDA:402,3,0,0
BRDA:402,3,1,0
BRDA:403,4,0,0
BRDA:403,4,1,0
BRDA:425,5,0,0
BRDA:425,5,1,0
BRDA:427,6,0,0
BRDA:427,6,1,0
BRDA:427,7,0,0
BRDA:427,7,1,0
BRDA:432,8,0,0
BRDA:432,8,1,0
BRDA:442,9,0,0
BRDA:442,9,1,0
BRDA:442,10,0,0
BRDA:442,10,1,0
BRDA:474,11,0,0
BRDA:487,12,0,0
BRDA:499,13,0,0
BRDA:505,14,0,0
BRDA:505,14,1,0
BRDA:505,15,0,0
BRDA:505,15,1,0
BRDA:514,16,0,0
BRDA:514,16,1,0
BRDA:514,17,0,0
BRDA:514,17,1,0
BRDA:520,18,0,0
BRDA:520,18,1,0
BRDA:529,19,0,0
BRDA:529,19,1,0
BRDA:530,20,0,0
BRDA:530,20,1,0
BRDA:530,21,0,0
BRDA:530,21,1,0
BRDA:537,22,0,0
BRDA:537,22,1,0
BRDA:538,23,0,0
BRDA:538,23,1,0
BRDA:549,24,0,0
BRDA:549,24,1,0
BRDA:549,25,0,0
BRDA:549,25,1,0
BRDA:558,26,0,0
BRDA:558,26,1,0
BRDA:559,27,0,0
BRDA:559,27,1,0
BRDA:559,28,0,0
BRDA:559,28,1,0
BRDA:567,29,0,0
BRDA:567,29,1,0
BRDA:567,30,0,0
BRDA:567,30,1,0
BRDA:577,31,0,0
BRDA:577,31,1,0
BRDA:578,32,0,0
BRDA:578,32,1,0
BRDA:586,33,0,0
BRDA:586,33,1,0
BRDA:586,34,0,0
BRDA:586,34,1,0
BRDA:596,35,0,0
BRDA:596,35,1,0
BRDA:597,36,0,0
BRDA:597,36,1,0
BRDA:597,37,0,0
BRDA:597,37,1,0
BRDA:605,38,0,0
BRDA:605,38,1,0
BRDA:605,39,0,0
BRDA:605,39,1,0
BRDA:615,40,0,0
BRDA:615,40,1,0
BRDA:615,41,0,0
BRDA:615,41,1,0
BRDA:623,42,0,0
BRDA:623,42,1,0
BRDA:623,43,0,0
BRDA:623,43,1,0
BRDA:633,44,0,0
BRDA:633,44,1,0
BRDA:667,45,0,0
BRDA:667,45,1,0
BRDA:668,46,0,0
BRDA:668,46,1,0
BRDA:669,47,0,0
BRDA:669,47,1,0
BRDA:704,48,0,0
BRDA:704,48,1,0
BRDA:706,49,0,0
BRDA:706,49,1,0
BRF:97
BRH:0
end_of_record
TN:
SF:src/services/auth-service.ts
FN:43,(anonymous_0)
FN:45,(anonymous_1)
FN:55,(anonymous_2)
FN:75,(anonymous_3)
FN:128,(anonymous_4)
FN:145,(anonymous_5)
FN:159,(anonymous_6)
FN:178,(anonymous_7)
FN:225,(anonymous_8)
FN:226,(anonymous_9)
FN:259,(anonymous_10)
FN:275,(anonymous_11)
FN:294,(anonymous_12)
FN:314,(anonymous_13)
FN:336,(anonymous_14)
FN:337,(anonymous_15)
FN:338,(anonymous_16)
FNF:17
FNH:0
FNDA:0,(anonymous_0)
FNDA:0,(anonymous_1)
FNDA:0,(anonymous_2)
FNDA:0,(anonymous_3)
FNDA:0,(anonymous_4)
FNDA:0,(anonymous_5)
FNDA:0,(anonymous_6)
FNDA:0,(anonymous_7)
FNDA:0,(anonymous_8)
FNDA:0,(anonymous_9)
FNDA:0,(anonymous_10)
FNDA:0,(anonymous_11)
FNDA:0,(anonymous_12)
FNDA:0,(anonymous_13)
FNDA:0,(anonymous_14)
FNDA:0,(anonymous_15)
FNDA:0,(anonymous_16)
DA:9,0
DA:10,0
DA:11,0
DA:12,0
DA:14,0
DA:38,0
DA:40,0
DA:41,0
DA:46,0
DA:47,0
DA:49,0
DA:56,0
DA:57,0
DA:60,0
DA:61,0
DA:62,0
DA:65,0
DA:66,0
DA:68,0
DA:69,0
DA:76,0
DA:78,0
DA:80,0
DA:82,0
DA:83,0
DA:84,0
DA:86,0
DA:87,0
DA:91,0
DA:92,0
DA:93,0
DA:95,0
DA:96,0
DA:100,0
DA:101,0
DA:102,0
DA:104,0
DA:105,0
DA:109,0
DA:110,0
DA:111,0
DA:113,0
DA:114,0
DA:117,0
DA:120,0
DA:121,0
DA:129,0
DA:146,0
DA:148,0
DA:149,0
DA:152,0
DA:155,0
DA:157,0
DA:159,0
DA:165,0
DA:166,0
DA:183,0
DA:184,0
DA:186,0
DA:188,0
DA:189,0
DA:193,0
DA:196,0
DA:197,0
DA:201,0
DA:204,0
DA:205,0
DA:211,0
DA:212,0
DA:213,0
DA:218,0
DA:225,0
DA:226,0
DA:228,0
DA:229,0
DA:230,0
DA:231,0
DA:232,0
DA:235,0
DA:242,0
DA:243,0
DA:260,0
DA:261,0
DA:268,0
DA:276,0
DA:277,0
DA:280,0
DA:283,0
DA:284,0
DA:287,0
DA:295,0
DA:297,0
DA:298,0
DA:299,0
DA:303,0
DA:304,0
DA:307,0
DA:315,0
DA:317,0
DA:319,0
DA:324,0
DA:327,0
DA:333,0
DA:336,0
DA:337,0
DA:338,0
DA:340,0
LF:107
LH:0
BRDA:46,0,0,0
BRDA:46,0,1,0
BRDA:56,1,0,0
BRDA:56,1,1,0
BRDA:60,2,0,0
BRDA:60,2,1,0
BRDA:198,3,0,0
BRDA:198,3,1,0
BRDA:206,4,0,0
BRDA:206,4,1,0
BRDA:207,5,0,0
BRDA:207,5,1,0
BRDA:214,6,0,0
BRDA:214,6,1,0
BRDA:215,7,0,0
BRDA:215,7,1,0
BRDA:220,8,0,0
BRDA:220,8,1,0
BRDA:229,9,0,0
BRDA:229,9,1,0
BRDA:231,10,0,0
BRDA:231,10,1,0
BRF:22
BRH:0
end_of_record
TN:
SF:src/services/biometric-service.ts
FN:45,(anonymous_9)
FN:47,(anonymous_10)
FN:57,(anonymous_11)
FN:91,(anonymous_12)
FN:101,(anonymous_13)
FN:116,(anonymous_14)
FN:182,(anonymous_15)
FN:229,(anonymous_16)
FN:242,(anonymous_17)
FN:254,(anonymous_18)
FN:270,(anonymous_19)
FN:288,(anonymous_20)
FN:313,(anonymous_21)
FN:360,(anonymous_22)
FN:376,(anonymous_23)
FN:394,(anonymous_24)
FN:395,(anonymous_25)
FN:397,(anonymous_26)
FN:399,(anonymous_27)
FN:400,(anonymous_28)
FN:401,(anonymous_29)
FN:402,(anonymous_30)
FNF:22
FNH:0
FNDA:0,(anonymous_9)
FNDA:0,(anonymous_10)
FNDA:0,(anonymous_11)
FNDA:0,(anonymous_12)
FNDA:0,(anonymous_13)
FNDA:0,(anonymous_14)
FNDA:0,(anonymous_15)
FNDA:0,(anonymous_16)
FNDA:0,(anonymous_17)
FNDA:0,(anonymous_18)
FNDA:0,(anonymous_19)
FNDA:0,(anonymous_20)
FNDA:0,(anonymous_21)
FNDA:0,(anonymous_22)
FNDA:0,(anonymous_23)
FNDA:0,(anonymous_24)
FNDA:0,(anonymous_25)
FNDA:0,(anonymous_26)
FNDA:0,(anonymous_27)
FNDA:0,(anonymous_28)
FNDA:0,(anonymous_29)
FNDA:0,(anonymous_30)
DA:8,0
DA:9,0
DA:10,0
DA:41,0
DA:43,0
DA:48,0
DA:49,0
DA:51,0
DA:58,0
DA:59,0
DA:60,0
DA:61,0
DA:62,0
DA:64,0
DA:72,0
DA:73,0
DA:76,0
DA:77,0
DA:84,0
DA:92,0
DA:93,0
DA:95,0
DA:102,0
DA:103,0
DA:104,0
DA:106,0
DA:108,0
DA:109,0
DA:117,0
DA:118,0
DA:120,0
DA:121,0
DA:127,0
DA:128,0
DA:134,0
DA:135,0
DA:136,0
DA:143,0
DA:146,0
DA:155,0
DA:157,0
DA:158,0
DA:163,0
DA:171,0
DA:172,0
DA:183,0
DA:184,0
DA:186,0
DA:187,0
DA:193,0
DA:194,0
DA:201,0
DA:207,0
DA:208,0
DA:209,0
DA:214,0
DA:218,0
DA:219,0
DA:230,0
DA:231,0
DA:232,0
DA:234,0
DA:235,0
DA:243,0
DA:244,0
DA:246,0
DA:247,0
DA:255,0
DA:256,0
DA:258,0
DA:259,0
DA:261,0
DA:262,0
DA:264,0
DA:271,0
DA:273,0
DA:275,0
DA:277,0
DA:279,0
DA:281,0
DA:289,0
DA:291,0
DA:292,0
DA:297,0
DA:299,0
DA:318,0
DA:319,0
DA:321,0
DA:322,0
DA:324,0
DA:325,0
DA:327,0
DA:328,0
DA:329,0
DA:332,0
DA:333,0
DA:336,0
DA:337,0
DA:341,0
DA:348,0
DA:349,0
DA:361,0
DA:362,0
DA:364,0
DA:365,0
DA:367,0
DA:368,0
DA:370,0
DA:377,0
DA:379,0
DA:381,0
DA:383,0
DA:385,0
DA:391,0
DA:394,0
DA:395,0
DA:396,0
DA:397,0
DA:398,0
DA:399,0
DA:400,0
DA:401,0
DA:402,0
DA:404,0
LF:124
LH:0
BRDA:48,0,0,0
BRDA:48,0,1,0
BRDA:92,1,0,0
BRDA:92,1,1,0
BRDA:106,2,0,0
BRDA:106,2,1,0
BRDA:106,2,2,0
BRDA:120,3,0,0
BRDA:120,3,1,0
BRDA:127,4,0,0
BRDA:127,4,1,0
BRDA:135,5,0,0
BRDA:135,5,1,0
BRDA:147,6,0,0
BRDA:147,6,1,0
BRDA:148,7,0,0
BRDA:148,7,1,0
BRDA:149,8,0,0
BRDA:149,8,1,0
BRDA:150,9,0,0
BRDA:150,9,1,0
BRDA:157,10,0,0
BRDA:157,10,1,0
BRDA:165,11,0,0
BRDA:165,11,1,0
BRDA:174,12,0,0
BRDA:174,12,1,0
BRDA:186,13,0,0
BRDA:186,13,1,0
BRDA:193,14,0,0
BRDA:193,14,1,0
BRDA:207,15,0,0
BRDA:207,15,1,0
BRDA:221,16,0,0
BRDA:221,16,1,0
BRDA:255,17,0,0
BRDA:255,17,1,0
BRDA:256,18,0,0
BRDA:256,18,1,0
BRDA:258,19,0,0
BRDA:258,19,1,0
BRDA:259,20,0,0
BRDA:259,20,1,0
BRDA:261,21,0,0
BRDA:261,21,1,0
BRDA:271,22,0,0
BRDA:271,22,1,0
BRDA:271,22,2,0
BRDA:271,22,3,0
BRDA:271,22,4,0
BRDA:291,23,0,0
BRDA:291,23,1,0
BRDA:300,24,0,0
BRDA:300,24,1,0
BRDA:324,25,0,0
BRDA:324,25,1,0
BRDA:327,26,0,0
BRDA:327,26,1,0
BRDA:332,27,0,0
BRDA:332,27,1,0
BRDA:336,28,0,0
BRDA:336,28,1,0
BRDA:361,29,0,0
BRDA:361,29,1,0
BRDA:364,30,0,0
BRDA:364,30,1,0
BRDA:367,31,0,0
BRDA:367,31,1,0
BRDA:377,32,0,0
BRDA:377,32,1,0
BRDA:377,32,2,0
BRDA:377,32,3,0
BRDA:379,33,0,0
BRDA:379,33,1,0
BRDA:381,34,0,0
BRDA:381,34,1,0
BRF:76
BRH:0
end_of_record
TN:
SF:src/services/database-simple.ts
FN:43,(anonymous_0)
FN:81,(anonymous_1)
FN:124,(anonymous_2)
FN:162,(anonymous_3)
FN:205,(anonymous_4)
FN:243,(anonymous_5)
FN:287,(anonymous_6)
FN:325,(anonymous_7)
FN:367,testDatabaseConnection
FN:407,subscribeToAlarms
FN:418,(anonymous_10)
FNF:11
FNH:0
FNDA:0,(anonymous_0)
FNDA:0,(anonymous_1)
FNDA:0,(anonymous_2)
FNDA:0,(anonymous_3)
FNDA:0,(anonymous_4)
FNDA:0,(anonymous_5)
FNDA:0,(anonymous_6)
FNDA:0,(anonymous_7)
FNDA:0,testDatabaseConnection
FNDA:0,subscribeToAlarms
FNDA:0,(anonymous_10)
DA:8,0
DA:42,0
DA:44,0
DA:45,0
DA:51,0
DA:52,0
DA:63,0
DA:69,0
DA:82,0
DA:83,0
DA:89,0
DA:90,0
DA:101,0
DA:107,0
DA:123,0
DA:125,0
DA:126,0
DA:132,0
DA:133,0
DA:144,0
DA:150,0
DA:163,0
DA:164,0
DA:170,0
DA:171,0
DA:182,0
DA:188,0
DA:204,0
DA:206,0
DA:207,0
DA:213,0
DA:214,0
DA:225,0
DA:231,0
DA:244,0
DA:245,0
DA:252,0
DA:253,0
DA:264,0
DA:270,0
DA:286,0
DA:288,0
DA:289,0
DA:295,0
DA:296,0
DA:307,0
DA:313,0
DA:326,0
DA:327,0
DA:333,0
DA:334,0
DA:345,0
DA:351,0
DA:367,0
DA:368,0
DA:369,0
DA:374,0
DA:375,0
DA:386,0
DA:392,0
DA:407,0
DA:408,0
DA:419,0
DA:420,0
DA:421,0
DA:428,0
LF:66
LH:0
BRDA:51,0,0,0
BRDA:51,0,1,0
BRDA:73,1,0,0
BRDA:73,1,1,0
BRDA:89,2,0,0
BRDA:89,2,1,0
BRDA:111,3,0,0
BRDA:111,3,1,0
BRDA:132,4,0,0
BRDA:132,4,1,0
BRDA:154,5,0,0
BRDA:154,5,1,0
BRDA:170,6,0,0
BRDA:170,6,1,0
BRDA:183,7,0,0
BRDA:183,7,1,0
BRDA:192,8,0,0
BRDA:192,8,1,0
BRDA:213,9,0,0
BRDA:213,9,1,0
BRDA:235,10,0,0
BRDA:235,10,1,0
BRDA:252,11,0,0
BRDA:252,11,1,0
BRDA:265,12,0,0
BRDA:265,12,1,0
BRDA:274,13,0,0
BRDA:274,13,1,0
BRDA:295,14,0,0
BRDA:295,14,1,0
BRDA:317,15,0,0
BRDA:317,15,1,0
BRDA:333,16,0,0
BRDA:333,16,1,0
BRDA:355,17,0,0
BRDA:355,17,1,0
BRDA:374,18,0,0
BRDA:374,18,1,0
BRDA:396,19,0,0
BRDA:396,19,1,0
BRDA:420,20,0,0
BRDA:420,20,1,0
BRF:42
BRH:0
end_of_record
TN:
SF:src/services/snooze-manager.ts
FN:73,(anonymous_1)
FN:90,(anonymous_2)
FN:94,(anonymous_3)
FN:111,(anonymous_4)
FN:123,(anonymous_5)
FN:264,(anonymous_7)
FN:271,(anonymous_8)
FN:278,(anonymous_9)
FN:297,(anonymous_10)
FN:320,(anonymous_11)
FN:330,(anonymous_12)
FN:344,(anonymous_13)
FN:351,(anonymous_14)
FN:359,(anonymous_15)
FN:370,(anonymous_16)
FN:380,(anonymous_17)
FN:383,(anonymous_18)
FN:390,(anonymous_19)
FN:409,(anonymous_20)
FN:428,(anonymous_21)
FN:448,(anonymous_22)
FN:469,(anonymous_23)
FN:486,(anonymous_24)
FN:493,(anonymous_25)
FNF:24
FNH:0
FNDA:0,(anonymous_1)
FNDA:0,(anonymous_2)
FNDA:0,(anonymous_3)
FNDA:0,(anonymous_4)
FNDA:0,(anonymous_5)
FNDA:0,(anonymous_7)
FNDA:0,(anonymous_8)
FNDA:0,(anonymous_9)
FNDA:0,(anonymous_10)
FNDA:0,(anonymous_11)
FNDA:0,(anonymous_12)
FNDA:0,(anonymous_13)
FNDA:0,(anonymous_14)
FNDA:0,(anonymous_15)
FNDA:0,(anonymous_16)
FNDA:0,(anonymous_17)
FNDA:0,(anonymous_18)
FNDA:0,(anonymous_19)
FNDA:0,(anonymous_20)
FNDA:0,(anonymous_21)
FNDA:0,(anonymous_22)
FNDA:0,(anonymous_23)
FNDA:0,(anonymous_24)
FNDA:0,(anonymous_25)
DA:9,0
DA:16,0
DA:19,0
DA:61,0
DA:62,0
DA:63,0
DA:64,0
DA:74,0
DA:76,0
DA:77,0
DA:78,0
DA:79,0
DA:80,0
DA:82,0
DA:83,0
DA:91,0
DA:92,0
DA:93,0
DA:94,0
DA:96,0
DA:97,0
DA:99,0
DA:101,0
DA:104,0
DA:112,0
DA:113,0
DA:114,0
DA:116,0
DA:124,0
DA:126,0
DA:127,0
DA:128,0
DA:130,0
DA:133,0
DA:150,0
DA:151,0
DA:152,0
DA:155,0
DA:156,0
DA:159,0
DA:160,0
DA:170,0
DA:171,0
DA:176,0
DA:177,0
DA:195,0
DA:215,0
DA:216,0
DA:219,0
DA:226,0
DA:227,0
DA:238,0
DA:240,0
DA:242,0
DA:250,0
DA:265,0
DA:272,0
DA:279,0
DA:280,0
DA:281,0
DA:284,0
DA:285,0
DA:286,0
DA:287,0
DA:291,0
DA:292,0
DA:298,0
DA:305,0
DA:306,0
DA:309,0
DA:311,0
DA:313,0
DA:321,0
DA:323,0
DA:325,0
DA:326,0
DA:327,0
DA:330,0
DA:331,0
DA:334,0
DA:345,0
DA:352,0
DA:353,0
DA:360,0
DA:361,0
DA:363,0
DA:364,0
DA:371,0
DA:372,0
DA:374,0
DA:381,0
DA:382,0
DA:383,0
DA:396,0
DA:398,0
DA:399,0
DA:407,0
DA:408,0
DA:409,0
DA:410,0
DA:411,0
DA:413,0
DA:429,0
DA:431,0
DA:432,0
DA:433,0
DA:434,0
DA:438,0
DA:439,0
DA:441,0
DA:449,0
DA:451,0
DA:452,0
DA:454,0
DA:457,0
DA:458,0
DA:460,0
DA:462,0
DA:470,0
DA:471,0
DA:473,0
DA:474,0
DA:476,0
DA:477,0
DA:479,0
DA:487,0
DA:489,0
DA:490,0
DA:493,0
DA:497,0
LF:130
LH:0
BRDA:74,0,0,0
BRDA:74,0,1,0
BRDA:93,1,0,0
BRDA:93,1,1,0
BRDA:96,2,0,0
BRDA:96,2,1,0
BRDA:96,3,0,0
BRDA:96,3,1,0
BRDA:97,4,0,0
BRDA:97,4,1,0
BRDA:127,5,0,0
BRDA:127,5,1,0
BRDA:127,6,0,0
BRDA:127,6,1,0
BRDA:128,7,0,0
BRDA:128,7,1,0
BRDA:151,8,0,0
BRDA:151,8,1,0
BRDA:155,9,0,0
BRDA:155,9,1,0
BRDA:159,10,0,0
BRDA:159,10,1,0
BRDA:159,11,0,0
BRDA:159,11,1,0
BRDA:176,12,0,0
BRDA:176,12,1,0
BRDA:226,13,0,0
BRDA:226,13,1,0
BRDA:233,14,0,0
BRDA:233,14,1,0
BRDA:256,15,0,0
BRDA:256,15,1,0
BRDA:281,16,0,0
BRDA:281,16,1,0
BRDA:285,17,0,0
BRDA:285,17,1,0
BRDA:298,18,0,0
BRDA:298,18,1,0
BRDA:321,19,0,0
BRDA:321,19,1,0
BRDA:325,20,0,0
BRDA:325,20,1,0
BRDA:345,21,0,0
BRDA:345,21,1,0
BRDA:353,22,0,0
BRDA:353,22,1,0
BRDA:353,22,2,0
BRDA:361,23,0,0
BRDA:361,23,1,0
BRDA:361,24,0,0
BRDA:361,24,1,0
BRDA:364,25,0,0
BRDA:364,25,1,0
BRDA:372,26,0,0
BRDA:372,26,1,0
BRDA:383,27,0,0
BRDA:383,27,1,0
BRDA:383,27,2,0
BRDA:398,28,0,0
BRDA:398,28,1,0
BRDA:398,29,0,0
BRDA:398,29,1,0
BRDA:410,30,0,0
BRDA:410,30,1,0
BRDA:411,31,0,0
BRDA:411,31,1,0
BRDA:432,32,0,0
BRDA:432,32,1,0
BRDA:471,33,0,0
BRDA:471,33,1,0
BRDA:476,34,0,0
BRDA:476,34,1,0
BRF:72
BRH:0
end_of_record
