TN:
SF:src/components/AudioControlPanel.tsx
FN:36,(anonymous_1)
FN:63,(anonymous_2)
FN:71,(anonymous_3)
FN:88,(anonymous_4)
FN:102,(anonymous_5)
FN:120,(anonymous_6)
FN:123,(anonymous_7)
FN:132,(anonymous_8)
FN:135,(anonymous_9)
FN:144,(anonymous_10)
FN:155,(anonymous_11)
FN:156,(anonymous_12)
FN:166,(anonymous_13)
FN:176,(anonymous_14)
FN:189,(anonymous_15)
FN:199,(anonymous_16)
FN:212,(anonymous_17)
FN:266,(anonymous_18)
FNF:18
FNH:0
FNDA:0,(anonymous_1)
FNDA:0,(anonymous_2)
FNDA:0,(anonymous_3)
FNDA:0,(anonymous_4)
FNDA:0,(anonymous_5)
FNDA:0,(anonymous_6)
FNDA:0,(anonymous_7)
FNDA:0,(anonymous_8)
FNDA:0,(anonymous_9)
FNDA:0,(anonymous_10)
FNDA:0,(anonymous_11)
FNDA:0,(anonymous_12)
FNDA:0,(anonymous_13)
FNDA:0,(anonymous_14)
FNDA:0,(anonymous_15)
FNDA:0,(anonymous_16)
FNDA:0,(anonymous_17)
FNDA:0,(anonymous_18)
DA:9,0
DA:10,0
DA:19,0
DA:20,0
DA:22,0
DA:23,0
DA:36,0
DA:51,0
DA:54,0
DA:55,0
DA:56,0
DA:59,0
DA:60,0
DA:63,0
DA:64,0
DA:65,0
DA:66,0
DA:71,0
DA:72,0
DA:73,0
DA:87,0
DA:88,0
DA:90,0
DA:94,0
DA:95,0
DA:102,0
DA:103,0
DA:116,0
DA:117,0
DA:120,0
DA:121,0
DA:123,0
DA:124,0
DA:125,0
DA:126,0
DA:128,0
DA:132,0
DA:133,0
DA:135,0
DA:136,0
DA:137,0
DA:138,0
DA:140,0
DA:144,0
DA:145,0
DA:147,0
DA:156,0
DA:157,0
DA:158,0
DA:166,0
DA:167,0
DA:169,0
DA:172,0
DA:173,0
DA:176,0
DA:177,0
DA:178,0
DA:179,0
DA:181,0
DA:185,0
DA:186,0
DA:189,0
DA:190,0
DA:192,0
DA:195,0
DA:196,0
DA:199,0
DA:200,0
DA:201,0
DA:202,0
DA:204,0
DA:208,0
DA:209,0
DA:212,0
DA:213,0
DA:214,0
DA:215,0
DA:217,0
DA:218,0
DA:237,0
DA:238,0
DA:254,0
DA:266,0
DA:267,0
DA:270,0
DA:427,0
LF:86
LH:0
BRDA:37,0,0,0
BRDA:38,1,0,0
BRDA:64,2,0,0
BRDA:72,3,0,0
BRDA:72,3,1,0
BRDA:94,4,0,0
BRDA:121,5,0,0
BRDA:121,6,0,0
BRDA:121,6,1,0
BRDA:125,7,0,0
BRDA:126,8,0,0
BRDA:126,8,1,0
BRDA:133,9,0,0
BRDA:133,10,0,0
BRDA:133,10,1,0
BRDA:137,11,0,0
BRDA:138,12,0,0
BRDA:138,12,1,0
BRDA:145,13,0,0
BRDA:145,14,0,0
BRDA:145,14,1,0
BRDA:167,15,0,0
BRDA:172,16,0,0
BRDA:178,17,0,0
BRDA:190,18,0,0
BRDA:195,19,0,0
BRDA:201,20,0,0
BRDA:214,21,0,0
BRDA:214,21,1,0
BRDA:215,22,0,0
BRDA:215,22,1,0
BRDA:217,23,0,0
BRDA:217,23,1,0
BRDA:217,24,0,0
BRDA:217,24,1,0
BRDA:231,25,0,0
BRDA:231,25,1,0
BRDA:237,26,0,0
BRDA:237,26,1,0
BRDA:237,27,0,0
BRDA:237,27,1,0
BRDA:247,28,0,0
BRDA:247,28,1,0
BRDA:258,29,0,0
BRDA:258,29,1,0
BRDA:271,30,0,0
BRDA:271,30,1,0
BRDA:273,31,0,0
BRDA:273,31,1,0
BRDA:281,32,0,0
BRDA:281,32,1,0
BRDA:286,33,0,0
BRDA:286,33,1,0
BRDA:286,33,2,0
BRDA:295,34,0,0
BRDA:295,34,1,0
BRDA:307,35,0,0
BRDA:307,35,1,0
BRDA:319,36,0,0
BRDA:319,36,1,0
BRDA:383,37,0,0
BRDA:383,37,1,0
BRDA:387,38,0,0
BRDA:387,38,1,0
BRDA:397,39,0,0
BRDA:397,39,1,0
BRDA:401,40,0,0
BRDA:401,40,1,0
BRDA:409,41,0,0
BRDA:409,41,1,0
BRF:70
BRH:0
end_of_record
TN:
SF:src/components/FloatingSessionMonitor.tsx
FN:48,(anonymous_9)
FN:82,(anonymous_10)
FN:96,(anonymous_11)
FN:109,(anonymous_12)
FN:146,(anonymous_13)
FN:179,(anonymous_14)
FN:192,(anonymous_15)
FNF:7
FNH:0
FNDA:0,(anonymous_9)
FNDA:0,(anonymous_10)
FNDA:0,(anonymous_11)
FNDA:0,(anonymous_12)
FNDA:0,(anonymous_13)
FNDA:0,(anonymous_14)
FNDA:0,(anonymous_15)
DA:9,0
DA:10,0
DA:17,0
DA:18,0
DA:19,0
DA:20,0
DA:21,0
DA:22,0
DA:23,0
DA:26,0
DA:27,0
DA:30,0
DA:48,0
DA:55,0
DA:56,0
DA:57,0
DA:70,0
DA:73,0
DA:74,0
DA:75,0
DA:78,0
DA:79,0
DA:82,0
DA:83,0
DA:84,0
DA:85,0
DA:91,0
DA:92,0
DA:97,0
DA:103,0
DA:108,0
DA:110,0
DA:112,0
DA:114,0
DA:115,0
DA:119,0
DA:122,0
DA:123,0
DA:129,0
DA:130,0
DA:132,0
DA:139,0
DA:146,0
DA:147,0
DA:150,0
DA:153,0
DA:154,0
DA:155,0
DA:159,0
DA:161,0
DA:162,0
DA:167,0
DA:179,0
DA:180,0
DA:182,0
DA:184,0
DA:185,0
DA:186,0
DA:187,0
DA:192,0
DA:193,0
DA:195,0
DA:196,0
DA:199,0
DA:200,0
DA:209,0
DA:210,0
DA:213,0
DA:214,0
DA:216,0
DA:315,0
DA:386,0
LF:72
LH:0
BRDA:49,0,0,0
BRDA:50,1,0,0
BRDA:51,2,0,0
BRDA:83,3,0,0
BRDA:83,3,1,0
BRDA:83,4,0,0
BRDA:83,4,1,0
BRDA:91,5,0,0
BRDA:91,6,0,0
BRDA:91,6,1,0
BRDA:112,7,0,0
BRDA:112,7,1,0
BRDA:134,8,0,0
BRDA:134,8,1,0
BRDA:147,9,0,0
BRDA:153,10,0,0
BRDA:159,11,0,0
BRDA:184,12,0,0
BRDA:184,12,1,0
BRDA:184,13,0,0
BRDA:184,13,1,0
BRDA:186,14,0,0
BRDA:186,15,0,0
BRDA:186,15,1,0
BRDA:195,16,0,0
BRDA:195,16,1,0
BRDA:209,17,0,0
BRDA:209,18,0,0
BRDA:209,18,1,0
BRDA:213,19,0,0
BRDA:213,19,1,0
BRDA:214,20,0,0
BRDA:214,20,1,0
BRDA:231,21,0,0
BRDA:231,21,1,0
BRDA:232,22,0,0
BRDA:232,22,1,0
BRDA:238,23,0,0
BRDA:238,23,1,0
BRDA:294,24,0,0
BRDA:294,24,1,0
BRDA:294,24,2,0
BRDA:300,25,0,0
BRDA:300,25,1,0
BRF:44
BRH:0
end_of_record
TN:
SF:src/components/SessionProgressBar.tsx
FN:30,(anonymous_0)
FN:50,(anonymous_1)
FN:67,(anonymous_2)
FN:85,(anonymous_3)
FN:115,(anonymous_4)
FN:127,(anonymous_5)
FNF:6
FNH:0
FNDA:0,(anonymous_0)
FNDA:0,(anonymous_1)
FNDA:0,(anonymous_2)
FNDA:0,(anonymous_3)
FNDA:0,(anonymous_4)
FNDA:0,(anonymous_5)
DA:9,0
DA:10,0
DA:11,0
DA:12,0
DA:13,0
DA:30,0
DA:43,0
DA:46,0
DA:47,0
DA:50,0
DA:51,0
DA:53,0
DA:55,0
DA:56,0
DA:62,0
DA:67,0
DA:68,0
DA:69,0
DA:83,0
DA:85,0
DA:87,0
DA:91,0
DA:92,0
DA:99,0
DA:100,0
DA:113,0
DA:115,0
DA:116,0
DA:117,0
DA:118,0
DA:120,0
DA:121,0
DA:123,0
DA:127,0
DA:128,0
DA:130,0
DA:132,0
DA:134,0
DA:136,0
DA:140,0
DA:227,0
LF:41
LH:0
BRDA:31,0,0,0
BRDA:32,1,0,0
BRDA:33,2,0,0
BRDA:34,3,0,0
BRDA:35,4,0,0
BRDA:36,5,0,0
BRDA:51,6,0,0
BRDA:55,7,0,0
BRDA:55,7,1,0
BRDA:68,8,0,0
BRDA:68,8,1,0
BRDA:91,9,0,0
BRDA:99,10,0,0
BRDA:99,11,0,0
BRDA:99,11,1,0
BRDA:120,12,0,0
BRDA:120,12,1,0
BRDA:128,13,0,0
BRDA:128,13,1,0
BRDA:128,13,2,0
BRDA:128,13,3,0
BRDA:148,14,0,0
BRDA:148,14,1,0
BRDA:191,15,0,0
BRDA:191,15,1,0
BRDA:200,16,0,0
BRDA:200,16,1,0
BRDA:213,17,0,0
BRDA:213,17,1,0
BRF:29
BRH:0
end_of_record
TN:
SF:src/components/auth/ForgotPasswordForm.tsx
FN:30,(anonymous_10)
FN:47,(anonymous_11)
FN:49,(anonymous_12)
FN:52,(anonymous_13)
FN:59,(anonymous_14)
FN:70,(anonymous_15)
FN:71,(anonymous_16)
FN:75,(anonymous_17)
FN:84,(anonymous_18)
FN:100,(anonymous_19)
FN:105,(anonymous_20)
FN:208,(anonymous_21)
FNF:12
FNH:0
FNDA:0,(anonymous_10)
FNDA:0,(anonymous_11)
FNDA:0,(anonymous_12)
FNDA:0,(anonymous_13)
FNDA:0,(anonymous_14)
FNDA:0,(anonymous_15)
FNDA:0,(anonymous_16)
FNDA:0,(anonymous_17)
FNDA:0,(anonymous_18)
FNDA:0,(anonymous_19)
FNDA:0,(anonymous_20)
FNDA:0,(anonymous_21)
DA:8,0
DA:9,0
DA:18,0
DA:19,0
DA:20,0
DA:21,0
DA:22,0
DA:23,0
DA:30,0
DA:34,0
DA:37,0
DA:38,0
DA:45,0
DA:47,0
DA:49,0
DA:52,0
DA:53,0
DA:54,0
DA:55,0
DA:56,0
DA:58,0
DA:59,0
DA:60,0
DA:61,0
DA:62,0
DA:65,0
DA:66,0
DA:70,0
DA:71,0
DA:74,0
DA:75,0
DA:79,0
DA:80,0
DA:84,0
DA:85,0
DA:87,0
DA:88,0
DA:90,0
DA:91,0
DA:92,0
DA:93,0
DA:96,0
DA:100,0
DA:101,0
DA:102,0
DA:105,0
DA:106,0
DA:107,0
DA:110,0
DA:111,0
DA:183,0
DA:208,0
DA:254,0
DA:397,0
LF:54
LH:0
BRDA:61,0,0,0
BRDA:74,1,0,0
BRDA:79,2,0,0
BRDA:85,3,0,0
BRDA:90,4,0,0
BRDA:90,4,1,0
BRDA:92,5,0,0
BRDA:96,6,0,0
BRDA:96,6,1,0
BRDA:110,7,0,0
BRDA:186,8,0,0
BRDA:186,8,1,0
BRF:12
BRH:0
end_of_record
TN:
SF:src/components/auth/SignInForm.tsx
FN:30,(anonymous_10)
FN:56,(anonymous_11)
FN:65,(anonymous_12)
FN:67,(anonymous_13)
FN:70,(anonymous_14)
FN:77,(anonymous_15)
FN:88,(anonymous_16)
FN:89,(anonymous_17)
FN:93,(anonymous_18)
FN:102,(anonymous_19)
FN:118,(anonymous_20)
FN:132,(anonymous_21)
FN:146,(anonymous_22)
FN:185,(anonymous_23)
FN:198,(anonymous_24)
FN:281,(anonymous_25)
FNF:16
FNH:0
FNDA:0,(anonymous_10)
FNDA:0,(anonymous_11)
FNDA:0,(anonymous_12)
FNDA:0,(anonymous_13)
FNDA:0,(anonymous_14)
FNDA:0,(anonymous_15)
FNDA:0,(anonymous_16)
FNDA:0,(anonymous_17)
FNDA:0,(anonymous_18)
FNDA:0,(anonymous_19)
FNDA:0,(anonymous_20)
FNDA:0,(anonymous_21)
FNDA:0,(anonymous_22)
FNDA:0,(anonymous_23)
FNDA:0,(anonymous_24)
FNDA:0,(anonymous_25)
DA:8,0
DA:9,0
DA:18,0
DA:19,0
DA:20,0
DA:21,0
DA:22,0
DA:23,0
DA:30,0
DA:34,0
DA:35,0
DA:39,0
DA:40,0
DA:52,0
DA:54,0
DA:56,0
DA:58,0
DA:59,0
DA:61,0
DA:65,0
DA:67,0
DA:70,0
DA:71,0
DA:72,0
DA:73,0
DA:74,0
DA:76,0
DA:77,0
DA:78,0
DA:79,0
DA:80,0
DA:83,0
DA:84,0
DA:88,0
DA:89,0
DA:92,0
DA:93,0
DA:97,0
DA:98,0
DA:102,0
DA:103,0
DA:105,0
DA:106,0
DA:108,0
DA:109,0
DA:110,0
DA:111,0
DA:114,0
DA:118,0
DA:119,0
DA:120,0
DA:122,0
DA:123,0
DA:124,0
DA:125,0
DA:128,0
DA:132,0
DA:133,0
DA:134,0
DA:136,0
DA:137,0
DA:138,0
DA:139,0
DA:142,0
DA:146,0
DA:147,0
DA:148,0
DA:150,0
DA:151,0
DA:152,0
DA:153,0
DA:156,0
DA:160,0
DA:185,0
DA:198,0
DA:281,0
DA:351,0
LF:77
LH:0
BRDA:58,0,0,0
BRDA:58,0,1,0
BRDA:58,1,0,0
BRDA:58,1,1,0
BRDA:58,1,2,0
BRDA:79,2,0,0
BRDA:92,3,0,0
BRDA:97,4,0,0
BRDA:103,5,0,0
BRDA:108,6,0,0
BRDA:108,6,1,0
BRDA:110,7,0,0
BRDA:114,8,0,0
BRDA:114,8,1,0
BRDA:122,9,0,0
BRDA:122,9,1,0
BRDA:124,10,0,0
BRDA:128,11,0,0
BRDA:128,11,1,0
BRDA:136,12,0,0
BRDA:136,12,1,0
BRDA:138,13,0,0
BRDA:142,14,0,0
BRDA:142,14,1,0
BRDA:150,15,0,0
BRDA:150,15,1,0
BRDA:152,16,0,0
BRDA:156,17,0,0
BRDA:156,17,1,0
BRDA:163,18,0,0
BRDA:163,18,1,0
BRDA:229,19,0,0
BRDA:229,19,1,0
BRDA:235,20,0,0
BRDA:235,20,1,0
BRDA:261,21,0,0
BRDA:261,21,1,0
BRF:37
BRH:0
end_of_record
TN:
SF:src/components/auth/SignUpForm.tsx
FN:31,(anonymous_10)
FN:57,(anonymous_11)
FN:59,(anonymous_12)
FN:62,(anonymous_13)
FN:72,(anonymous_14)
FN:79,(anonymous_15)
FN:90,(anonymous_16)
FN:91,(anonymous_17)
FN:95,(anonymous_18)
FN:104,(anonymous_19)
FN:129,(anonymous_20)
FN:143,(anonymous_21)
FN:157,(anonymous_22)
FN:164,(anonymous_23)
FN:177,(anonymous_24)
FN:221,(anonymous_25)
FN:232,(anonymous_26)
FN:246,(anonymous_27)
FN:283,(anonymous_28)
FN:294,(anonymous_29)
FNF:20
FNH:0
FNDA:0,(anonymous_10)
FNDA:0,(anonymous_11)
FNDA:0,(anonymous_12)
FNDA:0,(anonymous_13)
FNDA:0,(anonymous_14)
FNDA:0,(anonymous_15)
FNDA:0,(anonymous_16)
FNDA:0,(anonymous_17)
FNDA:0,(anonymous_18)
FNDA:0,(anonymous_19)
FNDA:0,(anonymous_20)
FNDA:0,(anonymous_21)
FNDA:0,(anonymous_22)
FNDA:0,(anonymous_23)
FNDA:0,(anonymous_24)
FNDA:0,(anonymous_25)
FNDA:0,(anonymous_26)
FNDA:0,(anonymous_27)
FNDA:0,(anonymous_28)
FNDA:0,(anonymous_29)
DA:8,0
DA:9,0
DA:19,0
DA:20,0
DA:21,0
DA:22,0
DA:23,0
DA:24,0
DA:31,0
DA:35,0
DA:42,0
DA:43,0
DA:55,0
DA:57,0
DA:59,0
DA:62,0
DA:64,0
DA:65,0
DA:66,0
DA:68,0
DA:72,0
DA:73,0
DA:74,0
DA:75,0
DA:76,0
DA:78,0
DA:79,0
DA:80,0
DA:81,0
DA:82,0
DA:85,0
DA:86,0
DA:90,0
DA:91,0
DA:94,0
DA:95,0
DA:99,0
DA:100,0
DA:104,0
DA:105,0
DA:107,0
DA:108,0
DA:110,0
DA:111,0
DA:113,0
DA:119,0
DA:121,0
DA:122,0
DA:125,0
DA:129,0
DA:130,0
DA:131,0
DA:133,0
DA:134,0
DA:135,0
DA:136,0
DA:139,0
DA:143,0
DA:144,0
DA:145,0
DA:147,0
DA:148,0
DA:149,0
DA:150,0
DA:153,0
DA:157,0
DA:158,0
DA:159,0
DA:160,0
DA:161,0
DA:164,0
DA:165,0
DA:167,0
DA:174,0
DA:178,0
DA:196,0
DA:221,0
DA:232,0
DA:246,0
DA:283,0
DA:294,0
DA:377,0
DA:515,0
LF:83
LH:0
BRDA:64,0,0,0
BRDA:64,0,1,0
BRDA:81,1,0,0
BRDA:94,2,0,0
BRDA:99,3,0,0
BRDA:105,4,0,0
BRDA:110,5,0,0
BRDA:110,5,1,0
BRDA:111,6,0,0
BRDA:111,6,1,0
BRDA:121,7,0,0
BRDA:125,8,0,0
BRDA:125,8,1,0
BRDA:133,9,0,0
BRDA:133,9,1,0
BRDA:135,10,0,0
BRDA:139,11,0,0
BRDA:139,11,1,0
BRDA:147,12,0,0
BRDA:147,12,1,0
BRDA:149,13,0,0
BRDA:153,14,0,0
BRDA:153,14,1,0
BRDA:158,15,0,0
BRDA:159,16,0,0
BRDA:160,17,0,0
BRDA:165,18,0,0
BRDA:180,19,0,0
BRDA:180,19,1,0
BRDA:182,20,0,0
BRDA:182,20,1,0
BRDA:186,21,0,0
BRDA:186,21,1,0
BRDA:199,22,0,0
BRDA:199,22,1,0
BRDA:255,23,0,0
BRDA:255,23,1,0
BRDA:262,24,0,0
BRDA:262,24,1,0
BRDA:263,25,0,0
BRDA:263,25,1,0
BRDA:270,26,0,0
BRDA:270,26,1,0
BRDA:271,27,0,0
BRDA:271,27,1,0
BRDA:299,28,0,0
BRDA:299,28,1,0
BRDA:301,29,0,0
BRDA:301,29,1,0
BRDA:310,30,0,0
BRDA:310,30,1,0
BRDA:347,31,0,0
BRDA:347,31,1,0
BRF:53
BRH:0
end_of_record
TN:
SF:src/components/forms/AlarmFormValidation.tsx
FN:20,(anonymous_0)
FN:69,(anonymous_1)
FN:144,(anonymous_2)
FN:149,(anonymous_3)
FN:164,(anonymous_4)
FN:174,(anonymous_5)
FN:200,(anonymous_6)
FN:219,(anonymous_7)
FN:255,(anonymous_8)
FNF:9
FNH:0
FNDA:0,(anonymous_0)
FNDA:0,(anonymous_1)
FNDA:0,(anonymous_2)
FNDA:0,(anonymous_3)
FNDA:0,(anonymous_4)
FNDA:0,(anonymous_5)
FNDA:0,(anonymous_6)
FNDA:0,(anonymous_7)
FNDA:0,(anonymous_8)
DA:9,0
DA:10,0
DA:20,0
DA:21,0
DA:24,0
DA:25,0
DA:33,0
DA:34,0
DA:42,0
DA:43,0
DA:50,0
DA:52,0
DA:60,0
DA:61,0
DA:62,0
DA:69,0
DA:70,0
DA:79,0
DA:80,0
DA:82,0
DA:89,0
DA:91,0
DA:100,0
DA:101,0
DA:108,0
DA:109,0
DA:110,0
DA:119,0
DA:121,0
DA:128,0
DA:130,0
DA:137,0
DA:144,0
DA:145,0
DA:146,0
DA:149,0
DA:155,0
DA:156,0
DA:159,0
DA:162,0
DA:166,0
DA:167,0
DA:170,0
DA:171,0
DA:174,0
DA:175,0
DA:177,0
DA:179,0
DA:182,0
DA:185,0
DA:188,0
DA:191,0
DA:194,0
DA:196,0
DA:200,0
DA:202,0
DA:208,0
DA:213,0
DA:220,0
DA:255,0
DA:314,0
LF:61
LH:0
BRDA:24,0,0,0
BRDA:24,1,0,0
BRDA:24,1,1,0
BRDA:33,2,0,0
BRDA:33,3,0,0
BRDA:33,3,1,0
BRDA:42,4,0,0
BRDA:42,5,0,0
BRDA:42,5,1,0
BRDA:42,5,2,0
BRDA:50,6,0,0
BRDA:50,7,0,0
BRDA:50,7,1,0
BRDA:50,7,2,0
BRDA:60,8,0,0
BRDA:61,9,0,0
BRDA:61,10,0,0
BRDA:61,10,1,0
BRDA:69,11,0,0
BRDA:69,12,0,0
BRDA:69,12,1,0
BRDA:69,13,0,0
BRDA:69,13,1,0
BRDA:79,14,0,0
BRDA:80,15,0,0
BRDA:80,16,0,0
BRDA:80,16,1,0
BRDA:80,16,2,0
BRDA:89,17,0,0
BRDA:89,18,0,0
BRDA:89,18,1,0
BRDA:89,18,2,0
BRDA:100,19,0,0
BRDA:100,20,0,0
BRDA:100,20,1,0
BRDA:108,21,0,0
BRDA:108,22,0,0
BRDA:108,22,1,0
BRDA:109,23,0,0
BRDA:109,24,0,0
BRDA:109,24,1,0
BRDA:119,25,0,0
BRDA:119,26,0,0
BRDA:119,26,1,0
BRDA:119,26,2,0
BRDA:128,27,0,0
BRDA:128,28,0,0
BRDA:128,28,1,0
BRDA:128,28,2,0
BRDA:152,29,0,0
BRDA:153,30,0,0
BRDA:159,31,0,0
BRDA:159,31,1,0
BRDA:162,32,0,0
BRDA:162,32,1,0
BRDA:167,33,0,0
BRDA:167,33,1,0
BRDA:167,33,2,0
BRDA:170,34,0,0
BRDA:175,35,0,0
BRDA:175,35,1,0
BRDA:175,35,2,0
BRDA:175,35,3,0
BRDA:175,35,4,0
BRDA:175,35,5,0
BRDA:175,35,6,0
BRDA:175,35,7,0
BRDA:175,35,8,0
BRDA:175,35,9,0
BRDA:175,35,10,0
BRDA:175,35,11,0
BRDA:175,35,12,0
BRDA:208,36,0,0
BRDA:208,36,1,0
BRDA:245,37,0,0
BRDA:245,37,1,0
BRDA:247,38,0,0
BRDA:247,38,1,0
BRF:78
BRH:0
end_of_record
TN:
SF:src/components/providers/ThemeProvider.tsx
FN:28,(anonymous_0)
FN:38,(anonymous_1)
FN:39,(anonymous_2)
FN:43,(anonymous_3)
FN:47,(anonymous_4)
FN:54,(anonymous_5)
FN:58,(anonymous_6)
FN:86,(anonymous_7)
FNF:8
FNH:0
FNDA:0,(anonymous_0)
FNDA:0,(anonymous_1)
FNDA:0,(anonymous_2)
FNDA:0,(anonymous_3)
FNDA:0,(anonymous_4)
FNDA:0,(anonymous_5)
FNDA:0,(anonymous_6)
FNDA:0,(anonymous_7)
DA:8,0
DA:9,0
DA:10,0
DA:11,0
DA:22,0
DA:28,0
DA:29,0
DA:30,0
DA:31,0
DA:34,0
DA:35,0
DA:38,0
DA:39,0
DA:40,0
DA:43,0
DA:47,0
DA:48,0
DA:49,0
DA:54,0
DA:55,0
DA:58,0
DA:59,0
DA:62,0
DA:63,0
DA:72,0
DA:79,0
DA:86,0
DA:87,0
DA:88,0
DA:89,0
DA:91,0
DA:94,0
LF:32
LH:0
BRDA:34,0,0,0
BRDA:34,0,1,0
BRDA:34,0,2,0
BRDA:35,1,0,0
BRDA:35,1,1,0
BRDA:48,2,0,0
BRDA:55,3,0,0
BRDA:55,3,1,0
BRDA:62,4,0,0
BRDA:88,5,0,0
BRF:10
BRH:0
end_of_record
TN:
SF:src/components/ui/AudioSelector.tsx
FN:51,(anonymous_0)
FN:68,(anonymous_1)
FN:70,(anonymous_2)
FN:71,(anonymous_3)
FN:77,(anonymous_4)
FN:81,(anonymous_5)
FN:92,(anonymous_6)
FN:122,(anonymous_7)
FN:127,(anonymous_8)
FN:142,(anonymous_9)
FN:160,(anonymous_10)
FN:166,(anonymous_11)
FN:172,(anonymous_12)
FN:177,(anonymous_13)
FN:189,(anonymous_14)
FN:190,(anonymous_15)
FN:246,(anonymous_16)
FN:252,(anonymous_17)
FN:259,(anonymous_18)
FN:280,(anonymous_19)
FN:311,(anonymous_20)
FNF:21
FNH:0
FNDA:0,(anonymous_0)
FNDA:0,(anonymous_1)
FNDA:0,(anonymous_2)
FNDA:0,(anonymous_3)
FNDA:0,(anonymous_4)
FNDA:0,(anonymous_5)
FNDA:0,(anonymous_6)
FNDA:0,(anonymous_7)
FNDA:0,(anonymous_8)
FNDA:0,(anonymous_9)
FNDA:0,(anonymous_10)
FNDA:0,(anonymous_11)
FNDA:0,(anonymous_12)
FNDA:0,(anonymous_13)
FNDA:0,(anonymous_14)
FNDA:0,(anonymous_15)
FNDA:0,(anonymous_16)
FNDA:0,(anonymous_17)
FNDA:0,(anonymous_18)
FNDA:0,(anonymous_19)
FNDA:0,(anonymous_20)
DA:8,0
DA:9,0
DA:19,0
DA:20,0
DA:34,0
DA:42,0
DA:51,0
DA:59,0
DA:60,0
DA:61,0
DA:62,0
DA:63,0
DA:64,0
DA:65,0
DA:67,0
DA:68,0
DA:70,0
DA:71,0
DA:73,0
DA:77,0
DA:78,0
DA:81,0
DA:82,0
DA:83,0
DA:84,0
DA:87,0
DA:89,0
DA:92,0
DA:93,0
DA:94,0
DA:95,0
DA:98,0
DA:101,0
DA:110,0
DA:119,0
DA:122,0
DA:123,0
DA:127,0
DA:128,0
DA:129,0
DA:134,0
DA:135,0
DA:136,0
DA:138,0
DA:142,0
DA:143,0
DA:144,0
DA:145,0
DA:146,0
DA:149,0
DA:150,0
DA:151,0
DA:154,0
DA:156,0
DA:160,0
DA:161,0
DA:162,0
DA:163,0
DA:166,0
DA:167,0
DA:168,0
DA:172,0
DA:173,0
DA:174,0
DA:177,0
DA:178,0
DA:179,0
DA:180,0
DA:181,0
DA:182,0
DA:183,0
DA:184,0
DA:185,0
DA:189,0
DA:190,0
DA:191,0
DA:192,0
DA:193,0
DA:195,0
DA:196,0
DA:199,0
DA:202,0
DA:247,0
DA:253,0
DA:259,0
DA:281,0
DA:282,0
DA:283,0
DA:285,0
DA:311,0
DA:442,0
LF:91
LH:0
BRDA:55,0,0,0
BRDA:56,1,0,0
BRDA:57,2,0,0
BRDA:67,3,0,0
BRDA:67,3,1,0
BRDA:78,4,0,0
BRDA:78,4,1,0
BRDA:82,5,0,0
BRDA:83,6,0,0
BRDA:83,6,1,0
BRDA:84,7,0,0
BRDA:84,7,1,0
BRDA:128,8,0,0
BRDA:128,9,0,0
BRDA:128,9,1,0
BRDA:144,10,0,0
BRDA:149,11,0,0
BRDA:167,12,0,0
BRDA:178,13,0,0
BRDA:178,13,1,0
BRDA:178,13,2,0
BRDA:178,13,3,0
BRDA:178,13,4,0
BRDA:178,13,5,0
BRDA:178,13,6,0
BRDA:191,14,0,0
BRDA:191,14,1,0
BRDA:192,15,0,0
BRDA:205,16,0,0
BRDA:205,16,1,0
BRDA:214,17,0,0
BRDA:214,17,1,0
BRDA:217,18,0,0
BRDA:217,18,1,0
BRDA:221,19,0,0
BRDA:221,19,1,0
BRDA:234,20,0,0
BRDA:234,20,1,0
BRDA:257,21,0,0
BRDA:257,21,1,0
BRDA:265,22,0,0
BRDA:265,22,1,0
BRDA:271,23,0,0
BRDA:271,23,1,0
BRDA:273,24,0,0
BRDA:273,24,1,0
BRDA:274,25,0,0
BRDA:274,25,1,0
BRDA:282,26,0,0
BRDA:282,26,1,0
BRDA:291,27,0,0
BRDA:291,27,1,0
BRDA:291,28,0,0
BRDA:291,28,1,0
BRDA:295,29,0,0
BRDA:295,29,1,0
BRF:56
BRH:0
end_of_record
TN:
SF:src/components/ui/Button.tsx
FN:38,(anonymous_0)
FN:55,(anonymous_1)
FN:101,(anonymous_2)
FN:143,(anonymous_3)
FN:156,(anonymous_4)
FN:175,(anonymous_5)
FNF:6
FNH:0
FNDA:0,(anonymous_0)
FNDA:0,(anonymous_1)
FNDA:0,(anonymous_2)
FNDA:0,(anonymous_3)
FNDA:0,(anonymous_4)
FNDA:0,(anonymous_5)
DA:9,0
DA:19,0
DA:38,0
DA:53,0
DA:55,0
DA:56,0
DA:61,0
DA:62,0
DA:65,0
DA:67,0
DA:73,0
DA:79,0
DA:85,0
DA:91,0
DA:97,0
DA:101,0
DA:102,0
DA:107,0
DA:109,0
DA:115,0
DA:121,0
DA:127,0
DA:133,0
DA:139,0
DA:143,0
DA:144,0
DA:146,0
DA:148,0
DA:150,0
DA:152,0
DA:156,0
DA:157,0
DA:158,0
DA:161,0
DA:164,0
DA:166,0
DA:169,0
DA:171,0
DA:175,0
DA:176,0
DA:177,0
DA:180,0
DA:233,0
DA:378,0
LF:44
LH:0
BRDA:40,0,0,0
BRDA:41,1,0,0
BRDA:42,2,0,0
BRDA:43,3,0,0
BRDA:46,4,0,0
BRDA:53,5,0,0
BRDA:53,5,1,0
BRDA:61,6,0,0
BRDA:65,7,0,0
BRDA:65,7,1,0
BRDA:65,7,2,0
BRDA:65,7,3,0
BRDA:65,7,4,0
BRDA:65,7,5,0
BRDA:70,8,0,0
BRDA:70,8,1,0
BRDA:76,9,0,0
BRDA:76,9,1,0
BRDA:82,10,0,0
BRDA:82,10,1,0
BRDA:88,11,0,0
BRDA:88,11,1,0
BRDA:94,12,0,0
BRDA:94,12,1,0
BRDA:107,13,0,0
BRDA:107,13,1,0
BRDA:107,13,2,0
BRDA:107,13,3,0
BRDA:107,13,4,0
BRDA:107,13,5,0
BRDA:112,14,0,0
BRDA:112,14,1,0
BRDA:118,15,0,0
BRDA:118,15,1,0
BRDA:124,16,0,0
BRDA:124,16,1,0
BRDA:130,17,0,0
BRDA:130,17,1,0
BRDA:136,18,0,0
BRDA:136,18,1,0
BRDA:144,19,0,0
BRDA:144,19,1,0
BRDA:144,19,2,0
BRDA:144,19,3,0
BRDA:157,20,0,0
BRDA:158,21,0,0
BRDA:158,21,1,0
BRDA:158,22,0,0
BRDA:158,22,1,0
BRDA:161,23,0,0
BRDA:161,23,1,0
BRDA:161,23,2,0
BRDA:161,23,3,0
BRDA:161,23,4,0
BRDA:161,23,5,0
BRDA:176,24,0,0
BRDA:176,25,0,0
BRDA:176,25,1,0
BRDA:186,26,0,0
BRDA:186,26,1,0
BRDA:196,27,0,0
BRDA:196,27,1,0
BRDA:205,28,0,0
BRDA:205,28,1,0
BRDA:205,28,2,0
BRDA:216,29,0,0
BRDA:216,29,1,0
BRDA:216,30,0,0
BRDA:216,30,1,0
BRDA:220,31,0,0
BRDA:220,31,1,0
BRDA:220,31,2,0
BRF:72
BRH:0
end_of_record
TN:
SF:src/components/ui/Input.tsx
FN:35,(anonymous_0)
FN:55,(anonymous_1)
FN:60,(anonymous_2)
FN:65,(anonymous_3)
FN:69,(anonymous_4)
FNF:5
FNH:0
FNDA:0,(anonymous_0)
FNDA:0,(anonymous_1)
FNDA:0,(anonymous_2)
FNDA:0,(anonymous_3)
FNDA:0,(anonymous_4)
DA:8,0
DA:9,0
DA:19,0
DA:35,0
DA:49,0
DA:50,0
DA:52,0
DA:53,0
DA:55,0
DA:56,0
DA:57,0
DA:60,0
DA:61,0
DA:62,0
DA:65,0
DA:66,0
DA:69,0
DA:70,0
DA:71,0
DA:72,0
DA:75,0
DA:172,0
DA:241,0
LF:23
LH:0
BRDA:45,0,0,0
BRDA:70,1,0,0
BRDA:71,2,0,0
BRDA:78,3,0,0
BRDA:78,3,1,0
BRDA:79,4,0,0
BRDA:79,4,1,0
BRDA:81,5,0,0
BRDA:81,5,1,0
BRDA:91,6,0,0
BRDA:91,6,1,0
BRDA:93,7,0,0
BRDA:93,7,1,0
BRDA:97,8,0,0
BRDA:97,8,1,0
BRDA:102,9,0,0
BRDA:102,9,1,0
BRDA:102,10,0,0
BRDA:102,10,1,0
BRDA:113,11,0,0
BRDA:113,11,1,0
BRDA:114,12,0,0
BRDA:114,12,1,0
BRDA:114,12,2,0
BRDA:116,13,0,0
BRDA:116,13,1,0
BRDA:128,14,0,0
BRDA:128,14,1,0
BRDA:128,14,2,0
BRDA:131,15,0,0
BRDA:131,15,1,0
BRDA:134,16,0,0
BRDA:134,16,1,0
BRDA:135,17,0,0
BRDA:135,17,1,0
BRDA:143,18,0,0
BRDA:143,18,1,0
BRDA:144,19,0,0
BRDA:144,19,1,0
BRDA:150,20,0,0
BRDA:150,20,1,0
BRDA:150,21,0,0
BRDA:150,21,1,0
BRDA:157,22,0,0
BRDA:157,22,1,0
BRDA:157,22,2,0
BRDA:162,23,0,0
BRDA:162,23,1,0
BRF:48
BRH:0
end_of_record
TN:
SF:src/components/ui/LoadingScreen.tsx
FN:16,(anonymous_0)
FN:41,(anonymous_1)
FNF:2
FNH:0
FNDA:0,(anonymous_0)
FNDA:0,(anonymous_1)
DA:9,0
DA:10,0
DA:16,0
DA:19,0
DA:21,0
DA:23,0
DA:41,0
DA:70,0
LF:8
LH:0
BRDA:17,0,0,0
BRF:1
BRH:0
end_of_record
TN:
SF:src/components/ui/RepeatSelector.tsx
FN:34,(anonymous_1)
FN:46,(anonymous_2)
FN:47,(anonymous_3)
FN:50,(anonymous_4)
FN:56,(anonymous_5)
FN:62,(anonymous_6)
FN:63,(anonymous_7)
FN:70,(anonymous_8)
FN:80,(anonymous_9)
FN:82,(anonymous_10)
FN:88,(anonymous_11)
FN:97,(anonymous_12)
FN:130,(anonymous_13)
FN:137,(anonymous_14)
FN:148,(anonymous_15)
FN:148,(anonymous_16)
FN:155,(anonymous_17)
FN:182,(anonymous_18)
FN:189,(anonymous_19)
FN:226,(anonymous_20)
FNF:20
FNH:0
FNDA:0,(anonymous_1)
FNDA:0,(anonymous_2)
FNDA:0,(anonymous_3)
FNDA:0,(anonymous_4)
FNDA:0,(anonymous_5)
FNDA:0,(anonymous_6)
FNDA:0,(anonymous_7)
FNDA:0,(anonymous_8)
FNDA:0,(anonymous_9)
FNDA:0,(anonymous_10)
FNDA:0,(anonymous_11)
FNDA:0,(anonymous_12)
FNDA:0,(anonymous_13)
FNDA:0,(anonymous_14)
FNDA:0,(anonymous_15)
FNDA:0,(anonymous_16)
FNDA:0,(anonymous_17)
FNDA:0,(anonymous_18)
FNDA:0,(anonymous_19)
FNDA:0,(anonymous_20)
DA:8,0
DA:9,0
DA:10,0
DA:11,0
DA:12,0
DA:26,0
DA:34,0
DA:41,0
DA:42,0
DA:43,0
DA:44,0
DA:46,0
DA:47,0
DA:48,0
DA:49,0
DA:50,0
DA:51,0
DA:54,0
DA:56,0
DA:59,0
DA:62,0
DA:63,0
DA:64,0
DA:65,0
DA:67,0
DA:70,0
DA:71,0
DA:73,0
DA:76,0
DA:77,0
DA:80,0
DA:81,0
DA:82,0
DA:85,0
DA:88,0
DA:89,0
DA:90,0
DA:92,0
DA:94,0
DA:97,0
DA:98,0
DA:99,0
DA:100,0
DA:104,0
DA:130,0
DA:137,0
DA:148,0
DA:149,0
DA:155,0
DA:183,0
DA:189,0
DA:226,0
DA:384,0
LF:53
LH:0
BRDA:36,0,0,0
BRDA:38,1,0,0
BRDA:39,2,0,0
BRDA:48,3,0,0
BRDA:48,4,0,0
BRDA:48,4,1,0
BRDA:49,5,0,0
BRDA:50,6,0,0
BRDA:50,7,0,0
BRDA:50,7,1,0
BRDA:50,8,0,0
BRDA:50,8,1,0
BRDA:51,9,0,0
BRDA:51,10,0,0
BRDA:51,10,1,0
BRDA:51,10,2,0
BRDA:59,11,0,0
BRDA:59,11,1,0
BRDA:64,12,0,0
BRDA:64,13,0,0
BRDA:64,13,1,0
BRDA:65,14,0,0
BRDA:65,14,1,0
BRDA:67,15,0,0
BRDA:67,15,1,0
BRDA:71,16,0,0
BRDA:81,17,0,0
BRDA:81,17,1,0
BRDA:89,18,0,0
BRDA:89,18,1,0
BRDA:98,19,0,0
BRDA:107,20,0,0
BRDA:107,20,1,0
BRDA:116,21,0,0
BRDA:116,21,1,0
BRDA:119,22,0,0
BRDA:119,22,1,0
BRDA:123,23,0,0
BRDA:123,23,1,0
BRDA:153,24,0,0
BRDA:153,24,1,0
BRDA:160,25,0,0
BRDA:160,25,1,0
BRDA:166,26,0,0
BRDA:166,26,1,0
BRDA:187,27,0,0
BRDA:187,27,1,0
BRDA:194,28,0,0
BRDA:194,28,1,0
BRDA:200,29,0,0
BRDA:200,29,1,0
BRF:51
BRH:0
end_of_record
TN:
SF:src/components/ui/TimePicker.tsx
FN:20,(anonymous_1)
FN:31,(anonymous_2)
FN:39,(anonymous_3)
FN:46,(anonymous_4)
FN:54,(anonymous_5)
FN:65,(anonymous_6)
FN:105,(anonymous_7)
FNF:7
FNH:0
FNDA:0,(anonymous_1)
FNDA:0,(anonymous_2)
FNDA:0,(anonymous_3)
FNDA:0,(anonymous_4)
FNDA:0,(anonymous_5)
FNDA:0,(anonymous_6)
FNDA:0,(anonymous_7)
DA:8,0
DA:9,0
DA:10,0
DA:11,0
DA:20,0
DA:26,0
DA:27,0
DA:28,0
DA:31,0
DA:32,0
DA:33,0
DA:34,0
DA:35,0
DA:39,0
DA:40,0
DA:41,0
DA:42,0
DA:46,0
DA:47,0
DA:48,0
DA:49,0
DA:50,0
DA:51,0
DA:54,0
DA:55,0
DA:56,0
DA:59,0
DA:60,0
DA:61,0
DA:65,0
DA:66,0
DA:67,0
DA:71,0
DA:105,0
DA:145,0
LF:35
LH:0
BRDA:23,0,0,0
BRDA:24,1,0,0
BRDA:49,2,0,0
BRDA:49,2,1,0
BRDA:49,3,0,0
BRDA:49,3,1,0
BRDA:50,4,0,0
BRDA:50,4,1,0
BRDA:55,5,0,0
BRDA:59,6,0,0
BRDA:66,7,0,0
BRDA:74,8,0,0
BRDA:74,8,1,0
BRDA:82,9,0,0
BRDA:82,9,1,0
BRDA:85,10,0,0
BRDA:85,10,1,0
BRDA:90,11,0,0
BRDA:90,11,1,0
BRDA:95,12,0,0
BRDA:95,12,1,0
BRDA:97,13,0,0
BRDA:97,13,1,0
BRF:23
BRH:0
end_of_record
TN:
SF:src/components/ui/ToggleSwitch.tsx
FN:22,(anonymous_0)
FN:34,(anonymous_1)
FN:82,(anonymous_2)
FNF:3
FNH:0
FNDA:0,(anonymous_0)
FNDA:0,(anonymous_1)
FNDA:0,(anonymous_2)
DA:9,0
DA:10,0
DA:22,0
DA:31,0
DA:32,0
DA:34,0
DA:35,0
DA:36,0
DA:40,0
DA:82,0
DA:128,0
LF:11
LH:0
BRDA:27,0,0,0
BRDA:29,1,0,0
BRDA:35,2,0,0
BRDA:42,3,0,0
BRDA:42,3,1,0
BRDA:53,4,0,0
BRDA:53,4,1,0
BRDA:55,5,0,0
BRDA:55,5,1,0
BRDA:58,6,0,0
BRDA:58,6,1,0
BRDA:59,7,0,0
BRDA:59,7,1,0
BRDA:74,8,0,0
BRDA:74,8,1,0
BRF:15
BRH:0
end_of_record
TN:
SF:src/components/ui/VolumeSlider.tsx
FN:35,(anonymous_10)
FN:51,(anonymous_11)
FN:56,(anonymous_12)
FN:62,(anonymous_13)
FN:67,(anonymous_14)
FN:75,(anonymous_15)
FN:80,(anonymous_16)
FN:84,(anonymous_17)
FN:91,(anonymous_18)
FN:95,(anonymous_19)
FN:103,(anonymous_20)
FN:135,(anonymous_21)
FN:155,(anonymous_22)
FN:164,(anonymous_23)
FN:173,(anonymous_24)
FN:186,(anonymous_25)
FNF:16
FNH:0
FNDA:0,(anonymous_10)
FNDA:0,(anonymous_11)
FNDA:0,(anonymous_12)
FNDA:0,(anonymous_13)
FNDA:0,(anonymous_14)
FNDA:0,(anonymous_15)
FNDA:0,(anonymous_16)
FNDA:0,(anonymous_17)
FNDA:0,(anonymous_18)
FNDA:0,(anonymous_19)
FNDA:0,(anonymous_20)
FNDA:0,(anonymous_21)
FNDA:0,(anonymous_22)
FNDA:0,(anonymous_23)
FNDA:0,(anonymous_24)
FNDA:0,(anonymous_25)
DA:8,0
DA:9,0
DA:10,0
DA:11,0
DA:17,0
DA:18,0
DA:20,0
DA:21,0
DA:22,0
DA:23,0
DA:35,0
DA:44,0
DA:45,0
DA:47,0
DA:48,0
DA:51,0
DA:52,0
DA:53,0
DA:56,0
DA:57,0
DA:58,0
DA:59,0
DA:62,0
DA:63,0
DA:67,0
DA:68,0
DA:69,0
DA:71,0
DA:72,0
DA:75,0
DA:76,0
DA:77,0
DA:80,0
DA:84,0
DA:85,0
DA:86,0
DA:91,0
DA:92,0
DA:95,0
DA:96,0
DA:97,0
DA:98,0
DA:99,0
DA:103,0
DA:104,0
DA:105,0
DA:106,0
DA:107,0
DA:110,0
DA:136,0
DA:137,0
DA:155,0
DA:164,0
DA:173,0
DA:186,0
DA:262,0
LF:56
LH:0
BRDA:40,0,0,0
BRDA:41,1,0,0
BRDA:42,2,0,0
BRDA:96,3,0,0
BRDA:104,4,0,0
BRDA:105,5,0,0
BRDA:106,6,0,0
BRDA:111,7,0,0
BRDA:111,7,1,0
BRDA:114,8,0,0
BRDA:114,8,1,0
BRDA:118,9,0,0
BRDA:118,9,1,0
BRDA:121,10,0,0
BRDA:121,10,1,0
BRDA:136,11,0,0
BRDA:151,12,0,0
BRDA:151,12,1,0
BRDA:156,13,0,0
BRDA:156,13,1,0
BRDA:165,14,0,0
BRDA:165,14,1,0
BRDA:174,15,0,0
BRDA:174,15,1,0
BRF:24
BRH:0
end_of_record
TN:
SF:src/components/ui/WhiteNoiseConfiguration.tsx
FN:40,(anonymous_1)
FN:59,(anonymous_2)
FN:68,(anonymous_3)
FN:69,(anonymous_4)
FN:73,(anonymous_5)
FN:78,(anonymous_6)
FN:83,(anonymous_7)
FN:149,(anonymous_8)
FN:182,(anonymous_9)
FN:189,(anonymous_10)
FN:201,(anonymous_11)
FN:208,(anonymous_12)
FN:243,(anonymous_13)
FN:257,(anonymous_14)
FN:282,(anonymous_15)
FNF:15
FNH:0
FNDA:0,(anonymous_1)
FNDA:0,(anonymous_2)
FNDA:0,(anonymous_3)
FNDA:0,(anonymous_4)
FNDA:0,(anonymous_5)
FNDA:0,(anonymous_6)
FNDA:0,(anonymous_7)
FNDA:0,(anonymous_8)
FNDA:0,(anonymous_9)
FNDA:0,(anonymous_10)
FNDA:0,(anonymous_11)
FNDA:0,(anonymous_12)
FNDA:0,(anonymous_13)
FNDA:0,(anonymous_14)
FNDA:0,(anonymous_15)
DA:8,0
DA:9,0
DA:10,0
DA:12,0
DA:13,0
DA:14,0
DA:31,0
DA:40,0
DA:54,0
DA:55,0
DA:56,0
DA:57,0
DA:59,0
DA:60,0
DA:61,0
DA:62,0
DA:63,0
DA:64,0
DA:65,0
DA:68,0
DA:69,0
DA:70,0
DA:73,0
DA:74,0
DA:75,0
DA:78,0
DA:79,0
DA:80,0
DA:83,0
DA:84,0
DA:85,0
DA:86,0
DA:87,0
DA:88,0
DA:91,0
DA:149,0
DA:182,0
DA:189,0
DA:202,0
DA:208,0
DA:243,0
DA:257,0
DA:282,0
DA:504,0
LF:44
LH:0
BRDA:51,0,0,0
BRDA:52,1,0,0
BRDA:56,2,0,0
BRDA:56,2,1,0
BRDA:60,3,0,0
BRDA:60,4,0,0
BRDA:60,4,1,0
BRDA:61,5,0,0
BRDA:64,6,0,0
BRDA:64,7,0,0
BRDA:64,7,1,0
BRDA:70,8,0,0
BRDA:70,8,1,0
BRDA:84,9,0,0
BRDA:87,10,0,0
BRDA:92,11,0,0
BRDA:92,11,1,0
BRDA:96,12,0,0
BRDA:96,12,1,0
BRDA:99,13,0,0
BRDA:99,13,1,0
BRDA:111,14,0,0
BRDA:111,14,1,0
BRDA:117,15,0,0
BRDA:117,15,1,0
BRDA:148,16,0,0
BRDA:148,16,1,0
BRDA:149,17,0,0
BRDA:149,17,1,0
BRDA:157,18,0,0
BRDA:157,18,1,0
BRDA:160,19,0,0
BRDA:160,19,1,0
BRDA:164,20,0,0
BRDA:164,20,1,0
BRDA:206,21,0,0
BRDA:206,21,1,0
BRDA:209,22,0,0
BRDA:209,22,1,0
BRDA:214,23,0,0
BRDA:214,23,1,0
BRDA:220,24,0,0
BRDA:220,24,1,0
BRDA:225,25,0,0
BRDA:225,25,1,0
BRDA:203,26,0,0
BRDA:203,26,1,0
BRF:47
BRH:0
end_of_record
TN:
SF:src/constants/theme.ts
FNF:0
FNH:0
DA:8,0
DA:73,0
DA:127,0
DA:149,0
DA:161,0
DA:189,0
DA:218,0
DA:266,0
DA:281,0
DA:296,0
DA:298,0
LF:11
LH:0
BRF:0
BRH:0
end_of_record
TN:
SF:src/hooks/useSessionProgress.ts
FN:75,useSessionProgress
FN:90,(anonymous_1)
FN:150,(anonymous_2)
FN:157,(anonymous_3)
FN:164,(anonymous_4)
FN:171,(anonymous_5)
FN:172,(anonymous_6)
FN:194,(anonymous_7)
FN:198,(anonymous_8)
FN:206,(anonymous_9)
FN:216,(anonymous_10)
FN:228,(anonymous_11)
FN:249,(anonymous_12)
FN:262,(anonymous_13)
FN:275,(anonymous_14)
FN:289,(anonymous_15)
FN:303,(anonymous_16)
FNF:17
FNH:0
FNDA:0,useSessionProgress
FNDA:0,(anonymous_1)
FNDA:0,(anonymous_2)
FNDA:0,(anonymous_3)
FNDA:0,(anonymous_4)
FNDA:0,(anonymous_5)
FNDA:0,(anonymous_6)
FNDA:0,(anonymous_7)
FNDA:0,(anonymous_8)
FNDA:0,(anonymous_9)
FNDA:0,(anonymous_10)
FNDA:0,(anonymous_11)
FNDA:0,(anonymous_12)
FNDA:0,(anonymous_13)
FNDA:0,(anonymous_14)
FNDA:0,(anonymous_15)
FNDA:0,(anonymous_16)
DA:9,0
DA:10,0
DA:11,0
DA:12,0
DA:75,0
DA:84,0
DA:87,0
DA:90,0
DA:91,0
DA:92,0
DA:93,0
DA:94,0
DA:95,0
DA:97,0
DA:98,0
DA:99,0
DA:100,0
DA:101,0
DA:103,0
DA:104,0
DA:107,0
DA:108,0
DA:109,0
DA:110,0
DA:111,0
DA:112,0
DA:113,0
DA:117,0
DA:118,0
DA:120,0
DA:150,0
DA:151,0
DA:152,0
DA:157,0
DA:158,0
DA:159,0
DA:164,0
DA:165,0
DA:166,0
DA:171,0
DA:172,0
DA:173,0
DA:174,0
DA:175,0
DA:179,0
DA:180,0
DA:188,0
DA:189,0
DA:193,0
DA:194,0
DA:198,0
DA:199,0
DA:201,0
DA:206,0
DA:208,0
DA:209,0
DA:216,0
DA:217,0
DA:219,0
DA:220,0
DA:225,0
DA:228,0
DA:229,0
DA:230,0
DA:235,0
DA:240,0
DA:249,0
DA:250,0
DA:252,0
DA:253,0
DA:259,0
DA:262,0
DA:263,0
DA:265,0
DA:266,0
DA:272,0
DA:275,0
DA:276,0
DA:278,0
DA:279,0
DA:286,0
DA:289,0
DA:290,0
DA:292,0
DA:293,0
DA:300,0
DA:303,0
DA:304,0
DA:306,0
DA:307,0
DA:315,0
LF:91
LH:0
BRDA:76,0,0,0
BRDA:79,1,0,0
BRDA:80,2,0,0
BRDA:81,3,0,0
BRDA:91,4,0,0
BRDA:91,4,1,0
BRDA:92,5,0,0
BRDA:92,5,1,0
BRDA:93,6,0,0
BRDA:93,6,1,0
BRDA:97,7,0,0
BRDA:97,7,1,0
BRDA:98,8,0,0
BRDA:98,8,1,0
BRDA:99,9,0,0
BRDA:99,9,1,0
BRDA:100,10,0,0
BRDA:100,10,1,0
BRDA:101,11,0,0
BRDA:101,11,1,0
BRDA:104,12,0,0
BRDA:104,12,1,0
BRDA:108,13,0,0
BRDA:108,14,0,0
BRDA:108,14,1,0
BRDA:110,15,0,0
BRDA:110,15,1,0
BRDA:112,16,0,0
BRDA:151,17,0,0
BRDA:151,18,0,0
BRDA:151,18,1,0
BRDA:152,19,0,0
BRDA:152,19,1,0
BRDA:158,20,0,0
BRDA:158,21,0,0
BRDA:158,21,1,0
BRDA:165,22,0,0
BRDA:165,23,0,0
BRDA:165,23,1,0
BRDA:165,23,2,0
BRDA:173,24,0,0
BRDA:174,25,0,0
BRDA:174,25,1,0
BRDA:179,26,0,0
BRDA:188,27,0,0
BRDA:188,28,0,0
BRDA:188,28,1,0
BRDA:188,28,2,0
BRDA:199,29,0,0
BRDA:199,30,0,0
BRDA:199,30,1,0
BRDA:199,30,2,0
BRDA:208,31,0,0
BRDA:219,32,0,0
BRDA:219,33,0,0
BRDA:219,33,1,0
BRDA:229,34,0,0
BRDA:229,35,0,0
BRDA:229,35,1,0
BRDA:252,36,0,0
BRDA:252,37,0,0
BRDA:252,37,1,0
BRDA:265,38,0,0
BRDA:265,39,0,0
BRDA:265,39,1,0
BRDA:278,40,0,0
BRDA:278,41,0,0
BRDA:278,41,1,0
BRDA:292,42,0,0
BRDA:292,43,0,0
BRDA:292,43,1,0
BRDA:306,44,0,0
BRDA:340,45,0,0
BRDA:340,45,1,0
BRF:74
BRH:0
end_of_record
TN:
SF:src/hooks/useUserPreferences.ts
FN:92,useUserPreferences
FN:108,(anonymous_1)
FN:115,(anonymous_2)
FN:117,(anonymous_3)
FN:125,(anonymous_4)
FN:132,(anonymous_5)
FN:167,(anonymous_6)
FN:180,(anonymous_7)
FN:193,(anonymous_8)
FN:206,(anonymous_9)
FN:219,(anonymous_10)
FN:232,(anonymous_11)
FN:245,(anonymous_12)
FN:258,(anonymous_13)
FN:271,(anonymous_14)
FN:284,(anonymous_15)
FN:298,(anonymous_16)
FN:312,(anonymous_17)
FN:347,(anonymous_18)
FN:436,calculateDoNotDisturbStatus
FNF:20
FNH:0
FNDA:0,useUserPreferences
FNDA:0,(anonymous_1)
FNDA:0,(anonymous_2)
FNDA:0,(anonymous_3)
FNDA:0,(anonymous_4)
FNDA:0,(anonymous_5)
FNDA:0,(anonymous_6)
FNDA:0,(anonymous_7)
FNDA:0,(anonymous_8)
FNDA:0,(anonymous_9)
FNDA:0,(anonymous_10)
FNDA:0,(anonymous_11)
FNDA:0,(anonymous_12)
FNDA:0,(anonymous_13)
FNDA:0,(anonymous_14)
FNDA:0,(anonymous_15)
FNDA:0,(anonymous_16)
FNDA:0,(anonymous_17)
FNDA:0,(anonymous_18)
FNDA:0,calculateDoNotDisturbStatus
DA:8,0
DA:9,0
DA:10,0
DA:11,0
DA:92,0
DA:101,0
DA:104,0
DA:105,0
DA:108,0
DA:109,0
DA:110,0
DA:115,0
DA:116,0
DA:117,0
DA:118,0
DA:119,0
DA:125,0
DA:126,0
DA:127,0
DA:132,0
DA:133,0
DA:134,0
DA:135,0
DA:136,0
DA:137,0
DA:140,0
DA:141,0
DA:143,0
DA:146,0
DA:147,0
DA:150,0
DA:152,0
DA:167,0
DA:168,0
DA:170,0
DA:171,0
DA:177,0
DA:180,0
DA:181,0
DA:183,0
DA:184,0
DA:190,0
DA:193,0
DA:194,0
DA:196,0
DA:197,0
DA:203,0
DA:206,0
DA:207,0
DA:209,0
DA:210,0
DA:216,0
DA:219,0
DA:220,0
DA:222,0
DA:223,0
DA:229,0
DA:232,0
DA:233,0
DA:235,0
DA:236,0
DA:242,0
DA:245,0
DA:246,0
DA:248,0
DA:249,0
DA:255,0
DA:258,0
DA:259,0
DA:261,0
DA:262,0
DA:268,0
DA:271,0
DA:272,0
DA:274,0
DA:275,0
DA:281,0
DA:284,0
DA:285,0
DA:287,0
DA:288,0
DA:295,0
DA:298,0
DA:299,0
DA:301,0
DA:302,0
DA:308,0
DA:312,0
DA:313,0
DA:314,0
DA:316,0
DA:317,0
DA:318,0
DA:319,0
DA:323,0
DA:324,0
DA:325,0
DA:326,0
DA:330,0
DA:331,0
DA:332,0
DA:333,0
DA:337,0
DA:338,0
DA:339,0
DA:340,0
DA:344,0
DA:347,0
DA:348,0
DA:349,0
DA:351,0
DA:352,0
DA:353,0
DA:354,0
DA:358,0
DA:359,0
DA:360,0
DA:361,0
DA:365,0
DA:366,0
DA:367,0
DA:368,0
DA:372,0
DA:375,0
DA:437,0
DA:438,0
DA:441,0
DA:442,0
DA:444,0
DA:445,0
DA:447,0
DA:448,0
DA:451,0
DA:452,0
DA:454,0
LF:135
LH:0
BRDA:93,0,0,0
BRDA:96,1,0,0
BRDA:97,2,0,0
BRDA:98,3,0,0
BRDA:109,4,0,0
BRDA:109,5,0,0
BRDA:109,5,1,0
BRDA:116,6,0,0
BRDA:116,7,0,0
BRDA:116,7,1,0
BRDA:116,7,2,0
BRDA:119,8,0,0
BRDA:119,8,1,0
BRDA:126,9,0,0
BRDA:126,10,0,0
BRDA:126,10,1,0
BRDA:134,11,0,0
BRDA:134,11,1,0
BRDA:135,12,0,0
BRDA:135,12,1,0
BRDA:136,13,0,0
BRDA:136,13,1,0
BRDA:137,14,0,0
BRDA:137,14,1,0
BRDA:141,15,0,0
BRDA:141,15,1,0
BRDA:141,15,2,0
BRDA:143,16,0,0
BRDA:143,16,1,0
BRDA:146,17,0,0
BRDA:146,17,1,0
BRDA:147,18,0,0
BRDA:147,18,1,0
BRDA:170,19,0,0
BRDA:170,20,0,0
BRDA:170,20,1,0
BRDA:183,21,0,0
BRDA:183,22,0,0
BRDA:183,22,1,0
BRDA:196,23,0,0
BRDA:196,24,0,0
BRDA:196,24,1,0
BRDA:209,25,0,0
BRDA:209,26,0,0
BRDA:209,26,1,0
BRDA:222,27,0,0
BRDA:222,28,0,0
BRDA:222,28,1,0
BRDA:235,29,0,0
BRDA:235,30,0,0
BRDA:235,30,1,0
BRDA:248,31,0,0
BRDA:248,32,0,0
BRDA:248,32,1,0
BRDA:261,33,0,0
BRDA:261,34,0,0
BRDA:261,34,1,0
BRDA:274,35,0,0
BRDA:274,36,0,0
BRDA:274,36,1,0
BRDA:287,37,0,0
BRDA:290,38,0,0
BRDA:290,38,1,0
BRDA:291,39,0,0
BRDA:291,39,1,0
BRDA:301,40,0,0
BRDA:301,41,0,0
BRDA:301,41,1,0
BRDA:316,42,0,0
BRDA:317,43,0,0
BRDA:317,44,0,0
BRDA:317,44,1,0
BRDA:323,45,0,0
BRDA:324,46,0,0
BRDA:324,47,0,0
BRDA:324,47,1,0
BRDA:330,48,0,0
BRDA:331,49,0,0
BRDA:331,50,0,0
BRDA:331,50,1,0
BRDA:337,51,0,0
BRDA:338,52,0,0
BRDA:338,53,0,0
BRDA:338,53,1,0
BRDA:351,54,0,0
BRDA:352,55,0,0
BRDA:352,56,0,0
BRDA:352,56,1,0
BRDA:358,57,0,0
BRDA:358,58,0,0
BRDA:358,58,1,0
BRDA:359,59,0,0
BRDA:359,60,0,0
BRDA:359,60,1,0
BRDA:365,61,0,0
BRDA:366,62,0,0
BRDA:366,63,0,0
BRDA:366,63,1,0
BRDA:437,64,0,0
BRDA:437,65,0,0
BRDA:437,65,1,0
BRDA:437,65,2,0
BRDA:451,66,0,0
BRDA:451,66,1,0
BRDA:452,67,0,0
BRDA:452,67,1,0
BRDA:454,68,0,0
BRDA:454,68,1,0
BRF:108
BRH:0
end_of_record
TN:
SF:src/lib/secure-storage.ts
FN:39,(anonymous_10)
FN:45,(anonymous_11)
FN:60,(anonymous_12)
FN:81,(anonymous_13)
FN:101,(anonymous_14)
FN:119,(anonymous_15)
FN:132,(anonymous_16)
FN:136,(anonymous_17)
FN:145,(anonymous_18)
FN:153,(anonymous_19)
FN:176,(anonymous_20)
FN:191,(anonymous_21)
FN:198,(anonymous_22)
FN:205,(anonymous_23)
FN:212,(anonymous_24)
FN:228,(anonymous_25)
FN:235,(anonymous_26)
FN:248,(anonymous_27)
FN:255,(anonymous_28)
FN:262,(anonymous_29)
FN:269,(anonymous_30)
FN:276,(anonymous_31)
FN:283,(anonymous_32)
FN:295,(anonymous_33)
FN:302,(anonymous_34)
FN:309,(anonymous_35)
FN:316,(anonymous_36)
FNF:27
FNH:0
FNDA:0,(anonymous_10)
FNDA:0,(anonymous_11)
FNDA:0,(anonymous_12)
FNDA:0,(anonymous_13)
FNDA:0,(anonymous_14)
FNDA:0,(anonymous_15)
FNDA:0,(anonymous_16)
FNDA:0,(anonymous_17)
FNDA:0,(anonymous_18)
FNDA:0,(anonymous_19)
FNDA:0,(anonymous_20)
FNDA:0,(anonymous_21)
FNDA:0,(anonymous_22)
FNDA:0,(anonymous_23)
FNDA:0,(anonymous_24)
FNDA:0,(anonymous_25)
FNDA:0,(anonymous_26)
FNDA:0,(anonymous_27)
FNDA:0,(anonymous_28)
FNDA:0,(anonymous_29)
FNDA:0,(anonymous_30)
FNDA:0,(anonymous_31)
FNDA:0,(anonymous_32)
FNDA:0,(anonymous_33)
FNDA:0,(anonymous_34)
FNDA:0,(anonymous_35)
FNDA:0,(anonymous_36)
DA:9,0
DA:10,0
DA:11,0
DA:14,0
DA:41,0
DA:42,0
DA:46,0
DA:47,0
DA:48,0
DA:50,0
DA:53,0
DA:61,0
DA:62,0
DA:63,0
DA:70,0
DA:73,0
DA:74,0
DA:82,0
DA:83,0
DA:84,0
DA:90,0
DA:93,0
DA:94,0
DA:102,0
DA:103,0
DA:104,0
DA:108,0
DA:111,0
DA:120,0
DA:121,0
DA:122,0
DA:124,0
DA:125,0
DA:133,0
DA:135,0
DA:136,0
DA:139,0
DA:146,0
DA:147,0
DA:154,0
DA:155,0
DA:156,0
DA:158,0
DA:160,0
DA:161,0
DA:167,0
DA:172,0
DA:177,0
DA:178,0
DA:180,0
DA:181,0
DA:185,0
DA:192,0
DA:199,0
DA:206,0
DA:213,0
DA:224,0
DA:229,0
DA:236,0
DA:237,0
DA:244,0
DA:249,0
DA:256,0
DA:263,0
DA:270,0
DA:277,0
DA:284,0
DA:291,0
DA:296,0
DA:303,0
DA:310,0
DA:317,0
DA:321,0
LF:73
LH:0
BRDA:46,0,0,0
BRDA:46,0,1,0
BRDA:62,1,0,0
BRDA:62,1,1,0
BRDA:66,2,0,0
BRDA:66,2,1,0
BRDA:83,3,0,0
BRDA:83,3,1,0
BRDA:86,4,0,0
BRDA:86,4,1,0
BRDA:103,5,0,0
BRDA:103,5,1,0
BRDA:156,6,0,0
BRDA:177,7,0,0
BRDA:180,8,0,0
BRF:15
BRH:0
end_of_record
TN:
SF:src/lib/database/test-operations-simple.ts
FN:34,testConnection
FN:74,testUserOperations
FN:157,testAlarmOperations
FN:282,testPerformance
FN:297,(anonymous_4)
FN:322,testRealTimeSubscriptions
FN:336,(anonymous_6)
FN:344,(anonymous_7)
FN:361,(anonymous_8)
FN:389,runTestSuite
FN:432,(anonymous_10)
FN:433,(anonymous_11)
FN:452,printTestResults
FN:462,(anonymous_13)
FNF:14
FNH:0
FNDA:0,testConnection
FNDA:0,testUserOperations
FNDA:0,testAlarmOperations
FNDA:0,testPerformance
FNDA:0,(anonymous_4)
FNDA:0,testRealTimeSubscriptions
FNDA:0,(anonymous_6)
FNDA:0,(anonymous_7)
FNDA:0,(anonymous_8)
FNDA:0,runTestSuite
FNDA:0,(anonymous_10)
FNDA:0,(anonymous_11)
FNDA:0,printTestResults
FNDA:0,(anonymous_13)
DA:8,0
DA:12,0
DA:34,0
DA:35,0
DA:36,0
DA:37,0
DA:42,0
DA:44,0
DA:45,0
DA:54,0
DA:61,0
DA:74,0
DA:75,0
DA:76,0
DA:77,0
DA:80,0
DA:81,0
DA:82,0
DA:88,0
DA:94,0
DA:96,0
DA:97,0
DA:105,0
DA:113,0
DA:114,0
DA:120,0
DA:122,0
DA:123,0
DA:131,0
DA:140,0
DA:143,0
DA:151,0
DA:157,0
DA:158,0
DA:161,0
DA:162,0
DA:164,0
DA:166,0
DA:172,0
DA:178,0
DA:179,0
DA:185,0
DA:189,0
DA:190,0
DA:207,0
DA:213,0
DA:215,0
DA:216,0
DA:224,0
DA:232,0
DA:233,0
DA:238,0
DA:240,0
DA:241,0
DA:249,0
DA:258,0
DA:262,0
DA:265,0
DA:273,0
DA:276,0
DA:282,0
DA:283,0
DA:284,0
DA:287,0
DA:288,0
DA:289,0
DA:291,0
DA:292,0
DA:293,0
DA:294,0
DA:297,0
DA:298,0
DA:300,0
DA:308,0
DA:316,0
DA:322,0
DA:323,0
DA:324,0
DA:325,0
DA:327,0
DA:337,0
DA:338,0
DA:344,0
DA:346,0
DA:349,0
DA:350,0
DA:352,0
DA:358,0
DA:361,0
DA:364,0
DA:365,0
DA:367,0
DA:369,0
DA:377,0
DA:389,0
DA:390,0
DA:391,0
DA:392,0
DA:395,0
DA:396,0
DA:397,0
DA:399,0
DA:401,0
DA:412,0
DA:413,0
DA:414,0
DA:417,0
DA:418,0
DA:419,0
DA:422,0
DA:423,0
DA:424,0
DA:427,0
DA:428,0
DA:429,0
DA:431,0
DA:432,0
DA:433,0
DA:435,0
DA:444,0
DA:446,0
DA:452,0
DA:453,0
DA:454,0
DA:455,0
DA:456,0
DA:457,0
DA:458,0
DA:459,0
DA:460,0
DA:462,0
DA:463,0
DA:464,0
DA:465,0
DA:466,0
DA:467,0
DA:468,0
DA:471,0
DA:474,0
LF:139
LH:0
BRDA:44,0,0,0
BRDA:96,1,0,0
BRDA:96,1,1,0
BRDA:122,2,0,0
BRDA:122,2,1,0
BRDA:178,3,0,0
BRDA:215,4,0,0
BRDA:215,4,1,0
BRDA:240,5,0,0
BRDA:240,5,1,0
BRDA:252,6,0,0
BRDA:252,6,1,0
BRDA:372,7,0,0
BRDA:372,7,1,0
BRDA:399,8,0,0
BRDA:463,9,0,0
BRDA:463,9,1,0
BRDA:464,10,0,0
BRDA:464,10,1,0
BRDA:467,11,0,0
BRDA:467,12,0,0
BRDA:467,12,1,0
BRDA:468,13,0,0
BRDA:468,13,1,0
BRDA:468,14,0,0
BRDA:468,14,1,0
BRF:26
BRH:0
end_of_record
TN:
SF:src/lib/database/test-operations.ts
FN:45,(anonymous_0)
FN:49,(anonymous_1)
FN:53,(anonymous_2)
FN:64,testDatabaseHealth
FN:140,(anonymous_4)
FN:157,testUserOperations
FN:173,(anonymous_6)
FN:200,(anonymous_7)
FN:222,(anonymous_8)
FN:247,(anonymous_9)
FN:269,(anonymous_10)
FN:286,testAlarmOperations
FN:306,(anonymous_12)
FN:332,(anonymous_13)
FN:354,(anonymous_14)
FN:377,(anonymous_15)
FN:403,(anonymous_16)
FN:425,(anonymous_17)
FN:447,(anonymous_18)
FN:464,testRealtimeSubscriptions
FN:478,(anonymous_20)
FN:484,(anonymous_21)
FN:514,(anonymous_22)
FN:519,(anonymous_23)
FN:543,(anonymous_24)
FN:560,testPerformanceBenchmarks
FN:572,(anonymous_26)
FN:578,(anonymous_27)
FN:624,(anonymous_28)
FN:637,(anonymous_29)
FN:650,(anonymous_30)
FN:667,runAllDatabaseTests
FN:694,(anonymous_32)
FN:695,(anonymous_33)
FN:696,(anonymous_34)
FN:704,(anonymous_35)
FN:712,(anonymous_36)
FN:712,(anonymous_37)
FN:738,validatePhase1_2
FN:752,(anonymous_39)
FN:753,(anonymous_40)
FN:754,(anonymous_41)
FN:757,(anonymous_42)
FN:762,(anonymous_43)
FN:763,(anonymous_44)
FNF:45
FNH:0
FNDA:0,(anonymous_0)
FNDA:0,(anonymous_1)
FNDA:0,(anonymous_2)
FNDA:0,testDatabaseHealth
FNDA:0,(anonymous_4)
FNDA:0,testUserOperations
FNDA:0,(anonymous_6)
FNDA:0,(anonymous_7)
FNDA:0,(anonymous_8)
FNDA:0,(anonymous_9)
FNDA:0,(anonymous_10)
FNDA:0,testAlarmOperations
FNDA:0,(anonymous_12)
FNDA:0,(anonymous_13)
FNDA:0,(anonymous_14)
FNDA:0,(anonymous_15)
FNDA:0,(anonymous_16)
FNDA:0,(anonymous_17)
FNDA:0,(anonymous_18)
FNDA:0,testRealtimeSubscriptions
FNDA:0,(anonymous_20)
FNDA:0,(anonymous_21)
FNDA:0,(anonymous_22)
FNDA:0,(anonymous_23)
FNDA:0,(anonymous_24)
FNDA:0,testPerformanceBenchmarks
FNDA:0,(anonymous_26)
FNDA:0,(anonymous_27)
FNDA:0,(anonymous_28)
FNDA:0,(anonymous_29)
FNDA:0,(anonymous_30)
FNDA:0,runAllDatabaseTests
FNDA:0,(anonymous_32)
FNDA:0,(anonymous_33)
FNDA:0,(anonymous_34)
FNDA:0,(anonymous_35)
FNDA:0,(anonymous_36)
FNDA:0,(anonymous_37)
FNDA:0,validatePhase1_2
FNDA:0,(anonymous_39)
FNDA:0,(anonymous_40)
FNDA:0,(anonymous_41)
FNDA:0,(anonymous_42)
FNDA:0,(anonymous_43)
FNDA:0,(anonymous_44)
DA:8,0
DA:15,0
DA:43,0
DA:46,0
DA:50,0
DA:54,0
DA:55,0
DA:56,0
DA:57,0
DA:64,0
DA:65,0
DA:66,0
DA:69,0
DA:70,0
DA:71,0
DA:73,0
DA:74,0
DA:76,0
DA:84,0
DA:93,0
DA:94,0
DA:95,0
DA:97,0
DA:98,0
DA:100,0
DA:108,0
DA:117,0
DA:118,0
DA:119,0
DA:121,0
DA:122,0
DA:124,0
DA:131,0
DA:139,0
DA:140,0
DA:142,0
DA:157,0
DA:158,0
DA:159,0
DA:160,0
DA:163,0
DA:164,0
DA:172,0
DA:173,0
DA:174,0
DA:177,0
DA:185,0
DA:186,0
DA:189,0
DA:198,0
DA:199,0
DA:200,0
DA:201,0
DA:204,0
DA:212,0
DA:221,0
DA:222,0
DA:223,0
DA:229,0
DA:237,0
DA:246,0
DA:247,0
DA:248,0
DA:251,0
DA:259,0
DA:268,0
DA:269,0
DA:271,0
DA:286,0
DA:287,0
DA:288,0
DA:289,0
DA:291,0
DA:292,0
DA:305,0
DA:306,0
DA:307,0
DA:310,0
DA:318,0
DA:319,0
DA:322,0
DA:331,0
DA:332,0
DA:333,0
DA:336,0
DA:344,0
DA:353,0
DA:354,0
DA:355,0
DA:358,0
DA:366,0
DA:375,0
DA:376,0
DA:377,0
DA:378,0
DA:385,0
DA:393,0
DA:402,0
DA:403,0
DA:404,0
DA:407,0
DA:415,0
DA:424,0
DA:425,0
DA:426,0
DA:429,0
DA:437,0
DA:446,0
DA:447,0
DA:449,0
DA:464,0
DA:465,0
DA:466,0
DA:468,0
DA:471,0
DA:472,0
DA:473,0
DA:475,0
DA:476,0
DA:478,0
DA:479,0
DA:480,0
DA:484,0
DA:486,0
DA:489,0
DA:491,0
DA:493,0
DA:501,0
DA:510,0
DA:511,0
DA:512,0
DA:514,0
DA:515,0
DA:519,0
DA:521,0
DA:522,0
DA:524,0
DA:526,0
DA:534,0
DA:542,0
DA:543,0
DA:545,0
DA:560,0
DA:561,0
DA:562,0
DA:564,0
DA:567,0
DA:568,0
DA:569,0
DA:571,0
DA:572,0
DA:573,0
DA:575,0
DA:578,0
DA:579,0
DA:580,0
DA:582,0
DA:583,0
DA:585,0
DA:601,0
DA:610,0
DA:611,0
DA:612,0
DA:614,0
DA:621,0
DA:622,0
DA:624,0
DA:625,0
DA:627,0
DA:637,0
DA:641,0
DA:649,0
DA:650,0
DA:652,0
DA:667,0
DA:676,0
DA:678,0
DA:680,0
DA:682,0
DA:684,0
DA:685,0
DA:686,0
DA:687,0
DA:688,0
DA:690,0
DA:693,0
DA:694,0
DA:695,0
DA:696,0
DA:701,0
DA:702,0
DA:704,0
DA:705,0
DA:706,0
DA:707,0
DA:709,0
DA:711,0
DA:712,0
DA:713,0
DA:718,0
DA:719,0
DA:720,0
DA:722,0
DA:723,0
DA:725,0
DA:728,0
DA:730,0
DA:731,0
DA:738,0
DA:739,0
DA:741,0
DA:749,0
DA:750,0
DA:752,0
DA:753,0
DA:754,0
DA:757,0
DA:758,0
DA:760,0
DA:761,0
DA:762,0
DA:763,0
DA:764,0
DA:765,0
DA:768,0
DA:769,0
DA:770,0
DA:771,0
DA:773,0
DA:774,0
DA:777,0
DA:779,0
DA:780,0
LF:233
LH:0
BRDA:79,0,0,0
BRDA:79,0,1,0
BRDA:79,1,0,0
BRDA:79,1,1,0
BRDA:88,2,0,0
BRDA:88,2,1,0
BRDA:103,3,0,0
BRDA:103,3,1,0
BRDA:112,4,0,0
BRDA:112,4,1,0
BRDA:127,5,0,0
BRDA:127,5,1,0
BRDA:135,6,0,0
BRDA:135,6,1,0
BRDA:180,7,0,0
BRDA:180,7,1,0
BRDA:180,8,0,0
BRDA:180,8,1,0
BRDA:185,9,0,0
BRDA:193,10,0,0
BRDA:193,10,1,0
BRDA:198,11,0,0
BRDA:207,12,0,0
BRDA:207,12,1,0
BRDA:207,13,0,0
BRDA:207,13,1,0
BRDA:216,14,0,0
BRDA:216,14,1,0
BRDA:232,15,0,0
BRDA:232,15,1,0
BRDA:232,16,0,0
BRDA:232,16,1,0
BRDA:241,17,0,0
BRDA:241,17,1,0
BRDA:254,18,0,0
BRDA:254,18,1,0
BRDA:254,19,0,0
BRDA:254,19,1,0
BRDA:263,20,0,0
BRDA:263,20,1,0
BRDA:313,21,0,0
BRDA:313,21,1,0
BRDA:313,22,0,0
BRDA:313,22,1,0
BRDA:318,23,0,0
BRDA:326,24,0,0
BRDA:326,24,1,0
BRDA:339,25,0,0
BRDA:339,25,1,0
BRDA:339,26,0,0
BRDA:339,26,1,0
BRDA:339,27,0,0
BRDA:339,27,1,0
BRDA:348,28,0,0
BRDA:348,28,1,0
BRDA:361,29,0,0
BRDA:361,29,1,0
BRDA:361,30,0,0
BRDA:361,30,1,0
BRDA:361,31,0,0
BRDA:361,31,1,0
BRDA:370,32,0,0
BRDA:370,32,1,0
BRDA:375,33,0,0
BRDA:388,34,0,0
BRDA:388,34,1,0
BRDA:388,35,0,0
BRDA:388,35,1,0
BRDA:397,36,0,0
BRDA:397,36,1,0
BRDA:410,37,0,0
BRDA:410,37,1,0
BRDA:410,38,0,0
BRDA:410,38,1,0
BRDA:419,39,0,0
BRDA:419,39,1,0
BRDA:432,40,0,0
BRDA:432,40,1,0
BRDA:432,41,0,0
BRDA:432,41,1,0
BRDA:441,42,0,0
BRDA:441,42,1,0
BRDA:496,43,0,0
BRDA:496,43,1,0
BRDA:505,44,0,0
BRDA:505,44,1,0
BRDA:529,45,0,0
BRDA:529,45,1,0
BRDA:538,46,0,0
BRDA:538,46,1,0
BRDA:588,47,0,0
BRDA:588,47,1,0
BRDA:605,48,0,0
BRDA:605,48,1,0
BRDA:630,49,0,0
BRDA:630,49,1,0
BRDA:645,50,0,0
BRDA:645,50,1,0
BRDA:706,51,0,0
BRDA:706,51,1,0
BRDA:707,52,0,0
BRDA:707,52,1,0
BRDA:711,53,0,0
BRDA:722,54,0,0
BRDA:722,54,1,0
BRDA:764,55,0,0
BRDA:764,55,1,0
BRDA:765,56,0,0
BRDA:765,56,1,0
BRDA:769,57,0,0
BRDA:769,57,1,0
BRF:111
BRH:0
end_of_record
TN:
SF:src/navigation/AlarmNavigator.tsx
FN:21,(anonymous_0)
FNF:1
FNH:0
FNDA:0,(anonymous_0)
DA:9,0
DA:10,0
DA:14,0
DA:15,0
DA:16,0
DA:17,0
DA:19,0
DA:21,0
DA:22,0
DA:24,0
DA:41,0
DA:84,0
LF:12
LH:0
BRF:0
BRH:0
end_of_record
TN:
SF:src/navigation/AuthNavigator.tsx
FN:21,(anonymous_0)
FN:42,(anonymous_1)
FN:44,(anonymous_2)
FN:45,(anonymous_3)
FN:49,(anonymous_4)
FN:51,(anonymous_5)
FN:52,(anonymous_6)
FN:56,(anonymous_7)
FN:58,(anonymous_8)
FN:59,(anonymous_9)
FNF:10
FNH:0
FNDA:0,(anonymous_0)
FNDA:0,(anonymous_1)
FNDA:0,(anonymous_2)
FNDA:0,(anonymous_3)
FNDA:0,(anonymous_4)
FNDA:0,(anonymous_5)
FNDA:0,(anonymous_6)
FNDA:0,(anonymous_7)
FNDA:0,(anonymous_8)
FNDA:0,(anonymous_9)
DA:9,0
DA:10,0
DA:14,0
DA:15,0
DA:16,0
DA:17,0
DA:19,0
DA:21,0
DA:22,0
DA:24,0
DA:42,0
DA:43,0
DA:45,0
DA:49,0
DA:50,0
DA:52,0
DA:56,0
DA:57,0
DA:58,0
DA:59,0
DA:63,0
DA:103,0
LF:22
LH:0
BRF:0
BRH:0
end_of_record
TN:
SF:src/navigation/MainTabNavigator.tsx
FN:25,(anonymous_0)
FN:47,(anonymous_1)
FN:70,(anonymous_2)
FN:72,(anonymous_3)
FNF:4
FNH:0
FNDA:0,(anonymous_0)
FNDA:0,(anonymous_1)
FNDA:0,(anonymous_2)
FNDA:0,(anonymous_3)
DA:9,0
DA:10,0
DA:11,0
DA:12,0
DA:16,0
DA:17,0
DA:18,0
DA:21,0
DA:23,0
DA:25,0
DA:26,0
DA:28,0
DA:47,0
DA:50,0
DA:52,0
DA:53,0
DA:55,0
DA:56,0
DA:58,0
DA:59,0
DA:61,0
DA:64,0
DA:67,0
DA:70,0
DA:73,0
DA:111,0
DA:117,0
LF:27
LH:0
BRDA:50,0,0,0
BRDA:50,0,1,0
BRDA:50,0,2,0
BRDA:50,0,3,0
BRDA:52,1,0,0
BRDA:52,1,1,0
BRDA:55,2,0,0
BRDA:55,2,1,0
BRDA:58,3,0,0
BRDA:58,3,1,0
BRF:10
BRH:0
end_of_record
TN:
SF:src/navigation/RootNavigator.tsx
FN:24,(anonymous_0)
FN:62,(anonymous_1)
FNF:2
FNH:0
FNDA:0,(anonymous_0)
FNDA:0,(anonymous_1)
DA:9,0
DA:10,0
DA:11,0
DA:12,0
DA:16,0
DA:17,0
DA:20,0
DA:22,0
DA:24,0
DA:25,0
DA:26,0
DA:29,0
DA:30,0
DA:33,0
DA:62,0
DA:63,0
DA:65,0
DA:95,0
DA:102,0
LF:19
LH:0
BRDA:29,0,0,0
BRDA:41,1,0,0
BRDA:41,1,1,0
BRF:3
BRH:0
end_of_record
TN:
SF:src/navigation/SettingsNavigator.tsx
FN:18,(anonymous_0)
FNF:1
FNH:0
FNDA:0,(anonymous_0)
DA:9,0
DA:10,0
DA:14,0
DA:16,0
DA:18,0
DA:19,0
DA:21,0
DA:38,0
DA:54,0
LF:9
LH:0
BRF:0
BRH:0
end_of_record
TN:
SF:src/navigation/WhiteNoiseNavigator.tsx
FN:22,(anonymous_1)
FNF:1
FNH:0
FNDA:0,(anonymous_1)
DA:9,0
DA:10,0
DA:14,0
DA:15,0
DA:16,0
DA:17,0
DA:18,0
DA:20,0
DA:22,0
DA:23,0
DA:25,0
DA:42,0
DA:93,0
LF:13
LH:0
BRF:0
BRH:0
end_of_record
TN:
SF:src/screens/alarms/EditAlarmScreen.tsx
FN:25,(anonymous_0)
FN:35,(anonymous_1)
FN:39,(anonymous_2)
FN:51,(anonymous_3)
FN:97,(anonymous_4)
FN:147,(anonymous_5)
FN:178,(anonymous_6)
FN:198,(anonymous_7)
FNF:8
FNH:0
FNDA:0,(anonymous_0)
FNDA:0,(anonymous_1)
FNDA:0,(anonymous_2)
FNDA:0,(anonymous_3)
FNDA:0,(anonymous_4)
FNDA:0,(anonymous_5)
FNDA:0,(anonymous_6)
FNDA:0,(anonymous_7)
DA:8,0
DA:9,0
DA:18,0
DA:21,0
DA:25,0
DA:26,0
DA:27,0
DA:29,0
DA:30,0
DA:31,0
DA:33,0
DA:35,0
DA:36,0
DA:39,0
DA:40,0
DA:41,0
DA:42,0
DA:48,0
DA:51,0
DA:54,0
DA:84,0
DA:87,0
DA:88,0
DA:90,0
DA:97,0
DA:106,0
DA:111,0
DA:112,0
DA:126,0
DA:127,0
DA:147,0
DA:160,0
DA:178,0
DA:185,0
DA:195,0
DA:198,0
DA:281,0
LF:37
LH:0
BRDA:111,0,0,0
BRDA:126,1,0,0
BRDA:126,2,0,0
BRDA:126,2,1,0
BRDA:133,3,0,0
BRDA:133,3,1,0
BRF:6
BRH:0
end_of_record
TN:
SF:src/screens/auth/WelcomeScreen.tsx
FN:16,(anonymous_1)
FN:47,(anonymous_2)
FN:56,(anonymous_3)
FN:65,(anonymous_4)
FNF:4
FNH:0
FNDA:0,(anonymous_1)
FNDA:0,(anonymous_2)
FNDA:0,(anonymous_3)
FNDA:0,(anonymous_4)
DA:9,0
DA:11,0
DA:12,0
DA:16,0
DA:17,0
DA:19,0
DA:21,0
DA:47,0
DA:56,0
DA:65,0
DA:114,0
LF:11
LH:0
BRF:0
BRH:0
end_of_record
TN:
SF:src/screens/settings/SettingsHomeScreen.tsx
FN:31,(anonymous_0)
FN:103,(anonymous_1)
FN:109,(anonymous_2)
FN:118,(anonymous_3)
FN:122,(anonymous_4)
FN:147,(anonymous_5)
FN:171,(anonymous_6)
FNF:7
FNH:0
FNDA:0,(anonymous_0)
FNDA:0,(anonymous_1)
FNDA:0,(anonymous_2)
FNDA:0,(anonymous_3)
FNDA:0,(anonymous_4)
FNDA:0,(anonymous_5)
FNDA:0,(anonymous_6)
DA:9,0
DA:10,0
DA:12,0
DA:13,0
DA:31,0
DA:32,0
DA:33,0
DA:35,0
DA:37,0
DA:103,0
DA:109,0
DA:110,0
DA:111,0
DA:112,0
DA:114,0
DA:118,0
DA:119,0
DA:122,0
DA:147,0
DA:148,0
DA:156,0
DA:171,0
DA:262,0
LF:23
LH:0
BRDA:49,0,0,0
BRDA:49,0,1,0
BRDA:52,1,0,0
BRDA:52,1,1,0
BRDA:110,2,0,0
BRDA:110,2,1,0
BRDA:112,3,0,0
BRDA:130,4,0,0
BRDA:130,4,1,0
BRDA:137,5,0,0
BRDA:137,5,1,0
BRF:11
BRH:0
end_of_record
TN:
SF:src/screens/whitenoise/WhiteNoiseHomeScreen.tsx
FN:16,(anonymous_0)
FN:37,(anonymous_1)
FNF:2
FNH:0
FNDA:0,(anonymous_0)
FNDA:0,(anonymous_1)
DA:9,0
DA:11,0
DA:12,0
DA:16,0
DA:17,0
DA:19,0
DA:21,0
DA:37,0
DA:69,0
LF:9
LH:0
BRF:0
BRH:0
end_of_record
TN:
SF:src/services/alarm-error-handler.ts
FN:358,(anonymous_1)
FN:388,(anonymous_2)
FN:414,(anonymous_3)
FN:433,(anonymous_4)
FN:471,(anonymous_5)
FN:474,(anonymous_6)
FN:484,(anonymous_7)
FN:487,(anonymous_8)
FN:497,(anonymous_9)
FN:537,(anonymous_10)
FN:655,(anonymous_11)
FN:666,(anonymous_12)
FN:673,(anonymous_13)
FN:688,(anonymous_14)
FN:701,(anonymous_15)
FN:705,(anonymous_16)
FN:720,(anonymous_17)
FNF:17
FNH:0
FNDA:0,(anonymous_1)
FNDA:0,(anonymous_2)
FNDA:0,(anonymous_3)
FNDA:0,(anonymous_4)
FNDA:0,(anonymous_5)
FNDA:0,(anonymous_6)
FNDA:0,(anonymous_7)
FNDA:0,(anonymous_8)
FNDA:0,(anonymous_9)
FNDA:0,(anonymous_10)
FNDA:0,(anonymous_11)
FNDA:0,(anonymous_12)
FNDA:0,(anonymous_13)
FNDA:0,(anonymous_14)
FNDA:0,(anonymous_15)
FNDA:0,(anonymous_16)
FNDA:0,(anonymous_17)
DA:9,0
DA:59,0
DA:75,0
DA:347,0
DA:348,0
DA:349,0
DA:365,0
DA:366,0
DA:368,0
DA:389,0
DA:390,0
DA:393,0
DA:394,0
DA:398,0
DA:401,0
DA:405,0
DA:407,0
DA:418,0
DA:420,0
DA:421,0
DA:424,0
DA:425,0
DA:427,0
DA:429,0
DA:432,0
DA:433,0
DA:436,0
DA:442,0
DA:444,0
DA:445,0
DA:446,0
DA:451,0
DA:456,0
DA:458,0
DA:474,0
DA:487,0
DA:501,0
DA:502,0
DA:505,0
DA:506,0
DA:514,0
DA:515,0
DA:520,0
DA:521,0
DA:529,0
DA:530,0
DA:531,0
DA:537,0
DA:538,0
DA:539,0
DA:549,0
DA:550,0
DA:558,0
DA:559,0
DA:560,0
DA:567,0
DA:568,0
DA:577,0
DA:578,0
DA:579,0
DA:586,0
DA:587,0
DA:596,0
DA:597,0
DA:598,0
DA:605,0
DA:606,0
DA:615,0
DA:616,0
DA:623,0
DA:624,0
DA:632,0
DA:633,0
DA:634,0
DA:641,0
DA:662,0
DA:663,0
DA:664,0
DA:666,0
DA:667,0
DA:668,0
DA:669,0
DA:672,0
DA:673,0
DA:676,0
DA:689,0
DA:690,0
DA:691,0
DA:702,0
DA:703,0
DA:704,0
DA:705,0
DA:706,0
DA:707,0
DA:709,0
DA:713,0
DA:721,0
DA:722,0
DA:724,0
DA:729,0
LF:100
LH:0
BRDA:371,0,0,0
BRDA:371,0,1,0
BRDA:393,1,0,0
BRDA:401,2,0,0
BRDA:401,2,1,0
BRDA:402,3,0,0
BRDA:402,3,1,0
BRDA:403,4,0,0
BRDA:403,4,1,0
BRDA:425,5,0,0
BRDA:425,5,1,0
BRDA:427,6,0,0
BRDA:427,7,0,0
BRDA:427,7,1,0
BRDA:432,8,0,0
BRDA:442,9,0,0
BRDA:442,10,0,0
BRDA:442,10,1,0
BRDA:474,11,0,0
BRDA:487,12,0,0
BRDA:499,13,0,0
BRDA:505,14,0,0
BRDA:505,15,0,0
BRDA:505,15,1,0
BRDA:514,16,0,0
BRDA:514,16,1,0
BRDA:514,17,0,0
BRDA:514,17,1,0
BRDA:520,18,0,0
BRDA:529,19,0,0
BRDA:530,20,0,0
BRDA:530,20,1,0
BRDA:530,21,0,0
BRDA:530,21,1,0
BRDA:537,22,0,0
BRDA:537,22,1,0
BRDA:538,23,0,0
BRDA:549,24,0,0
BRDA:549,25,0,0
BRDA:549,25,1,0
BRDA:558,26,0,0
BRDA:559,27,0,0
BRDA:559,28,0,0
BRDA:559,28,1,0
BRDA:567,29,0,0
BRDA:567,30,0,0
BRDA:567,30,1,0
BRDA:577,31,0,0
BRDA:578,32,0,0
BRDA:586,33,0,0
BRDA:586,34,0,0
BRDA:586,34,1,0
BRDA:596,35,0,0
BRDA:597,36,0,0
BRDA:597,37,0,0
BRDA:597,37,1,0
BRDA:605,38,0,0
BRDA:605,39,0,0
BRDA:605,39,1,0
BRDA:615,40,0,0
BRDA:615,41,0,0
BRDA:615,41,1,0
BRDA:623,42,0,0
BRDA:623,43,0,0
BRDA:623,43,1,0
BRDA:633,44,0,0
BRDA:667,45,0,0
BRDA:667,45,1,0
BRDA:668,46,0,0
BRDA:668,46,1,0
BRDA:669,47,0,0
BRDA:669,47,1,0
BRDA:704,48,0,0
BRDA:706,49,0,0
BRF:74
BRH:0
end_of_record
TN:
SF:src/services/analytics-service.ts
FN:113,(anonymous_1)
FN:117,(anonymous_2)
FN:127,(anonymous_3)
FN:153,(anonymous_4)
FN:201,(anonymous_5)
FN:219,(anonymous_6)
FN:261,(anonymous_7)
FN:267,(anonymous_8)
FN:274,(anonymous_9)
FN:275,(anonymous_10)
FN:278,(anonymous_11)
FN:284,(anonymous_12)
FN:287,(anonymous_13)
FN:292,(anonymous_14)
FN:298,(anonymous_15)
FN:300,(anonymous_16)
FN:310,(anonymous_17)
FN:311,(anonymous_18)
FN:324,(anonymous_19)
FN:331,(anonymous_20)
FN:340,(anonymous_21)
FN:351,(anonymous_22)
FN:364,(anonymous_23)
FN:380,(anonymous_24)
FN:398,(anonymous_25)
FN:402,(anonymous_26)
FN:410,(anonymous_27)
FN:425,(anonymous_28)
FN:428,(anonymous_29)
FN:433,(anonymous_30)
FN:440,(anonymous_31)
FN:466,(anonymous_32)
FN:471,(anonymous_33)
FN:480,(anonymous_34)
FN:495,(anonymous_35)
FN:515,(anonymous_36)
FN:521,(anonymous_37)
FN:526,(anonymous_38)
FN:531,(anonymous_39)
FN:534,(anonymous_40)
FN:536,(anonymous_41)
FNF:41
FNH:0
FNDA:0,(anonymous_1)
FNDA:0,(anonymous_2)
FNDA:0,(anonymous_3)
FNDA:0,(anonymous_4)
FNDA:0,(anonymous_5)
FNDA:0,(anonymous_6)
FNDA:0,(anonymous_7)
FNDA:0,(anonymous_8)
FNDA:0,(anonymous_9)
FNDA:0,(anonymous_10)
FNDA:0,(anonymous_11)
FNDA:0,(anonymous_12)
FNDA:0,(anonymous_13)
FNDA:0,(anonymous_14)
FNDA:0,(anonymous_15)
FNDA:0,(anonymous_16)
FNDA:0,(anonymous_17)
FNDA:0,(anonymous_18)
FNDA:0,(anonymous_19)
FNDA:0,(anonymous_20)
FNDA:0,(anonymous_21)
FNDA:0,(anonymous_22)
FNDA:0,(anonymous_23)
FNDA:0,(anonymous_24)
FNDA:0,(anonymous_25)
FNDA:0,(anonymous_26)
FNDA:0,(anonymous_27)
FNDA:0,(anonymous_28)
FNDA:0,(anonymous_29)
FNDA:0,(anonymous_30)
FNDA:0,(anonymous_31)
FNDA:0,(anonymous_32)
FNDA:0,(anonymous_33)
FNDA:0,(anonymous_34)
FNDA:0,(anonymous_35)
FNDA:0,(anonymous_36)
FNDA:0,(anonymous_37)
FNDA:0,(anonymous_38)
FNDA:0,(anonymous_39)
FNDA:0,(anonymous_40)
FNDA:0,(anonymous_41)
DA:9,0
DA:11,0
DA:12,0
DA:90,0
DA:104,0
DA:105,0
DA:106,0
DA:107,0
DA:108,0
DA:109,0
DA:110,0
DA:111,0
DA:114,0
DA:118,0
DA:119,0
DA:121,0
DA:128,0
DA:130,0
DA:131,0
DA:133,0
DA:134,0
DA:135,0
DA:139,0
DA:142,0
DA:144,0
DA:146,0
DA:158,0
DA:160,0
DA:161,0
DA:162,0
DA:182,0
DA:185,0
DA:186,0
DA:190,0
DA:192,0
DA:194,0
DA:205,0
DA:207,0
DA:208,0
DA:210,0
DA:223,0
DA:225,0
DA:226,0
DA:228,0
DA:246,0
DA:248,0
DA:254,0
DA:255,0
DA:262,0
DA:263,0
DA:264,0
DA:266,0
DA:267,0
DA:270,0
DA:271,0
DA:274,0
DA:275,0
DA:278,0
DA:279,0
DA:280,0
DA:283,0
DA:284,0
DA:287,0
DA:288,0
DA:289,0
DA:292,0
DA:293,0
DA:294,0
DA:297,0
DA:298,0
DA:300,0
DA:302,0
DA:310,0
DA:311,0
DA:316,0
DA:317,0
DA:329,0
DA:330,0
DA:331,0
DA:341,0
DA:342,0
DA:343,0
DA:344,0
DA:345,0
DA:352,0
DA:353,0
DA:354,0
DA:356,0
DA:358,0
DA:370,0
DA:381,0
DA:382,0
DA:383,0
DA:385,0
DA:386,0
DA:389,0
DA:390,0
DA:394,0
DA:395,0
DA:397,0
DA:398,0
DA:401,0
DA:402,0
DA:406,0
DA:411,0
DA:412,0
DA:416,0
DA:421,0
DA:426,0
DA:428,0
DA:429,0
DA:434,0
DA:435,0
DA:436,0
DA:441,0
DA:443,0
DA:444,0
DA:445,0
DA:446,0
DA:447,0
DA:451,0
DA:455,0
DA:462,0
DA:467,0
DA:470,0
DA:471,0
DA:472,0
DA:473,0
DA:477,0
DA:487,0
DA:496,0
DA:512,0
DA:515,0
DA:519,0
DA:521,0
DA:524,0
DA:526,0
DA:529,0
DA:531,0
DA:532,0
DA:534,0
DA:536,0
DA:538,0
LF:143
LH:0
BRDA:118,0,0,0
BRDA:133,1,0,0
BRDA:155,2,0,0
BRDA:158,3,0,0
BRDA:166,4,0,0
BRDA:166,4,1,0
BRDA:166,4,2,0
BRDA:167,5,0,0
BRDA:167,5,1,0
BRDA:174,6,0,0
BRDA:174,6,1,0
BRDA:185,7,0,0
BRDA:205,8,0,0
BRDA:220,9,0,0
BRDA:221,10,0,0
BRDA:223,11,0,0
BRDA:223,12,0,0
BRDA:223,12,1,0
BRDA:223,12,2,0
BRDA:261,13,0,0
BRDA:270,14,0,0
BRDA:279,15,0,0
BRDA:279,15,1,0
BRDA:283,16,0,0
BRDA:283,16,1,0
BRDA:293,17,0,0
BRDA:293,17,1,0
BRDA:353,18,0,0
BRDA:353,18,1,0
BRDA:358,19,0,0
BRDA:358,19,1,0
BRDA:385,20,0,0
BRDA:389,21,0,0
BRDA:426,22,0,0
BRDA:434,23,0,0
BRDA:441,24,0,0
BRDA:441,25,0,0
BRDA:441,25,1,0
BRDA:445,26,0,0
BRDA:472,27,0,0
BRF:40
BRH:0
end_of_record
TN:
SF:src/services/auth-service.ts
FN:43,(anonymous_0)
FN:45,(anonymous_1)
FN:55,(anonymous_2)
FN:75,(anonymous_3)
FN:128,(anonymous_4)
FN:145,(anonymous_5)
FN:159,(anonymous_6)
FN:178,(anonymous_7)
FN:225,(anonymous_8)
FN:226,(anonymous_9)
FN:259,(anonymous_10)
FN:275,(anonymous_11)
FN:294,(anonymous_12)
FN:314,(anonymous_13)
FN:336,(anonymous_14)
FN:337,(anonymous_15)
FN:338,(anonymous_16)
FNF:17
FNH:0
FNDA:0,(anonymous_0)
FNDA:0,(anonymous_1)
FNDA:0,(anonymous_2)
FNDA:0,(anonymous_3)
FNDA:0,(anonymous_4)
FNDA:0,(anonymous_5)
FNDA:0,(anonymous_6)
FNDA:0,(anonymous_7)
FNDA:0,(anonymous_8)
FNDA:0,(anonymous_9)
FNDA:0,(anonymous_10)
FNDA:0,(anonymous_11)
FNDA:0,(anonymous_12)
FNDA:0,(anonymous_13)
FNDA:0,(anonymous_14)
FNDA:0,(anonymous_15)
FNDA:0,(anonymous_16)
DA:9,0
DA:10,0
DA:11,0
DA:12,0
DA:14,0
DA:38,0
DA:40,0
DA:41,0
DA:46,0
DA:47,0
DA:49,0
DA:56,0
DA:57,0
DA:60,0
DA:61,0
DA:62,0
DA:65,0
DA:66,0
DA:68,0
DA:69,0
DA:76,0
DA:78,0
DA:80,0
DA:82,0
DA:83,0
DA:84,0
DA:86,0
DA:87,0
DA:91,0
DA:92,0
DA:93,0
DA:95,0
DA:96,0
DA:100,0
DA:101,0
DA:102,0
DA:104,0
DA:105,0
DA:109,0
DA:110,0
DA:111,0
DA:113,0
DA:114,0
DA:117,0
DA:120,0
DA:121,0
DA:129,0
DA:146,0
DA:148,0
DA:149,0
DA:152,0
DA:155,0
DA:157,0
DA:159,0
DA:165,0
DA:166,0
DA:183,0
DA:184,0
DA:186,0
DA:188,0
DA:189,0
DA:193,0
DA:196,0
DA:197,0
DA:201,0
DA:204,0
DA:205,0
DA:211,0
DA:212,0
DA:213,0
DA:218,0
DA:225,0
DA:226,0
DA:228,0
DA:229,0
DA:230,0
DA:231,0
DA:232,0
DA:235,0
DA:242,0
DA:243,0
DA:260,0
DA:261,0
DA:268,0
DA:276,0
DA:277,0
DA:280,0
DA:283,0
DA:284,0
DA:287,0
DA:295,0
DA:297,0
DA:298,0
DA:299,0
DA:303,0
DA:304,0
DA:307,0
DA:315,0
DA:317,0
DA:319,0
DA:324,0
DA:327,0
DA:333,0
DA:336,0
DA:337,0
DA:338,0
DA:340,0
LF:107
LH:0
BRDA:46,0,0,0
BRDA:56,1,0,0
BRDA:60,2,0,0
BRDA:198,3,0,0
BRDA:198,3,1,0
BRDA:206,4,0,0
BRDA:206,4,1,0
BRDA:207,5,0,0
BRDA:207,5,1,0
BRDA:214,6,0,0
BRDA:214,6,1,0
BRDA:215,7,0,0
BRDA:215,7,1,0
BRDA:220,8,0,0
BRDA:220,8,1,0
BRDA:229,9,0,0
BRDA:229,9,1,0
BRDA:231,10,0,0
BRF:18
BRH:0
end_of_record
TN:
SF:src/services/biometric-service.ts
FN:45,(anonymous_9)
FN:47,(anonymous_10)
FN:57,(anonymous_11)
FN:91,(anonymous_12)
FN:101,(anonymous_13)
FN:116,(anonymous_14)
FN:182,(anonymous_15)
FN:229,(anonymous_16)
FN:242,(anonymous_17)
FN:254,(anonymous_18)
FN:270,(anonymous_19)
FN:288,(anonymous_20)
FN:313,(anonymous_21)
FN:360,(anonymous_22)
FN:376,(anonymous_23)
FN:394,(anonymous_24)
FN:395,(anonymous_25)
FN:397,(anonymous_26)
FN:399,(anonymous_27)
FN:400,(anonymous_28)
FN:401,(anonymous_29)
FN:402,(anonymous_30)
FNF:22
FNH:0
FNDA:0,(anonymous_9)
FNDA:0,(anonymous_10)
FNDA:0,(anonymous_11)
FNDA:0,(anonymous_12)
FNDA:0,(anonymous_13)
FNDA:0,(anonymous_14)
FNDA:0,(anonymous_15)
FNDA:0,(anonymous_16)
FNDA:0,(anonymous_17)
FNDA:0,(anonymous_18)
FNDA:0,(anonymous_19)
FNDA:0,(anonymous_20)
FNDA:0,(anonymous_21)
FNDA:0,(anonymous_22)
FNDA:0,(anonymous_23)
FNDA:0,(anonymous_24)
FNDA:0,(anonymous_25)
FNDA:0,(anonymous_26)
FNDA:0,(anonymous_27)
FNDA:0,(anonymous_28)
FNDA:0,(anonymous_29)
FNDA:0,(anonymous_30)
DA:8,0
DA:9,0
DA:10,0
DA:41,0
DA:43,0
DA:48,0
DA:49,0
DA:51,0
DA:58,0
DA:59,0
DA:60,0
DA:61,0
DA:62,0
DA:64,0
DA:72,0
DA:73,0
DA:76,0
DA:77,0
DA:84,0
DA:92,0
DA:93,0
DA:95,0
DA:102,0
DA:103,0
DA:104,0
DA:106,0
DA:108,0
DA:109,0
DA:117,0
DA:118,0
DA:120,0
DA:121,0
DA:127,0
DA:128,0
DA:134,0
DA:135,0
DA:136,0
DA:143,0
DA:146,0
DA:155,0
DA:157,0
DA:158,0
DA:163,0
DA:171,0
DA:172,0
DA:183,0
DA:184,0
DA:186,0
DA:187,0
DA:193,0
DA:194,0
DA:201,0
DA:207,0
DA:208,0
DA:209,0
DA:214,0
DA:218,0
DA:219,0
DA:230,0
DA:231,0
DA:232,0
DA:234,0
DA:235,0
DA:243,0
DA:244,0
DA:246,0
DA:247,0
DA:255,0
DA:256,0
DA:258,0
DA:259,0
DA:261,0
DA:262,0
DA:264,0
DA:271,0
DA:273,0
DA:275,0
DA:277,0
DA:279,0
DA:281,0
DA:289,0
DA:291,0
DA:292,0
DA:297,0
DA:299,0
DA:318,0
DA:319,0
DA:321,0
DA:322,0
DA:324,0
DA:325,0
DA:327,0
DA:328,0
DA:329,0
DA:332,0
DA:333,0
DA:336,0
DA:337,0
DA:341,0
DA:348,0
DA:349,0
DA:361,0
DA:362,0
DA:364,0
DA:365,0
DA:367,0
DA:368,0
DA:370,0
DA:377,0
DA:379,0
DA:381,0
DA:383,0
DA:385,0
DA:391,0
DA:394,0
DA:395,0
DA:396,0
DA:397,0
DA:398,0
DA:399,0
DA:400,0
DA:401,0
DA:402,0
DA:404,0
LF:124
LH:0
BRDA:48,0,0,0
BRDA:92,1,0,0
BRDA:106,2,0,0
BRDA:106,2,1,0
BRDA:106,2,2,0
BRDA:120,3,0,0
BRDA:127,4,0,0
BRDA:135,5,0,0
BRDA:147,6,0,0
BRDA:147,6,1,0
BRDA:148,7,0,0
BRDA:148,7,1,0
BRDA:149,8,0,0
BRDA:149,8,1,0
BRDA:150,9,0,0
BRDA:150,9,1,0
BRDA:157,10,0,0
BRDA:157,10,1,0
BRDA:165,11,0,0
BRDA:165,11,1,0
BRDA:174,12,0,0
BRDA:174,12,1,0
BRDA:186,13,0,0
BRDA:193,14,0,0
BRDA:207,15,0,0
BRDA:207,15,1,0
BRDA:221,16,0,0
BRDA:221,16,1,0
BRDA:255,17,0,0
BRDA:256,18,0,0
BRDA:256,18,1,0
BRDA:258,19,0,0
BRDA:259,20,0,0
BRDA:259,20,1,0
BRDA:261,21,0,0
BRDA:271,22,0,0
BRDA:271,22,1,0
BRDA:271,22,2,0
BRDA:271,22,3,0
BRDA:271,22,4,0
BRDA:291,23,0,0
BRDA:300,24,0,0
BRDA:300,24,1,0
BRDA:324,25,0,0
BRDA:324,25,1,0
BRDA:327,26,0,0
BRDA:332,27,0,0
BRDA:336,28,0,0
BRDA:361,29,0,0
BRDA:364,30,0,0
BRDA:367,31,0,0
BRDA:377,32,0,0
BRDA:377,32,1,0
BRDA:377,32,2,0
BRDA:377,32,3,0
BRDA:379,33,0,0
BRDA:379,33,1,0
BRDA:381,34,0,0
BRDA:381,34,1,0
BRF:59
BRH:0
end_of_record
TN:
SF:src/services/database-simple.ts
FN:43,(anonymous_0)
FN:81,(anonymous_1)
FN:124,(anonymous_2)
FN:162,(anonymous_3)
FN:205,(anonymous_4)
FN:243,(anonymous_5)
FN:287,(anonymous_6)
FN:325,(anonymous_7)
FN:367,testDatabaseConnection
FN:407,subscribeToAlarms
FN:418,(anonymous_10)
FNF:11
FNH:0
FNDA:0,(anonymous_0)
FNDA:0,(anonymous_1)
FNDA:0,(anonymous_2)
FNDA:0,(anonymous_3)
FNDA:0,(anonymous_4)
FNDA:0,(anonymous_5)
FNDA:0,(anonymous_6)
FNDA:0,(anonymous_7)
FNDA:0,testDatabaseConnection
FNDA:0,subscribeToAlarms
FNDA:0,(anonymous_10)
DA:8,0
DA:42,0
DA:44,0
DA:45,0
DA:51,0
DA:52,0
DA:63,0
DA:69,0
DA:82,0
DA:83,0
DA:89,0
DA:90,0
DA:101,0
DA:107,0
DA:123,0
DA:125,0
DA:126,0
DA:132,0
DA:133,0
DA:144,0
DA:150,0
DA:163,0
DA:164,0
DA:170,0
DA:171,0
DA:182,0
DA:188,0
DA:204,0
DA:206,0
DA:207,0
DA:213,0
DA:214,0
DA:225,0
DA:231,0
DA:244,0
DA:245,0
DA:252,0
DA:253,0
DA:264,0
DA:270,0
DA:286,0
DA:288,0
DA:289,0
DA:295,0
DA:296,0
DA:307,0
DA:313,0
DA:326,0
DA:327,0
DA:333,0
DA:334,0
DA:345,0
DA:351,0
DA:367,0
DA:368,0
DA:369,0
DA:374,0
DA:375,0
DA:386,0
DA:392,0
DA:407,0
DA:408,0
DA:419,0
DA:420,0
DA:421,0
DA:428,0
LF:66
LH:0
BRDA:51,0,0,0
BRDA:73,1,0,0
BRDA:73,1,1,0
BRDA:89,2,0,0
BRDA:111,3,0,0
BRDA:111,3,1,0
BRDA:132,4,0,0
BRDA:154,5,0,0
BRDA:154,5,1,0
BRDA:170,6,0,0
BRDA:183,7,0,0
BRDA:183,7,1,0
BRDA:192,8,0,0
BRDA:192,8,1,0
BRDA:213,9,0,0
BRDA:235,10,0,0
BRDA:235,10,1,0
BRDA:252,11,0,0
BRDA:265,12,0,0
BRDA:265,12,1,0
BRDA:274,13,0,0
BRDA:274,13,1,0
BRDA:295,14,0,0
BRDA:317,15,0,0
BRDA:317,15,1,0
BRDA:333,16,0,0
BRDA:355,17,0,0
BRDA:355,17,1,0
BRDA:374,18,0,0
BRDA:396,19,0,0
BRDA:396,19,1,0
BRDA:420,20,0,0
BRF:32
BRH:0
end_of_record
TN:
SF:src/store/auth-store.ts
FN:82,(anonymous_9)
FN:101,(anonymous_10)
FN:134,(anonymous_11)
FN:196,(anonymous_12)
FN:227,(anonymous_13)
FN:267,(anonymous_14)
FN:300,(anonymous_15)
FN:326,(anonymous_16)
FN:355,(anonymous_17)
FN:384,(anonymous_18)
FN:413,(anonymous_19)
FN:440,(anonymous_20)
FN:448,(anonymous_21)
FN:489,(anonymous_22)
FN:516,(anonymous_23)
FN:540,(anonymous_24)
FN:545,(anonymous_25)
FN:566,(anonymous_26)
FN:573,(anonymous_27)
FNF:19
FNH:0
FNDA:0,(anonymous_9)
FNDA:0,(anonymous_10)
FNDA:0,(anonymous_11)
FNDA:0,(anonymous_12)
FNDA:0,(anonymous_13)
FNDA:0,(anonymous_14)
FNDA:0,(anonymous_15)
FNDA:0,(anonymous_16)
FNDA:0,(anonymous_17)
FNDA:0,(anonymous_18)
FNDA:0,(anonymous_19)
FNDA:0,(anonymous_20)
FNDA:0,(anonymous_21)
FNDA:0,(anonymous_22)
FNDA:0,(anonymous_23)
FNDA:0,(anonymous_24)
FNDA:0,(anonymous_25)
FNDA:0,(anonymous_26)
FNDA:0,(anonymous_27)
DA:9,0
DA:10,0
DA:12,0
DA:13,0
DA:14,0
DA:81,0
DA:82,0
DA:102,0
DA:103,0
DA:106,0
DA:107,0
DA:108,0
DA:110,0
DA:117,0
DA:119,0
DA:120,0
DA:121,0
DA:122,0
DA:123,0
DA:130,0
DA:134,0
DA:135,0
DA:137,0
DA:139,0
DA:140,0
DA:146,0
DA:148,0
DA:151,0
DA:159,0
DA:160,0
DA:163,0
DA:164,0
DA:169,0
DA:171,0
DA:174,0
DA:175,0
DA:178,0
DA:183,0
DA:186,0
DA:187,0
DA:189,0
DA:197,0
DA:198,0
DA:200,0
DA:205,0
DA:206,0
DA:207,0
DA:210,0
DA:211,0
DA:214,0
DA:216,0
DA:217,0
DA:218,0
DA:220,0
DA:228,0
DA:229,0
DA:231,0
DA:241,0
DA:242,0
DA:243,0
DA:247,0
DA:248,0
DA:254,0
DA:256,0
DA:257,0
DA:258,0
DA:260,0
DA:268,0
DA:269,0
DA:271,0
DA:273,0
DA:274,0
DA:275,0
DA:279,0
DA:287,0
DA:290,0
DA:291,0
DA:293,0
DA:301,0
DA:302,0
DA:304,0
DA:308,0
DA:309,0
DA:310,0
DA:313,0
DA:315,0
DA:316,0
DA:317,0
DA:319,0
DA:327,0
DA:328,0
DA:330,0
DA:337,0
DA:338,0
DA:339,0
DA:342,0
DA:344,0
DA:345,0
DA:346,0
DA:348,0
DA:356,0
DA:357,0
DA:359,0
DA:366,0
DA:367,0
DA:368,0
DA:371,0
DA:373,0
DA:374,0
DA:375,0
DA:377,0
DA:385,0
DA:386,0
DA:388,0
DA:389,0
DA:392,0
DA:398,0
DA:399,0
DA:400,0
DA:401,0
DA:403,0
DA:406,0
DA:414,0
DA:415,0
DA:417,0
DA:418,0
DA:421,0
DA:427,0
DA:428,0
DA:430,0
DA:433,0
DA:441,0
DA:442,0
DA:449,0
DA:450,0
DA:452,0
DA:453,0
DA:454,0
DA:457,0
DA:467,0
DA:468,0
DA:469,0
DA:472,0
DA:473,0
DA:476,0
DA:478,0
DA:479,0
DA:480,0
DA:482,0
DA:490,0
DA:491,0
DA:492,0
DA:494,0
DA:500,0
DA:501,0
DA:502,0
DA:505,0
DA:506,0
DA:509,0
DA:517,0
DA:518,0
DA:520,0
DA:521,0
DA:522,0
DA:525,0
DA:526,0
DA:530,0
DA:533,0
DA:540,0
DA:546,0
DA:547,0
DA:549,0
DA:550,0
DA:554,0
DA:566,0
DA:567,0
DA:573,0
DA:574,0
DA:575,0
DA:576,0
DA:577,0
LF:181
LH:0
BRDA:119,0,0,0
BRDA:119,0,1,0
BRDA:122,1,0,0
BRDA:137,2,0,0
BRDA:137,2,1,0
BRDA:137,2,2,0
BRDA:137,2,3,0
BRDA:137,2,4,0
BRDA:139,3,0,0
BRDA:163,4,0,0
BRDA:187,5,0,0
BRDA:187,5,1,0
BRDA:205,6,0,0
BRDA:210,7,0,0
BRDA:216,8,0,0
BRDA:216,8,1,0
BRDA:236,9,0,0
BRDA:236,9,1,0
BRDA:241,10,0,0
BRDA:247,11,0,0
BRDA:247,12,0,0
BRDA:247,12,1,0
BRDA:256,13,0,0
BRDA:256,13,1,0
BRDA:273,14,0,0
BRDA:291,15,0,0
BRDA:291,15,1,0
BRDA:308,16,0,0
BRDA:315,17,0,0
BRDA:315,17,1,0
BRDA:337,18,0,0
BRDA:344,19,0,0
BRDA:344,19,1,0
BRDA:366,20,0,0
BRDA:373,21,0,0
BRDA:373,21,1,0
BRDA:388,22,0,0
BRDA:398,23,0,0
BRDA:398,23,1,0
BRDA:406,24,0,0
BRDA:406,24,1,0
BRDA:417,25,0,0
BRDA:417,26,0,0
BRDA:417,26,1,0
BRDA:427,27,0,0
BRDA:427,27,1,0
BRDA:433,28,0,0
BRDA:433,28,1,0
BRDA:453,29,0,0
BRDA:467,30,0,0
BRDA:472,31,0,0
BRDA:478,32,0,0
BRDA:478,32,1,0
BRDA:492,33,0,0
BRDA:500,34,0,0
BRDA:505,35,0,0
BRDA:520,36,0,0
BRDA:525,37,0,0
BRDA:547,38,0,0
BRDA:550,39,0,0
BRDA:550,39,1,0
BRDA:555,40,0,0
BRDA:555,40,1,0
BRDA:555,40,2,0
BRDA:555,40,3,0
BRDA:575,41,0,0
BRF:66
BRH:0
end_of_record
